SF:C:\Code\rust-symcrypt\rust-symcrypt\src\block_ciphers.rs
FN:19,_RNvNtCsfRU2vhqajDS_8symcrypt13block_ciphers14convert_cipher
FNDA:24,_RNvNtCsfRU2vhqajDS_8symcrypt13block_ciphers14convert_cipher
FNF:1
FNH:1
DA:19,24
DA:20,24
DA:21,24
DA:22,24
DA:23,24
DA:24,24
BRF:0
BRH:0
LF:6
LH:6
end_of_record
SF:C:\Code\rust-symcrypt\rust-symcrypt\src\chacha.rs
FN:97,_RNvNtCsfRU2vhqajDS_8symcrypt6chacha34chacha20_poly1305_encrypt_in_place
FN:142,_RNvNtCsfRU2vhqajDS_8symcrypt6chacha34chacha20_poly1305_decrypt_in_place
FNDA:3,_RNvNtCsfRU2vhqajDS_8symcrypt6chacha34chacha20_poly1305_encrypt_in_place
FNDA:4,_RNvNtCsfRU2vhqajDS_8symcrypt6chacha34chacha20_poly1305_decrypt_in_place
FNF:2
FNH:2
DA:97,3
DA:98,3
DA:99,3
DA:100,3
DA:101,3
DA:102,3
DA:103,3
DA:104,3
DA:105,3
DA:106,3
DA:107,3
DA:108,3
DA:109,3
DA:110,3
DA:111,3
DA:112,3
DA:113,3
DA:114,3
DA:115,3
DA:116,3
DA:117,3
DA:118,3
DA:119,3
DA:120,0
DA:123,3
DA:142,4
DA:143,4
DA:144,4
DA:145,4
DA:146,4
DA:147,4
DA:148,4
DA:149,4
DA:150,4
DA:151,4
DA:152,4
DA:153,4
DA:154,4
DA:155,4
DA:156,4
DA:157,4
DA:158,4
DA:159,4
DA:160,4
DA:161,4
DA:162,4
DA:163,4
DA:164,4
DA:165,0
DA:168,4
BRF:0
BRH:0
LF:50
LH:48
end_of_record
SF:C:\Code\rust-symcrypt\rust-symcrypt\src\ecdh.rs
FN:125,_RNvMs_NtCsfRU2vhqajDS_8symcrypt4ecdhNtB4_4EcDh20get_public_key_bytes
FN:66,_RNvMs_NtCsfRU2vhqajDS_8symcrypt4ecdhNtB4_4EcDh3new
FN:49,_RNvMNtCsfRU2vhqajDS_8symcrypt4ecdhNtB2_19EcDhSecretAgreement8as_bytes
FN:87,_RNvMs_NtCsfRU2vhqajDS_8symcrypt4ecdhNtB4_4EcDh9get_curve
FN:92,_RNvMs_NtCsfRU2vhqajDS_8symcrypt4ecdhNtB4_4EcDh21from_public_key_bytes
FN:152,_RNvMs_NtCsfRU2vhqajDS_8symcrypt4ecdhNtB4_4EcDh21ecdh_secret_agreement
FNDA:8,_RNvMs_NtCsfRU2vhqajDS_8symcrypt4ecdhNtB4_4EcDh20get_public_key_bytes
FNDA:8,_RNvMs_NtCsfRU2vhqajDS_8symcrypt4ecdhNtB4_4EcDh3new
FNDA:8,_RNvMNtCsfRU2vhqajDS_8symcrypt4ecdhNtB2_19EcDhSecretAgreement8as_bytes
FNDA:12,_RNvMs_NtCsfRU2vhqajDS_8symcrypt4ecdhNtB4_4EcDh9get_curve
FNDA:8,_RNvMs_NtCsfRU2vhqajDS_8symcrypt4ecdhNtB4_4EcDh21from_public_key_bytes
FNDA:8,_RNvMs_NtCsfRU2vhqajDS_8symcrypt4ecdhNtB4_4EcDh21ecdh_secret_agreement
FNF:6
FNH:6
DA:49,8
DA:50,8
DA:51,8
DA:66,8
DA:67,8
DA:70,8
DA:71,8
DA:72,8
DA:73,8
DA:75,8
DA:76,8
DA:77,8
DA:78,8
DA:79,8
DA:81,0
DA:84,8
DA:87,12
DA:88,12
DA:89,12
DA:92,8
DA:93,8
DA:94,8
DA:95,8
DA:96,8
DA:97,8
DA:98,8
DA:102,8
DA:103,8
DA:104,8
DA:105,8
DA:106,8
DA:107,8
DA:108,8
DA:109,8
DA:110,8
DA:111,8
DA:113,8
DA:114,8
DA:115,8
DA:116,8
DA:117,8
DA:119,0
DA:122,8
DA:125,8
DA:126,8
DA:127,8
DA:128,8
DA:129,8
DA:130,8
DA:131,8
DA:132,8
DA:133,8
DA:134,8
DA:135,8
DA:136,8
DA:137,8
DA:138,8
DA:139,8
DA:140,8
DA:141,8
DA:142,8
DA:143,8
DA:144,8
DA:145,8
DA:146,0
DA:149,8
DA:152,8
DA:153,8
DA:154,8
DA:155,8
DA:156,8
DA:157,8
DA:158,8
DA:159,8
DA:160,8
DA:161,8
DA:162,8
DA:163,8
DA:164,8
DA:165,8
DA:166,8
DA:167,8
DA:168,8
DA:169,8
DA:170,8
DA:171,0
DA:174,8
BRF:0
BRH:0
LF:87
LH:83
end_of_record
SF:C:\Code\rust-symcrypt\rust-symcrypt\src\eckey.rs
FN:11,_RNvXs9_NtCsfRU2vhqajDS_8symcrypt5eckeyNtB5_9CurveTypeNtNtCsiBaDUsXeAwp_4core3cmp9PartialEq2eqCs6mofC3vL6R1_15rustls_symcrypt
FN:11,_RNvXsa_NtCsfRU2vhqajDS_8symcrypt5eckeyNtB5_9CurveTypeNtNtCsiBaDUsXeAwp_4core3fmt5Debug3fmtCs6mofC3vL6R1_15rustls_symcrypt
FN:139,_RNvXs5_NtCsfRU2vhqajDS_8symcrypt5eckeyNtB5_7EcCurveNtNtNtCsiBaDUsXeAwp_4core3ops4drop4Drop4drop
FN:81,_RNvXs3_NtCsfRU2vhqajDS_8symcrypt5eckeyNtB5_5EcKeyNtNtNtCsiBaDUsXeAwp_4core3ops4drop4Drop4drop
FN:57,_RNvMNtCsfRU2vhqajDS_8symcrypt5eckeyNtB2_5EcKey5curve
FN:157,_RNvNtCsfRU2vhqajDS_8symcrypt5eckey14get_num_format
FN:32,_RNvMNtCsfRU2vhqajDS_8symcrypt5eckeyNtB2_5EcKey3new
FN:128,_RNvMs4_NtCsfRU2vhqajDS_8symcrypt5eckeyNtB5_7EcCurve8get_size
FN:98,_RNvNtCsfRU2vhqajDS_8symcrypt5eckey12internal_new
FN:148,_RNvNtCsfRU2vhqajDS_8symcrypt5eckey13convert_curve
FN:117,_RNvMs4_NtCsfRU2vhqajDS_8symcrypt5eckeyNtB5_7EcCurve3new
FN:51,_RNvMNtCsfRU2vhqajDS_8symcrypt5eckeyNtB2_5EcKey5inner
FN:170,_RNvNtCsfRU2vhqajDS_8symcrypt5eckey19get_ec_point_format
FN:11,_RNvXs9_NtCsfRU2vhqajDS_8symcrypt5eckeyNtB5_9CurveTypeNtNtCsiBaDUsXeAwp_4core3cmp9PartialEq2eqCsf9N44xVTBkK_15rustls_symcrypt
FN:11,_RNvXsa_NtCsfRU2vhqajDS_8symcrypt5eckeyNtB5_9CurveTypeNtNtCsiBaDUsXeAwp_4core3fmt5Debug3fmtCsf9N44xVTBkK_15rustls_symcrypt
FNDA:12,_RNvXs9_NtCsfRU2vhqajDS_8symcrypt5eckeyNtB5_9CurveTypeNtNtCsiBaDUsXeAwp_4core3cmp9PartialEq2eqCs6mofC3vL6R1_15rustls_symcrypt
FNDA:0,_RNvXsa_NtCsfRU2vhqajDS_8symcrypt5eckeyNtB5_9CurveTypeNtNtCsiBaDUsXeAwp_4core3fmt5Debug3fmtCs6mofC3vL6R1_15rustls_symcrypt
FNDA:0,_RNvXs5_NtCsfRU2vhqajDS_8symcrypt5eckeyNtB5_7EcCurveNtNtNtCsiBaDUsXeAwp_4core3ops4drop4Drop4drop
FNDA:16,_RNvXs3_NtCsfRU2vhqajDS_8symcrypt5eckeyNtB5_5EcKeyNtNtNtCsiBaDUsXeAwp_4core3ops4drop4Drop4drop
FNDA:8,_RNvMNtCsfRU2vhqajDS_8symcrypt5eckeyNtB2_5EcKey5curve
FNDA:24,_RNvNtCsfRU2vhqajDS_8symcrypt5eckey14get_num_format
FNDA:16,_RNvMNtCsfRU2vhqajDS_8symcrypt5eckeyNtB2_5EcKey3new
FNDA:8,_RNvMs4_NtCsfRU2vhqajDS_8symcrypt5eckeyNtB5_7EcCurve8get_size
FNDA:3,_RNvNtCsfRU2vhqajDS_8symcrypt5eckey12internal_new
FNDA:3,_RNvNtCsfRU2vhqajDS_8symcrypt5eckey13convert_curve
FNDA:16,_RNvMs4_NtCsfRU2vhqajDS_8symcrypt5eckeyNtB5_7EcCurve3new
FNDA:48,_RNvMNtCsfRU2vhqajDS_8symcrypt5eckeyNtB2_5EcKey5inner
FNDA:16,_RNvNtCsfRU2vhqajDS_8symcrypt5eckey19get_ec_point_format
FNDA:0,_RNvXs9_NtCsfRU2vhqajDS_8symcrypt5eckeyNtB5_9CurveTypeNtNtCsiBaDUsXeAwp_4core3cmp9PartialEq2eqCsf9N44xVTBkK_15rustls_symcrypt
FNDA:0,_RNvXsa_NtCsfRU2vhqajDS_8symcrypt5eckeyNtB5_9CurveTypeNtNtCsiBaDUsXeAwp_4core3fmt5Debug3fmtCsf9N44xVTBkK_15rustls_symcrypt
FNF:13
FNH:11
DA:11,12
DA:32,16
DA:33,16
DA:34,16
DA:35,16
DA:36,16
DA:37,16
DA:38,16
DA:39,0
DA:40,16
DA:41,16
DA:42,16
DA:43,16
DA:44,16
DA:45,16
DA:47,16
DA:51,48
DA:52,48
DA:53,48
DA:57,8
DA:58,8
DA:59,8
DA:81,16
DA:82,16
DA:83,16
DA:84,16
DA:85,16
DA:86,16
DA:98,3
DA:99,3
DA:100,3
DA:101,3
DA:102,3
DA:103,3
DA:104,3
DA:105,3
DA:106,3
DA:107,3
DA:108,0
DA:109,3
DA:110,3
DA:111,3
DA:113,3
DA:117,16
DA:118,16
DA:119,8
DA:120,4
DA:121,4
DA:124,16
DA:125,16
DA:128,8
DA:129,8
DA:130,8
DA:131,8
DA:132,8
DA:133,8
DA:134,8
DA:139,0
DA:140,0
DA:141,0
DA:142,0
DA:143,0
DA:144,0
DA:148,3
DA:149,3
DA:150,1
DA:151,1
DA:152,1
DA:154,3
DA:157,24
DA:159,24
DA:161,6
DA:164,18
DA:167,6
DA:168,24
DA:170,16
DA:172,16
DA:173,4
DA:175,12
DA:178,16
DA:179,16
BRF:0
BRH:0
LF:82
LH:73
end_of_record
SF:C:\Code\rust-symcrypt\rust-symcrypt\src\errors.rs
FN:9,_RNvXs0_NtCsfRU2vhqajDS_8symcrypt6errorsNtB5_13SymCryptErrorNtNtCsiBaDUsXeAwp_4core3fmt5Debug3fmtCs6mofC3vL6R1_15rustls_symcrypt
FN:85,_RNvXs_NtCsfRU2vhqajDS_8symcrypt6errorsNtB4_13SymCryptErrorNtNtCsiBaDUsXeAwp_4core3fmt7Display3fmt
FN:9,_RNvXs0_NtCsfRU2vhqajDS_8symcrypt6errorsNtB5_13SymCryptErrorNtNtCsiBaDUsXeAwp_4core3fmt5Debug3fmtB7_
FN:37,_RNvXNtCsfRU2vhqajDS_8symcrypt6errorsNtB2_13SymCryptErrorINtNtCsiBaDUsXeAwp_4core7convert4FromlE4from
FN:9,_RNvXs0_NtCsfRU2vhqajDS_8symcrypt6errorsNtB5_13SymCryptErrorNtNtCsiBaDUsXeAwp_4core3fmt5Debug3fmtCsf9N44xVTBkK_15rustls_symcrypt
FNDA:0,_RNvXs0_NtCsfRU2vhqajDS_8symcrypt6errorsNtB5_13SymCryptErrorNtNtCsiBaDUsXeAwp_4core3fmt5Debug3fmtCs6mofC3vL6R1_15rustls_symcrypt
FNDA:0,_RNvXs_NtCsfRU2vhqajDS_8symcrypt6errorsNtB4_13SymCryptErrorNtNtCsiBaDUsXeAwp_4core3fmt7Display3fmt
FNDA:0,_RNvXs0_NtCsfRU2vhqajDS_8symcrypt6errorsNtB5_13SymCryptErrorNtNtCsiBaDUsXeAwp_4core3fmt5Debug3fmtB7_
FNDA:0,_RNvXNtCsfRU2vhqajDS_8symcrypt6errorsNtB2_13SymCryptErrorINtNtCsiBaDUsXeAwp_4core7convert4FromlE4from
FNDA:0,_RNvXs0_NtCsfRU2vhqajDS_8symcrypt6errorsNtB5_13SymCryptErrorNtNtCsiBaDUsXeAwp_4core3fmt5Debug3fmtCsf9N44xVTBkK_15rustls_symcrypt
FNF:3
FNH:0
DA:9,0
DA:37,0
DA:38,0
DA:39,0
DA:40,0
DA:41,0
DA:42,0
DA:43,0
DA:44,0
DA:45,0
DA:47,0
DA:50,0
DA:53,0
DA:55,0
DA:57,0
DA:59,0
DA:60,0
DA:61,0
DA:63,0
DA:66,0
DA:69,0
DA:72,0
DA:74,0
DA:76,0
DA:78,0
DA:80,0
DA:85,0
DA:86,0
DA:87,0
DA:88,0
DA:89,0
DA:90,0
DA:91,0
DA:92,0
DA:93,0
DA:94,0
DA:95,0
DA:96,0
DA:97,0
DA:98,0
DA:99,0
DA:100,0
DA:101,0
DA:102,0
DA:103,0
DA:104,0
DA:105,0
DA:106,0
DA:107,0
DA:108,0
DA:110,0
DA:111,0
BRF:0
BRH:0
LF:52
LH:0
end_of_record
SF:C:\Code\rust-symcrypt\rust-symcrypt\src\gcm.rs
FN:101,_RNvMNtCsfRU2vhqajDS_8symcrypt3gcmNtB2_14GcmExpandedKey16encrypt_in_place
FN:171,_RNvNtCsfRU2vhqajDS_8symcrypt3gcm14gcm_expand_key
FN:129,_RNvMNtCsfRU2vhqajDS_8symcrypt3gcmNtB2_14GcmExpandedKey16decrypt_in_place
FN:157,_RNvMNtCsfRU2vhqajDS_8symcrypt3gcmNtB2_14GcmExpandedKey7key_len
FN:88,_RNvMNtCsfRU2vhqajDS_8symcrypt3gcmNtB2_14GcmExpandedKey3new
FN:202,_RNvNtCsfRU2vhqajDS_8symcrypt3gcm23validate_gcm_parameters
FNDA:21,_RNvMNtCsfRU2vhqajDS_8symcrypt3gcmNtB2_14GcmExpandedKey16encrypt_in_place
FNDA:24,_RNvNtCsfRU2vhqajDS_8symcrypt3gcm14gcm_expand_key
FNDA:22,_RNvMNtCsfRU2vhqajDS_8symcrypt3gcmNtB2_14GcmExpandedKey16decrypt_in_place
FNDA:0,_RNvMNtCsfRU2vhqajDS_8symcrypt3gcmNtB2_14GcmExpandedKey7key_len
FNDA:24,_RNvMNtCsfRU2vhqajDS_8symcrypt3gcmNtB2_14GcmExpandedKey3new
FNDA:0,_RNvNtCsfRU2vhqajDS_8symcrypt3gcm23validate_gcm_parameters
FNF:6
FNH:4
DA:88,24
DA:89,24
DA:90,24
DA:91,24
DA:92,24
DA:93,24
DA:94,24
DA:95,24
DA:96,24
DA:101,21
DA:102,21
DA:103,21
DA:104,21
DA:105,21
DA:106,21
DA:107,21
DA:108,21
DA:109,21
DA:110,21
DA:111,21
DA:112,21
DA:113,21
DA:114,21
DA:115,21
DA:116,21
DA:117,21
DA:118,21
DA:119,21
DA:120,21
DA:121,21
DA:122,21
DA:123,21
DA:129,22
DA:130,22
DA:131,22
DA:132,22
DA:133,22
DA:134,22
DA:135,22
DA:136,22
DA:137,22
DA:138,22
DA:139,22
DA:140,22
DA:141,22
DA:142,22
DA:143,22
DA:144,22
DA:145,22
DA:146,22
DA:147,22
DA:148,22
DA:149,22
DA:150,22
DA:151,0
DA:154,22
DA:157,0
DA:158,0
DA:159,0
DA:171,24
DA:172,24
DA:173,24
DA:174,24
DA:175,24
DA:176,24
DA:177,24
DA:178,24
DA:179,24
DA:180,24
DA:181,24
DA:182,24
DA:183,24
DA:184,24
DA:185,0
DA:188,24
DA:202,0
DA:203,0
DA:204,0
DA:205,0
DA:206,0
DA:207,0
DA:208,0
DA:209,0
DA:210,0
DA:211,0
DA:212,0
DA:213,0
DA:214,0
DA:215,0
DA:216,0
DA:217,0
DA:218,0
DA:219,0
DA:222,0
BRF:0
BRH:0
LF:94
LH:70
end_of_record
SF:C:\Code\rust-symcrypt\rust-symcrypt\src\hash.rs
FN:134,_RNvXs1_NtCsfRU2vhqajDS_8symcrypt4hashNtB5_11Sha256StateNtNtNtCsiBaDUsXeAwp_4core3ops4drop4Drop4drop
FN:218,_RNvXs5_NtCsfRU2vhqajDS_8symcrypt4hashNtB5_11Sha384StateNtNtNtCsiBaDUsXeAwp_4core3ops4drop4Drop4drop
FN:172,_RNvMs2_NtCsfRU2vhqajDS_8symcrypt4hashNtB5_11Sha384State3new
FN:196,_RNvXs3_NtCsfRU2vhqajDS_8symcrypt4hashNtB5_11Sha384StateNtB5_9HashState6result
FN:123,_RNvXs0_NtCsfRU2vhqajDS_8symcrypt4hashNtB5_11Sha256StateNtNtCsiBaDUsXeAwp_4core5clone5Clone5clone
FN:234,_RNvNtCsfRU2vhqajDS_8symcrypt4hash6sha384
FN:101,_RNvXs_NtCsfRU2vhqajDS_8symcrypt4hashNtB4_11Sha256StateNtB4_9HashState6append
FN:207,_RNvXs4_NtCsfRU2vhqajDS_8symcrypt4hashNtB5_11Sha384StateNtNtCsiBaDUsXeAwp_4core5clone5Clone5clone
FN:112,_RNvXs_NtCsfRU2vhqajDS_8symcrypt4hashNtB4_11Sha256StateNtB4_9HashState6result
FN:185,_RNvXs3_NtCsfRU2vhqajDS_8symcrypt4hashNtB5_11Sha384StateNtB5_9HashState6append
FN:88,_RNvMNtCsfRU2vhqajDS_8symcrypt4hashNtB2_11Sha256State3new
FN:150,_RNvNtCsfRU2vhqajDS_8symcrypt4hash6sha256
FNDA:20,_RNvXs1_NtCsfRU2vhqajDS_8symcrypt4hashNtB5_11Sha256StateNtNtNtCsiBaDUsXeAwp_4core3ops4drop4Drop4drop
FNDA:36,_RNvXs5_NtCsfRU2vhqajDS_8symcrypt4hashNtB5_11Sha384StateNtNtNtCsiBaDUsXeAwp_4core3ops4drop4Drop4drop
FNDA:13,_RNvMs2_NtCsfRU2vhqajDS_8symcrypt4hashNtB5_11Sha384State3new
FNDA:31,_RNvXs3_NtCsfRU2vhqajDS_8symcrypt4hashNtB5_11Sha384StateNtB5_9HashState6result
FNDA:13,_RNvXs0_NtCsfRU2vhqajDS_8symcrypt4hashNtB5_11Sha256StateNtNtCsiBaDUsXeAwp_4core5clone5Clone5clone
FNDA:0,_RNvNtCsfRU2vhqajDS_8symcrypt4hash6sha384
FNDA:23,_RNvXs_NtCsfRU2vhqajDS_8symcrypt4hashNtB4_11Sha256StateNtB4_9HashState6append
FNDA:23,_RNvXs4_NtCsfRU2vhqajDS_8symcrypt4hashNtB5_11Sha384StateNtNtCsiBaDUsXeAwp_4core5clone5Clone5clone
FNDA:17,_RNvXs_NtCsfRU2vhqajDS_8symcrypt4hashNtB4_11Sha256StateNtB4_9HashState6result
FNDA:37,_RNvXs3_NtCsfRU2vhqajDS_8symcrypt4hashNtB5_11Sha384StateNtB5_9HashState6append
FNDA:7,_RNvMNtCsfRU2vhqajDS_8symcrypt4hashNtB2_11Sha256State3new
FNDA:0,_RNvNtCsfRU2vhqajDS_8symcrypt4hash6sha256
FNF:12
FNH:10
DA:88,7
DA:89,7
DA:90,7
DA:91,7
DA:92,7
DA:93,7
DA:94,7
DA:95,7
DA:101,23
DA:102,23
DA:103,23
DA:104,23
DA:105,23
DA:106,23
DA:107,23
DA:108,23
DA:109,23
DA:110,23
DA:112,17
DA:113,17
DA:114,17
DA:115,17
DA:116,17
DA:117,17
DA:118,17
DA:119,17
DA:123,13
DA:124,13
DA:125,13
DA:126,13
DA:127,13
DA:128,13
DA:129,13
DA:130,13
DA:134,20
DA:135,20
DA:136,20
DA:137,20
DA:138,20
DA:139,20
DA:140,20
DA:141,20
DA:142,20
DA:150,0
DA:151,0
DA:152,0
DA:153,0
DA:154,0
DA:155,0
DA:156,0
DA:157,0
DA:158,0
DA:159,0
DA:160,0
DA:161,0
DA:172,13
DA:173,13
DA:174,13
DA:175,13
DA:176,13
DA:177,13
DA:178,13
DA:179,13
DA:185,37
DA:186,37
DA:187,37
DA:188,37
DA:189,37
DA:190,37
DA:191,37
DA:192,37
DA:193,37
DA:194,37
DA:196,31
DA:197,31
DA:198,31
DA:199,31
DA:200,31
DA:201,31
DA:202,31
DA:203,31
DA:207,23
DA:208,23
DA:209,23
DA:210,23
DA:211,23
DA:212,23
DA:213,23
DA:214,23
DA:218,36
DA:219,36
DA:220,36
DA:221,36
DA:222,36
DA:223,36
DA:224,36
DA:225,36
DA:226,36
DA:234,0
DA:235,0
DA:236,0
DA:237,0
DA:238,0
DA:239,0
DA:240,0
DA:241,0
DA:242,0
DA:243,0
DA:244,0
DA:245,0
BRF:0
BRH:0
LF:110
LH:86
end_of_record
SF:C:\Code\rust-symcrypt\rust-symcrypt\src\hmac.rs
FN:389,_RNvXsb_NtCsfRU2vhqajDS_8symcrypt4hmacNtB5_15HmacSha384StateNtNtNtCsiBaDUsXeAwp_4core3ops4drop4Drop4drop
FN:213,_RNvXs4_NtCsfRU2vhqajDS_8symcrypt4hmacNtB5_15HmacSha256StateNtNtNtCsiBaDUsXeAwp_4core3ops4drop4Drop4drop
FN:267,_RNvXs5_NtCsfRU2vhqajDS_8symcrypt4hmacNtB5_21HmacSha384ExpandedKeyNtNtNtCsiBaDUsXeAwp_4core3ops4drop4Drop4drop
FN:93,_RNvXNtCsfRU2vhqajDS_8symcrypt4hmacNtB2_21HmacSha256ExpandedKeyNtNtNtCsiBaDUsXeAwp_4core3ops4drop4Drop4drop
FN:344,_RNvXs9_NtCsfRU2vhqajDS_8symcrypt4hmacNtB5_15HmacSha384StateNtB5_9HmacState6append
FN:168,_RNvXs2_NtCsfRU2vhqajDS_8symcrypt4hmacNtB5_15HmacSha256StateNtB5_9HmacState6append
FN:355,_RNvXs9_NtCsfRU2vhqajDS_8symcrypt4hmacNtB5_15HmacSha384StateNtB5_9HmacState6result
FN:179,_RNvXs2_NtCsfRU2vhqajDS_8symcrypt4hmacNtB5_15HmacSha256StateNtB5_9HmacState6result
FN:134,_RNvMs1_NtCsfRU2vhqajDS_8symcrypt4hmacNtB5_15HmacSha256State3new
FN:231,_RNvNtCsfRU2vhqajDS_8symcrypt4hmac11hmac_sha256
FN:310,_RNvMs8_NtCsfRU2vhqajDS_8symcrypt4hmacNtB5_15HmacSha384State3new
FN:407,_RNvNtCsfRU2vhqajDS_8symcrypt4hmac11hmac_sha384
FN:369,_RNvXsa_NtCsfRU2vhqajDS_8symcrypt4hmacNtB5_15HmacSha384StateNtNtCsiBaDUsXeAwp_4core5clone5Clone5clone
FN:193,_RNvXs3_NtCsfRU2vhqajDS_8symcrypt4hmacNtB5_15HmacSha256StateNtNtCsiBaDUsXeAwp_4core5clone5Clone5clone
FNDA:162,_RNvXsb_NtCsfRU2vhqajDS_8symcrypt4hmacNtB5_15HmacSha384StateNtNtNtCsiBaDUsXeAwp_4core3ops4drop4Drop4drop
FNDA:92,_RNvXs4_NtCsfRU2vhqajDS_8symcrypt4hmacNtB5_15HmacSha256StateNtNtNtCsiBaDUsXeAwp_4core3ops4drop4Drop4drop
FNDA:60,_RNvXs5_NtCsfRU2vhqajDS_8symcrypt4hmacNtB5_21HmacSha384ExpandedKeyNtNtNtCsiBaDUsXeAwp_4core3ops4drop4Drop4drop
FNDA:32,_RNvXNtCsfRU2vhqajDS_8symcrypt4hmacNtB2_21HmacSha256ExpandedKeyNtNtNtCsiBaDUsXeAwp_4core3ops4drop4Drop4drop
FNDA:660,_RNvXs9_NtCsfRU2vhqajDS_8symcrypt4hmacNtB5_15HmacSha384StateNtB5_9HmacState6append
FNDA:366,_RNvXs2_NtCsfRU2vhqajDS_8symcrypt4hmacNtB5_15HmacSha256StateNtB5_9HmacState6append
FNDA:102,_RNvXs9_NtCsfRU2vhqajDS_8symcrypt4hmacNtB5_15HmacSha384StateNtB5_9HmacState6result
FNDA:60,_RNvXs2_NtCsfRU2vhqajDS_8symcrypt4hmacNtB5_15HmacSha256StateNtB5_9HmacState6result
FNDA:32,_RNvMs1_NtCsfRU2vhqajDS_8symcrypt4hmacNtB5_15HmacSha256State3new
FNDA:0,_RNvNtCsfRU2vhqajDS_8symcrypt4hmac11hmac_sha256
FNDA:60,_RNvMs8_NtCsfRU2vhqajDS_8symcrypt4hmacNtB5_15HmacSha384State3new
FNDA:0,_RNvNtCsfRU2vhqajDS_8symcrypt4hmac11hmac_sha384
FNDA:102,_RNvXsa_NtCsfRU2vhqajDS_8symcrypt4hmacNtB5_15HmacSha384StateNtNtCsiBaDUsXeAwp_4core5clone5Clone5clone
FNDA:60,_RNvXs3_NtCsfRU2vhqajDS_8symcrypt4hmacNtB5_15HmacSha256StateNtNtCsiBaDUsXeAwp_4core5clone5Clone5clone
FNF:14
FNH:12
DA:93,32
DA:94,32
DA:95,32
DA:96,32
DA:97,32
DA:98,32
DA:99,32
DA:100,32
DA:101,32
DA:134,32
DA:135,32
DA:136,32
DA:137,32
DA:138,32
DA:139,32
DA:140,32
DA:141,32
DA:142,32
DA:143,32
DA:144,32
DA:145,32
DA:147,32
DA:148,32
DA:149,32
DA:150,32
DA:151,32
DA:152,32
DA:153,32
DA:154,32
DA:155,32
DA:156,32
DA:157,32
DA:159,0
DA:162,32
DA:168,366
DA:169,366
DA:170,366
DA:171,366
DA:172,366
DA:173,366
DA:174,366
DA:175,366
DA:176,366
DA:177,366
DA:179,60
DA:180,60
DA:181,60
DA:182,60
DA:183,60
DA:184,60
DA:185,60
DA:186,60
DA:193,60
DA:194,60
DA:195,60
DA:196,60
DA:197,60
DA:198,60
DA:199,60
DA:200,60
DA:201,60
DA:202,60
DA:203,60
DA:204,60
DA:205,60
DA:206,60
DA:207,60
DA:208,60
DA:209,60
DA:213,92
DA:214,92
DA:215,92
DA:216,92
DA:217,92
DA:218,92
DA:219,92
DA:220,92
DA:221,92
DA:231,0
DA:232,0
DA:233,0
DA:234,0
DA:235,0
DA:236,0
DA:237,0
DA:238,0
DA:239,0
DA:240,0
DA:241,0
DA:242,0
DA:243,0
DA:244,0
DA:245,0
DA:246,0
DA:248,0
DA:249,0
DA:250,0
DA:251,0
DA:252,0
DA:253,0
DA:254,0
DA:256,0
DA:259,0
DA:267,60
DA:268,60
DA:269,60
DA:270,60
DA:271,60
DA:272,60
DA:273,60
DA:274,60
DA:275,60
DA:310,60
DA:311,60
DA:312,60
DA:313,60
DA:314,60
DA:315,60
DA:316,60
DA:317,60
DA:318,60
DA:319,60
DA:320,60
DA:321,60
DA:323,60
DA:324,60
DA:325,60
DA:326,60
DA:327,60
DA:328,60
DA:329,60
DA:330,60
DA:331,60
DA:332,60
DA:333,60
DA:335,0
DA:338,60
DA:344,660
DA:345,660
DA:346,660
DA:347,660
DA:348,660
DA:349,660
DA:350,660
DA:351,660
DA:352,660
DA:353,660
DA:355,102
DA:356,102
DA:357,102
DA:358,102
DA:359,102
DA:360,102
DA:361,102
DA:362,102
DA:369,102
DA:370,102
DA:371,102
DA:372,102
DA:373,102
DA:374,102
DA:375,102
DA:376,102
DA:377,102
DA:378,102
DA:379,102
DA:380,102
DA:381,102
DA:382,102
DA:383,102
DA:384,102
DA:385,102
DA:389,162
DA:390,162
DA:391,162
DA:392,162
DA:393,162
DA:394,162
DA:395,162
DA:396,162
DA:397,162
DA:407,0
DA:408,0
DA:409,0
DA:410,0
DA:411,0
DA:412,0
DA:413,0
DA:414,0
DA:415,0
DA:416,0
DA:417,0
DA:418,0
DA:419,0
DA:420,0
DA:421,0
DA:423,0
DA:424,0
DA:425,0
DA:426,0
DA:427,0
DA:428,0
DA:429,0
DA:431,0
DA:434,0
BRF:0
BRH:0
LF:205
LH:154
end_of_record
SF:C:\Code\rust-symcrypt\rust-symcrypt\src\lib.rs
FN:106,_RNvCsfRU2vhqajDS_8symcrypt15symcrypt_random
FN:91,_RNvCsfRU2vhqajDS_8symcrypt13symcrypt_init
FN:96,_RNCNvCsfRU2vhqajDS_8symcrypt13symcrypt_init0B3_
FNDA:24,_RNvCsfRU2vhqajDS_8symcrypt15symcrypt_random
FNDA:3,_RNvCsfRU2vhqajDS_8symcrypt13symcrypt_init
FNDA:1,_RNCNvCsfRU2vhqajDS_8symcrypt13symcrypt_init0B3_
FNF:3
FNH:3
DA:91,3
DA:92,3
DA:93,3
DA:94,3
DA:95,3
DA:96,3
DA:97,1
DA:98,1
DA:99,1
DA:100,1
DA:101,3
DA:102,3
DA:103,3
DA:106,24
DA:107,24
DA:108,24
DA:109,24
DA:110,24
DA:111,24
BRF:0
BRH:0
LF:21
LH:21
end_of_record
SF:C:\Code\rust-symcrypt\symcrypt-sys\src\symcrypt_bindings.rs
FN:235,_RNvXsQ_NtCs9Frfijydzs9_12symcrypt_sys17symcrypt_bindingsNtB5_31__SYMCRYPT_SHA256_CHAINING_STATENtNtCsiBaDUsXeAwp_4core7default7Default7defaultCsfRU2vhqajDS_8symcrypt
FN:889,_RNvXs1n_NtCs9Frfijydzs9_12symcrypt_sys17symcrypt_bindingsNtB6_34__SYMCRYPT_HMAC_SHA384_EXPANDED_KEYNtNtCsiBaDUsXeAwp_4core7default7Default7defaultCsfRU2vhqajDS_8symcrypt
FN:754,_RNvXs1g_NtCs9Frfijydzs9_12symcrypt_sys17symcrypt_bindingsNtB6_34__SYMCRYPT_HMAC_SHA256_EXPANDED_KEYNtNtCsiBaDUsXeAwp_4core7default7Default7defaultCsfRU2vhqajDS_8symcrypt
FN:367,_RNvXsX_NtCs9Frfijydzs9_12symcrypt_sys17symcrypt_bindingsNtB5_31__SYMCRYPT_SHA512_CHAINING_STATENtNtCsiBaDUsXeAwp_4core7default7Default7defaultCsfRU2vhqajDS_8symcrypt
FN:2821,_RNvXsr_NtCs9Frfijydzs9_12symcrypt_sys17symcrypt_bindingsNtB5_34__SYMCRYPT_MODELEMENT__bindgen_ty_1NtNtCsiBaDUsXeAwp_4core7default7Default7default
FN:2586,_RNvXso_NtCs9Frfijydzs9_12symcrypt_sys17symcrypt_bindingsNtB5_45__SYMCRYPT_MODULUS__bindgen_ty_1__bindgen_ty_1NtNtCsiBaDUsXeAwp_4core7default7Default7default
FN:511,_RNvXs14_NtCs9Frfijydzs9_12symcrypt_sys17symcrypt_bindingsNtB6_14__SYMCRYPT_HASHNtNtCsiBaDUsXeAwp_4core7default7Default7defaultB8_
FN:169,_RNvXsH_NtCs9Frfijydzs9_12symcrypt_sys17symcrypt_bindingsNtB5_28__SYMCRYPT_MD5_CHAINING_STATENtNtCsiBaDUsXeAwp_4core3fmt5Debug3fmtB7_
FN:3869,_RNvXs2K_NtCs9Frfijydzs9_12symcrypt_sys17symcrypt_bindingsNtB6_23__SYMCRYPT_ECURVE_PARAMSNtNtCsiBaDUsXeAwp_4core5clone5Clone5cloneB8_
FN:235,_RNvXsQ_NtCs9Frfijydzs9_12symcrypt_sys17symcrypt_bindingsNtB5_31__SYMCRYPT_SHA256_CHAINING_STATENtNtCsiBaDUsXeAwp_4core7default7Default7defaultB7_
FN:3966,_RNvXsE_NtCs9Frfijydzs9_12symcrypt_sys17symcrypt_bindingsNtB5_23__SYMCRYPT_ECURVE_PARAMSNtNtCsiBaDUsXeAwp_4core7default7Default7default
FN:400,_RNvXs10_NtCs9Frfijydzs9_12symcrypt_sys17symcrypt_bindingsNtB6_22__SYMCRYPT_SHA384_STATENtNtCsiBaDUsXeAwp_4core3fmt5Debug3fmtB8_
FN:1081,_RNvXs1z_NtCs9Frfijydzs9_12symcrypt_sys17symcrypt_bindingsNtB6_26__SYMCRYPT_AES_EXPANDED_KEYNtNtCsiBaDUsXeAwp_4core5clone5Clone5cloneB8_
FN:169,_RNvXsK_NtCs9Frfijydzs9_12symcrypt_sys17symcrypt_bindingsNtB5_28__SYMCRYPT_MD5_CHAINING_STATENtNtCsiBaDUsXeAwp_4core5clone5Clone5cloneB7_
FN:202,_RNvXsL_NtCs9Frfijydzs9_12symcrypt_sys17symcrypt_bindingsNtB5_29__SYMCRYPT_SHA1_CHAINING_STATENtNtCsiBaDUsXeAwp_4core3fmt5Debug3fmtB7_
FN:641,_RNvXs18_NtCs9Frfijydzs9_12symcrypt_sys17symcrypt_bindingsNtB6_31__SYMCRYPT_HMAC_MD5_EXPANDED_KEYNtNtCsiBaDUsXeAwp_4core7default7Default7defaultB8_
FN:2538,_RNvXs2k_NtCs9Frfijydzs9_12symcrypt_sys17symcrypt_bindingsNtB6_45__SYMCRYPT_MODULUS__bindgen_ty_1__bindgen_ty_1NtNtCsiBaDUsXeAwp_4core3fmt5Debug3fmtB8_
FN:2595,_RNvXs2q_NtCs9Frfijydzs9_12symcrypt_sys17symcrypt_bindingsNtB6_45__SYMCRYPT_MODULUS__bindgen_ty_1__bindgen_ty_2NtNtCsiBaDUsXeAwp_4core5clone5Clone5cloneB8_
FN:889,_RNvXs1p_NtCs9Frfijydzs9_12symcrypt_sys17symcrypt_bindingsNtB6_34__SYMCRYPT_HMAC_SHA384_EXPANDED_KEYNtNtCsiBaDUsXeAwp_4core5clone5Clone5cloneB8_
FN:949,_RNvXs1q_NtCs9Frfijydzs9_12symcrypt_sys17symcrypt_bindingsNtB6_27__SYMCRYPT_HMAC_SHA384_STATENtNtCsiBaDUsXeAwp_4core3fmt5Debug3fmtB8_
FN:1466,_RNvXs1J_NtCs9Frfijydzs9_12symcrypt_sys17symcrypt_bindingsNtB6_40__SYMCRYPT_GCM_SUPPORTED_BLOCKCIPHER_KEYSNtNtCsiBaDUsXeAwp_4core5clone5Clone5cloneB8_
FN:511,_RNvXs13_NtCs9Frfijydzs9_12symcrypt_sys17symcrypt_bindingsNtB6_14__SYMCRYPT_HASHNtNtCsiBaDUsXeAwp_4core3fmt5Debug3fmtB8_
FN:1887,_RNvXs1V_NtCs9Frfijydzs9_12symcrypt_sys17symcrypt_bindingsNtB6_21__SYMCRYPT_BLOCKCIPHERNtNtCsiBaDUsXeAwp_4core5clone5Clone5cloneB8_
FN:2051,_RNvXs1X_NtCs9Frfijydzs9_12symcrypt_sys17symcrypt_bindingsNtB6_32__SYMCRYPT_TLSPRF1_2_EXPANDED_KEYNtNtCsiBaDUsXeAwp_4core5clone5Clone5cloneB8_
FN:2109,_RNvXs1Z_NtCs9Frfijydzs9_12symcrypt_sys17symcrypt_bindingsNtB6_27__SYMCRYPT_HKDF_EXPANDED_KEYNtNtCsiBaDUsXeAwp_4core5clone5Clone5cloneB8_
FN:2782,_RNvXs2s_NtCs9Frfijydzs9_12symcrypt_sys17symcrypt_bindingsNtB6_20__SYMCRYPT_MODELEMENTNtNtCsiBaDUsXeAwp_4core5clone5Clone5cloneB8_
FN:1023,_RNvXs1u_NtCs9Frfijydzs9_12symcrypt_sys17symcrypt_bindingsNtB6_34__SYMCRYPT_HMAC_SHA512_EXPANDED_KEYNtNtCsiBaDUsXeAwp_4core7default7Default7defaultB8_
FN:3407,_RNvXsy_NtCs9Frfijydzs9_12symcrypt_sys17symcrypt_bindingsNtB5_17__SYMCRYPT_ECPOINTNtNtCsiBaDUsXeAwp_4core7default7Default7default
FN:1567,_RNvXsc_NtCs9Frfijydzs9_12symcrypt_sys17symcrypt_bindingsNtB5_23__SYMCRYPT_GF128_ELEMENTNtNtCsiBaDUsXeAwp_4core7default7Default7default
FN:1707,_RNvXse_NtCs9Frfijydzs9_12symcrypt_sys17symcrypt_bindingsNtB5_26__SYMCRYPT_GCM_EXPANDED_KEYNtNtCsiBaDUsXeAwp_4core7default7Default7default
FN:2964,_RNvXs2z_NtCs9Frfijydzs9_12symcrypt_sys17symcrypt_bindingsNtB6_16__SYMCRYPT_ECURVENtNtCsiBaDUsXeAwp_4core5clone5Clone5cloneB8_
FN:2096,_RNvXsi_NtCs9Frfijydzs9_12symcrypt_sys17symcrypt_bindingsNtB5_32__SYMCRYPT_TLSPRF1_2_EXPANDED_KEYNtNtCsiBaDUsXeAwp_4core7default7Default7default
FN:3028,_RNvXsw_NtCs9Frfijydzs9_12symcrypt_sys17symcrypt_bindingsNtB5_30__SYMCRYPT_ECURVE__bindgen_ty_1NtNtCsiBaDUsXeAwp_4core7default7Default7default
FN:1838,_RNvXsf_NtCs9Frfijydzs9_12symcrypt_sys17symcrypt_bindingsNtB5_19__SYMCRYPT_GCM_STATENtNtCsiBaDUsXeAwp_4core7default7Default7default
FN:2997,_RNvXs2B_NtCs9Frfijydzs9_12symcrypt_sys17symcrypt_bindingsNtB6_30__SYMCRYPT_ECURVE__bindgen_ty_1NtNtCsiBaDUsXeAwp_4core5clone5Clone5cloneB8_
FN:2151,_RNvXsj_NtCs9Frfijydzs9_12symcrypt_sys17symcrypt_bindingsNtB5_27__SYMCRYPT_HKDF_EXPANDED_KEYNtNtCsiBaDUsXeAwp_4core7default7Default7default
FN:3355,_RNvXs2C_NtCs9Frfijydzs9_12symcrypt_sys17symcrypt_bindingsNtB6_17__SYMCRYPT_ECPOINTNtNtCsiBaDUsXeAwp_4core3fmt5Debug3fmtB8_
FN:400,_RNvXs12_NtCs9Frfijydzs9_12symcrypt_sys17symcrypt_bindingsNtB6_22__SYMCRYPT_SHA384_STATENtNtCsiBaDUsXeAwp_4core5clone5Clone5cloneB8_
FN:169,_RNvXsI_NtCs9Frfijydzs9_12symcrypt_sys17symcrypt_bindingsNtB5_28__SYMCRYPT_MD5_CHAINING_STATENtNtCsiBaDUsXeAwp_4core7default7Default7defaultB7_
FN:3511,_RNvXsB_NtCs9Frfijydzs9_12symcrypt_sys17symcrypt_bindingsNtB5_15__SYMCRYPT_ECKEYNtNtCsiBaDUsXeAwp_4core7default7Default7default
FN:367,_RNvXsW_NtCs9Frfijydzs9_12symcrypt_sys17symcrypt_bindingsNtB5_31__SYMCRYPT_SHA512_CHAINING_STATENtNtCsiBaDUsXeAwp_4core3fmt5Debug3fmtB7_
FN:889,_RNvXs1n_NtCs9Frfijydzs9_12symcrypt_sys17symcrypt_bindingsNtB6_34__SYMCRYPT_HMAC_SHA384_EXPANDED_KEYNtNtCsiBaDUsXeAwp_4core7default7Default7defaultB8_
FN:949,_RNvXs1s_NtCs9Frfijydzs9_12symcrypt_sys17symcrypt_bindingsNtB6_27__SYMCRYPT_HMAC_SHA384_STATENtNtCsiBaDUsXeAwp_4core5clone5Clone5cloneB8_
FN:1023,_RNvXs1t_NtCs9Frfijydzs9_12symcrypt_sys17symcrypt_bindingsNtB6_34__SYMCRYPT_HMAC_SHA512_EXPANDED_KEYNtNtCsiBaDUsXeAwp_4core3fmt5Debug3fmtB8_
FN:50,_RNvXsG_NtCs9Frfijydzs9_12symcrypt_sys17symcrypt_bindingsNtB5_7___m128iNtNtCsiBaDUsXeAwp_4core5clone5Clone5cloneB7_
FN:1887,_RNvXs1T_NtCs9Frfijydzs9_12symcrypt_sys17symcrypt_bindingsNtB6_21__SYMCRYPT_BLOCKCIPHERNtNtCsiBaDUsXeAwp_4core7default7Default7defaultB8_
FN:367,_RNvXsZ_NtCs9Frfijydzs9_12symcrypt_sys17symcrypt_bindingsNtB5_31__SYMCRYPT_SHA512_CHAINING_STATENtNtCsiBaDUsXeAwp_4core5clone5Clone5cloneB7_
FN:1023,_RNvXs1w_NtCs9Frfijydzs9_12symcrypt_sys17symcrypt_bindingsNtB6_34__SYMCRYPT_HMAC_SHA512_EXPANDED_KEYNtNtCsiBaDUsXeAwp_4core5clone5Clone5cloneB8_
FN:1503,_RNvXsb_NtCs9Frfijydzs9_12symcrypt_sys17symcrypt_bindingsNtB5_40__SYMCRYPT_GCM_SUPPORTED_BLOCKCIPHER_KEYSNtNtCsiBaDUsXeAwp_4core7default7Default7default
FN:1609,_RNvXsd_NtCs9Frfijydzs9_12symcrypt_sys17symcrypt_bindingsNtB5_28__SYMCRYPT_GHASH_EXPANDED_KEYNtNtCsiBaDUsXeAwp_4core7default7Default7default
FN:2347,_RNvXs2b_NtCs9Frfijydzs9_12symcrypt_sys17symcrypt_bindingsNtB6_31__SYMCRYPT_DIVISOR__bindgen_ty_1NtNtCsiBaDUsXeAwp_4core5clone5Clone5cloneB8_
FN:2352,_RNvXs2d_NtCs9Frfijydzs9_12symcrypt_sys17symcrypt_bindingsNtB6_45__SYMCRYPT_DIVISOR__bindgen_ty_1__bindgen_ty_1NtNtCsiBaDUsXeAwp_4core7default7Default7defaultB8_
FN:354,_RNvXs_NtCs9Frfijydzs9_12symcrypt_sys17symcrypt_bindingsNtB4_22__SYMCRYPT_SHA256_STATENtNtCsiBaDUsXeAwp_4core7default7Default7default
FN:486,_RNvXs0_NtCs9Frfijydzs9_12symcrypt_sys17symcrypt_bindingsNtB5_22__SYMCRYPT_SHA384_STATENtNtCsiBaDUsXeAwp_4core7default7Default7default
FN:2532,_RNvXs2j_NtCs9Frfijydzs9_12symcrypt_sys17symcrypt_bindingsNtB6_31__SYMCRYPT_MODULUS__bindgen_ty_1NtNtCsiBaDUsXeAwp_4core5clone5Clone5cloneB8_
FN:889,_RNvXs1m_NtCs9Frfijydzs9_12symcrypt_sys17symcrypt_bindingsNtB6_34__SYMCRYPT_HMAC_SHA384_EXPANDED_KEYNtNtCsiBaDUsXeAwp_4core3fmt5Debug3fmtB8_
FN:1336,_RNvXs1H_NtCs9Frfijydzs9_12symcrypt_sys17symcrypt_bindingsNtB6_13__SYMCRYPT_MACNtNtCsiBaDUsXeAwp_4core5clone5Clone5cloneB8_
FN:2880,_RNvXs2x_NtCs9Frfijydzs9_12symcrypt_sys17symcrypt_bindingsNtB6_29__SYMCRYPT_ECURVE_INFO_PRECOMPNtNtCsiBaDUsXeAwp_4core5clone5Clone5cloneB8_
FN:157,_RNvXNtCs9Frfijydzs9_12symcrypt_sys17symcrypt_bindingsNtB2_7___m128iNtNtCsiBaDUsXeAwp_4core7default7Default7default
FN:2519,_RNvXs2h_NtCs9Frfijydzs9_12symcrypt_sys17symcrypt_bindingsNtB6_17__SYMCRYPT_MODULUSNtNtCsiBaDUsXeAwp_4core5clone5Clone5cloneB8_
FN:1887,_RNvXs1S_NtCs9Frfijydzs9_12symcrypt_sys17symcrypt_bindingsNtB6_21__SYMCRYPT_BLOCKCIPHERNtNtCsiBaDUsXeAwp_4core3fmt5Debug3fmtB8_
FN:3355,_RNvXs2E_NtCs9Frfijydzs9_12symcrypt_sys17symcrypt_bindingsNtB6_17__SYMCRYPT_ECPOINTNtNtCsiBaDUsXeAwp_4core5clone5Clone5cloneB8_
FN:2855,_RNvXss_NtCs9Frfijydzs9_12symcrypt_sys17symcrypt_bindingsNtB5_20__SYMCRYPT_MODELEMENTNtNtCsiBaDUsXeAwp_4core7default7Default7default
FN:3342,_RNvXsx_NtCs9Frfijydzs9_12symcrypt_sys17symcrypt_bindingsNtB5_16__SYMCRYPT_ECURVENtNtCsiBaDUsXeAwp_4core7default7Default7default
FN:268,_RNvXsT_NtCs9Frfijydzs9_12symcrypt_sys17symcrypt_bindingsNtB5_22__SYMCRYPT_SHA256_STATENtNtCsiBaDUsXeAwp_4core3fmt5Debug3fmtB7_
FN:2944,_RNvXst_NtCs9Frfijydzs9_12symcrypt_sys17symcrypt_bindingsNtB5_29__SYMCRYPT_ECURVE_INFO_PRECOMPNtNtCsiBaDUsXeAwp_4core7default7Default7default
FN:1720,_RNvXs1R_NtCs9Frfijydzs9_12symcrypt_sys17symcrypt_bindingsNtB6_19__SYMCRYPT_GCM_STATENtNtCsiBaDUsXeAwp_4core5clone5Clone5cloneB8_
FN:696,_RNvXs1e_NtCs9Frfijydzs9_12symcrypt_sys17symcrypt_bindingsNtB6_32__SYMCRYPT_HMAC_SHA1_EXPANDED_KEYNtNtCsiBaDUsXeAwp_4core5clone5Clone5cloneB8_
FN:754,_RNvXs1f_NtCs9Frfijydzs9_12symcrypt_sys17symcrypt_bindingsNtB6_34__SYMCRYPT_HMAC_SHA256_EXPANDED_KEYNtNtCsiBaDUsXeAwp_4core3fmt5Debug3fmtB8_
FN:367,_RNvXsX_NtCs9Frfijydzs9_12symcrypt_sys17symcrypt_bindingsNtB5_31__SYMCRYPT_SHA512_CHAINING_STATENtNtCsiBaDUsXeAwp_4core7default7Default7defaultB7_
FN:2352,_RNvXs2f_NtCs9Frfijydzs9_12symcrypt_sys17symcrypt_bindingsNtB6_45__SYMCRYPT_DIVISOR__bindgen_ty_1__bindgen_ty_1NtNtCsiBaDUsXeAwp_4core5clone5Clone5cloneB8_
FN:1156,_RNvXs1C_NtCs9Frfijydzs9_12symcrypt_sys17symcrypt_bindingsNtB6_31__SYMCRYPT_AES_CMAC_EXPANDED_KEYNtNtCsiBaDUsXeAwp_4core5clone5Clone5cloneB8_
FN:754,_RNvXs1i_NtCs9Frfijydzs9_12symcrypt_sys17symcrypt_bindingsNtB6_34__SYMCRYPT_HMAC_SHA256_EXPANDED_KEYNtNtCsiBaDUsXeAwp_4core5clone5Clone5cloneB8_
FN:814,_RNvXs1j_NtCs9Frfijydzs9_12symcrypt_sys17symcrypt_bindingsNtB6_27__SYMCRYPT_HMAC_SHA256_STATENtNtCsiBaDUsXeAwp_4core3fmt5Debug3fmtB8_
FN:1231,_RNvXs1E_NtCs9Frfijydzs9_12symcrypt_sys17symcrypt_bindingsNtB6_26__SYMCRYPT_MAC_EXPANDED_KEYNtNtCsiBaDUsXeAwp_4core5clone5Clone5cloneB8_
FN:1336,_RNvXs1F_NtCs9Frfijydzs9_12symcrypt_sys17symcrypt_bindingsNtB6_13__SYMCRYPT_MACNtNtCsiBaDUsXeAwp_4core3fmt5Debug3fmtB8_
FN:2189,_RNvXs24_NtCs9Frfijydzs9_12symcrypt_sys17symcrypt_bindingsNtB6_41__SYMCRYPT_INT__bindgen_ty_1__bindgen_ty_1NtNtCsiBaDUsXeAwp_4core3fmt5Debug3fmtB8_
FN:2880,_RNvXs2v_NtCs9Frfijydzs9_12symcrypt_sys17symcrypt_bindingsNtB6_29__SYMCRYPT_ECURVE_INFO_PRECOMPNtNtCsiBaDUsXeAwp_4core3fmt5Debug3fmtB8_
FN:1454,_RNvXsa_NtCs9Frfijydzs9_12symcrypt_sys17symcrypt_bindingsNtB5_13__SYMCRYPT_MACNtNtCsiBaDUsXeAwp_4core7default7Default7default
FN:3417,_RNvXs2H_NtCs9Frfijydzs9_12symcrypt_sys17symcrypt_bindingsNtB6_15__SYMCRYPT_ECKEYNtNtCsiBaDUsXeAwp_4core5clone5Clone5cloneB8_
FN:867,_RNvXs1_NtCs9Frfijydzs9_12symcrypt_sys17symcrypt_bindingsNtB5_27__SYMCRYPT_HMAC_SHA256_STATENtNtCsiBaDUsXeAwp_4core7default7Default7default
FN:1145,_RNvXs7_NtCs9Frfijydzs9_12symcrypt_sys17symcrypt_bindingsNtB5_26__SYMCRYPT_AES_EXPANDED_KEYNtNtCsiBaDUsXeAwp_4core7default7Default7default
FN:1317,_RNvXs9_NtCs9Frfijydzs9_12symcrypt_sys17symcrypt_bindingsNtB5_26__SYMCRYPT_MAC_EXPANDED_KEYNtNtCsiBaDUsXeAwp_4core7default7Default7default
FN:2189,_RNvXs27_NtCs9Frfijydzs9_12symcrypt_sys17symcrypt_bindingsNtB6_41__SYMCRYPT_INT__bindgen_ty_1__bindgen_ty_1NtNtCsiBaDUsXeAwp_4core5clone5Clone5cloneB8_
FN:2336,_RNvXs29_NtCs9Frfijydzs9_12symcrypt_sys17symcrypt_bindingsNtB6_17__SYMCRYPT_DIVISORNtNtCsiBaDUsXeAwp_4core5clone5Clone5cloneB8_
FN:268,_RNvXsV_NtCs9Frfijydzs9_12symcrypt_sys17symcrypt_bindingsNtB5_22__SYMCRYPT_SHA256_STATENtNtCsiBaDUsXeAwp_4core5clone5Clone5cloneB7_
FN:2252,_RNvXsk_NtCs9Frfijydzs9_12symcrypt_sys17symcrypt_bindingsNtB5_27__SYMCRYPT_INT__bindgen_ty_1NtNtCsiBaDUsXeAwp_4core7default7Default7default
FN:2509,_RNvXsn_NtCs9Frfijydzs9_12symcrypt_sys17symcrypt_bindingsNtB5_17__SYMCRYPT_DIVISORNtNtCsiBaDUsXeAwp_4core7default7Default7default
FN:2772,_RNvXsq_NtCs9Frfijydzs9_12symcrypt_sys17symcrypt_bindingsNtB5_17__SYMCRYPT_MODULUSNtNtCsiBaDUsXeAwp_4core7default7Default7default
FN:2787,_RNvXs2u_NtCs9Frfijydzs9_12symcrypt_sys17symcrypt_bindingsNtB6_34__SYMCRYPT_MODELEMENT__bindgen_ty_1NtNtCsiBaDUsXeAwp_4core5clone5Clone5cloneB8_
FN:202,_RNvXsO_NtCs9Frfijydzs9_12symcrypt_sys17symcrypt_bindingsNtB5_29__SYMCRYPT_SHA1_CHAINING_STATENtNtCsiBaDUsXeAwp_4core5clone5Clone5cloneB7_
FN:235,_RNvXsP_NtCs9Frfijydzs9_12symcrypt_sys17symcrypt_bindingsNtB5_31__SYMCRYPT_SHA256_CHAINING_STATENtNtCsiBaDUsXeAwp_4core3fmt5Debug3fmtB7_
FN:696,_RNvXs1c_NtCs9Frfijydzs9_12symcrypt_sys17symcrypt_bindingsNtB6_32__SYMCRYPT_HMAC_SHA1_EXPANDED_KEYNtNtCsiBaDUsXeAwp_4core7default7Default7defaultB8_
FN:3869,_RNvXs2I_NtCs9Frfijydzs9_12symcrypt_sys17symcrypt_bindingsNtB6_23__SYMCRYPT_ECURVE_PARAMSNtNtCsiBaDUsXeAwp_4core3fmt5Debug3fmtB8_
FN:511,_RNvXs16_NtCs9Frfijydzs9_12symcrypt_sys17symcrypt_bindingsNtB6_14__SYMCRYPT_HASHNtNtCsiBaDUsXeAwp_4core5clone5Clone5cloneB8_
FN:641,_RNvXs17_NtCs9Frfijydzs9_12symcrypt_sys17symcrypt_bindingsNtB6_31__SYMCRYPT_HMAC_MD5_EXPANDED_KEYNtNtCsiBaDUsXeAwp_4core3fmt5Debug3fmtB8_
FN:1156,_RNvXs1A_NtCs9Frfijydzs9_12symcrypt_sys17symcrypt_bindingsNtB6_31__SYMCRYPT_AES_CMAC_EXPANDED_KEYNtNtCsiBaDUsXeAwp_4core3fmt5Debug3fmtB8_
FN:235,_RNvXsS_NtCs9Frfijydzs9_12symcrypt_sys17symcrypt_bindingsNtB5_31__SYMCRYPT_SHA256_CHAINING_STATENtNtCsiBaDUsXeAwp_4core5clone5Clone5cloneB7_
FN:754,_RNvXs1g_NtCs9Frfijydzs9_12symcrypt_sys17symcrypt_bindingsNtB6_34__SYMCRYPT_HMAC_SHA256_EXPANDED_KEYNtNtCsiBaDUsXeAwp_4core7default7Default7defaultB8_
FN:814,_RNvXs1l_NtCs9Frfijydzs9_12symcrypt_sys17symcrypt_bindingsNtB6_27__SYMCRYPT_HMAC_SHA256_STATENtNtCsiBaDUsXeAwp_4core5clone5Clone5cloneB8_
FN:1002,_RNvXs4_NtCs9Frfijydzs9_12symcrypt_sys17symcrypt_bindingsNtB5_27__SYMCRYPT_HMAC_SHA384_STATENtNtCsiBaDUsXeAwp_4core7default7Default7default
FN:1620,_RNvXs1P_NtCs9Frfijydzs9_12symcrypt_sys17symcrypt_bindingsNtB6_26__SYMCRYPT_GCM_EXPANDED_KEYNtNtCsiBaDUsXeAwp_4core5clone5Clone5cloneB8_
FN:1081,_RNvXs1x_NtCs9Frfijydzs9_12symcrypt_sys17symcrypt_bindingsNtB6_26__SYMCRYPT_AES_EXPANDED_KEYNtNtCsiBaDUsXeAwp_4core3fmt5Debug3fmtB8_
FN:641,_RNvXs1a_NtCs9Frfijydzs9_12symcrypt_sys17symcrypt_bindingsNtB6_31__SYMCRYPT_HMAC_MD5_EXPANDED_KEYNtNtCsiBaDUsXeAwp_4core5clone5Clone5cloneB8_
FN:696,_RNvXs1b_NtCs9Frfijydzs9_12symcrypt_sys17symcrypt_bindingsNtB6_32__SYMCRYPT_HMAC_SHA1_EXPANDED_KEYNtNtCsiBaDUsXeAwp_4core3fmt5Debug3fmtB8_
FN:2538,_RNvXs2m_NtCs9Frfijydzs9_12symcrypt_sys17symcrypt_bindingsNtB6_45__SYMCRYPT_MODULUS__bindgen_ty_1__bindgen_ty_1NtNtCsiBaDUsXeAwp_4core5clone5Clone5cloneB8_
FN:2415,_RNvXsm_NtCs9Frfijydzs9_12symcrypt_sys17symcrypt_bindingsNtB5_31__SYMCRYPT_DIVISOR__bindgen_ty_1NtNtCsiBaDUsXeAwp_4core7default7Default7default
FN:2668,_RNvXsp_NtCs9Frfijydzs9_12symcrypt_sys17symcrypt_bindingsNtB5_31__SYMCRYPT_MODULUS__bindgen_ty_1NtNtCsiBaDUsXeAwp_4core7default7Default7default
FN:2173,_RNvXs21_NtCs9Frfijydzs9_12symcrypt_sys17symcrypt_bindingsNtB6_13__SYMCRYPT_INTNtNtCsiBaDUsXeAwp_4core5clone5Clone5cloneB8_
FN:1514,_RNvXs1L_NtCs9Frfijydzs9_12symcrypt_sys17symcrypt_bindingsNtB6_23__SYMCRYPT_GF128_ELEMENTNtNtCsiBaDUsXeAwp_4core5clone5Clone5cloneB8_
FN:1220,_RNvXs8_NtCs9Frfijydzs9_12symcrypt_sys17symcrypt_bindingsNtB5_31__SYMCRYPT_AES_CMAC_EXPANDED_KEYNtNtCsiBaDUsXeAwp_4core7default7Default7default
FN:1578,_RNvXs1N_NtCs9Frfijydzs9_12symcrypt_sys17symcrypt_bindingsNtB6_28__SYMCRYPT_GHASH_EXPANDED_KEYNtNtCsiBaDUsXeAwp_4core5clone5Clone5cloneB8_
FN:2189,_RNvXs25_NtCs9Frfijydzs9_12symcrypt_sys17symcrypt_bindingsNtB6_41__SYMCRYPT_INT__bindgen_ty_1__bindgen_ty_1NtNtCsiBaDUsXeAwp_4core7default7Default7defaultB8_
FN:2595,_RNvXs2o_NtCs9Frfijydzs9_12symcrypt_sys17symcrypt_bindingsNtB6_45__SYMCRYPT_MODULUS__bindgen_ty_1__bindgen_ty_2NtNtCsiBaDUsXeAwp_4core7default7Default7defaultB8_
FN:2352,_RNvXs2c_NtCs9Frfijydzs9_12symcrypt_sys17symcrypt_bindingsNtB6_45__SYMCRYPT_DIVISOR__bindgen_ty_1__bindgen_ty_1NtNtCsiBaDUsXeAwp_4core3fmt5Debug3fmtB8_
FN:3417,_RNvXs2F_NtCs9Frfijydzs9_12symcrypt_sys17symcrypt_bindingsNtB6_15__SYMCRYPT_ECKEYNtNtCsiBaDUsXeAwp_4core3fmt5Debug3fmtB8_
FN:2184,_RNvXs23_NtCs9Frfijydzs9_12symcrypt_sys17symcrypt_bindingsNtB6_27__SYMCRYPT_INT__bindgen_ty_1NtNtCsiBaDUsXeAwp_4core5clone5Clone5cloneB8_
FN:202,_RNvXsM_NtCs9Frfijydzs9_12symcrypt_sys17symcrypt_bindingsNtB5_29__SYMCRYPT_SHA1_CHAINING_STATENtNtCsiBaDUsXeAwp_4core7default7Default7defaultB7_
FN:2595,_RNvXs2n_NtCs9Frfijydzs9_12symcrypt_sys17symcrypt_bindingsNtB6_45__SYMCRYPT_MODULUS__bindgen_ty_1__bindgen_ty_2NtNtCsiBaDUsXeAwp_4core3fmt5Debug3fmtB8_
FN:2326,_RNvXsl_NtCs9Frfijydzs9_12symcrypt_sys17symcrypt_bindingsNtB5_13__SYMCRYPT_INTNtNtCsiBaDUsXeAwp_4core7default7Default7default
FNDA:64,_RNvXsQ_NtCs9Frfijydzs9_12symcrypt_sys17symcrypt_bindingsNtB5_31__SYMCRYPT_SHA256_CHAINING_STATENtNtCsiBaDUsXeAwp_4core7default7Default7defaultCsfRU2vhqajDS_8symcrypt
FNDA:60,_RNvXs1n_NtCs9Frfijydzs9_12symcrypt_sys17symcrypt_bindingsNtB6_34__SYMCRYPT_HMAC_SHA384_EXPANDED_KEYNtNtCsiBaDUsXeAwp_4core7default7Default7defaultCsfRU2vhqajDS_8symcrypt
FNDA:32,_RNvXs1g_NtCs9Frfijydzs9_12symcrypt_sys17symcrypt_bindingsNtB6_34__SYMCRYPT_HMAC_SHA256_EXPANDED_KEYNtNtCsiBaDUsXeAwp_4core7default7Default7defaultCsfRU2vhqajDS_8symcrypt
FNDA:120,_RNvXsX_NtCs9Frfijydzs9_12symcrypt_sys17symcrypt_bindingsNtB5_31__SYMCRYPT_SHA512_CHAINING_STATENtNtCsiBaDUsXeAwp_4core7default7Default7defaultCsfRU2vhqajDS_8symcrypt
FNDA:0,_RNvXsr_NtCs9Frfijydzs9_12symcrypt_sys17symcrypt_bindingsNtB5_34__SYMCRYPT_MODELEMENT__bindgen_ty_1NtNtCsiBaDUsXeAwp_4core7default7Default7default
FNDA:0,_RNvXso_NtCs9Frfijydzs9_12symcrypt_sys17symcrypt_bindingsNtB5_45__SYMCRYPT_MODULUS__bindgen_ty_1__bindgen_ty_1NtNtCsiBaDUsXeAwp_4core7default7Default7default
FNDA:0,_RNvXs14_NtCs9Frfijydzs9_12symcrypt_sys17symcrypt_bindingsNtB6_14__SYMCRYPT_HASHNtNtCsiBaDUsXeAwp_4core7default7Default7defaultB8_
FNDA:0,_RNvXsH_NtCs9Frfijydzs9_12symcrypt_sys17symcrypt_bindingsNtB5_28__SYMCRYPT_MD5_CHAINING_STATENtNtCsiBaDUsXeAwp_4core3fmt5Debug3fmtB7_
FNDA:0,_RNvXs2K_NtCs9Frfijydzs9_12symcrypt_sys17symcrypt_bindingsNtB6_23__SYMCRYPT_ECURVE_PARAMSNtNtCsiBaDUsXeAwp_4core5clone5Clone5cloneB8_
FNDA:0,_RNvXsQ_NtCs9Frfijydzs9_12symcrypt_sys17symcrypt_bindingsNtB5_31__SYMCRYPT_SHA256_CHAINING_STATENtNtCsiBaDUsXeAwp_4core7default7Default7defaultB7_
FNDA:0,_RNvXsE_NtCs9Frfijydzs9_12symcrypt_sys17symcrypt_bindingsNtB5_23__SYMCRYPT_ECURVE_PARAMSNtNtCsiBaDUsXeAwp_4core7default7Default7default
FNDA:0,_RNvXs10_NtCs9Frfijydzs9_12symcrypt_sys17symcrypt_bindingsNtB6_22__SYMCRYPT_SHA384_STATENtNtCsiBaDUsXeAwp_4core3fmt5Debug3fmtB8_
FNDA:0,_RNvXs1z_NtCs9Frfijydzs9_12symcrypt_sys17symcrypt_bindingsNtB6_26__SYMCRYPT_AES_EXPANDED_KEYNtNtCsiBaDUsXeAwp_4core5clone5Clone5cloneB8_
FNDA:0,_RNvXsK_NtCs9Frfijydzs9_12symcrypt_sys17symcrypt_bindingsNtB5_28__SYMCRYPT_MD5_CHAINING_STATENtNtCsiBaDUsXeAwp_4core5clone5Clone5cloneB7_
FNDA:0,_RNvXsL_NtCs9Frfijydzs9_12symcrypt_sys17symcrypt_bindingsNtB5_29__SYMCRYPT_SHA1_CHAINING_STATENtNtCsiBaDUsXeAwp_4core3fmt5Debug3fmtB7_
FNDA:0,_RNvXs18_NtCs9Frfijydzs9_12symcrypt_sys17symcrypt_bindingsNtB6_31__SYMCRYPT_HMAC_MD5_EXPANDED_KEYNtNtCsiBaDUsXeAwp_4core7default7Default7defaultB8_
FNDA:0,_RNvXs2k_NtCs9Frfijydzs9_12symcrypt_sys17symcrypt_bindingsNtB6_45__SYMCRYPT_MODULUS__bindgen_ty_1__bindgen_ty_1NtNtCsiBaDUsXeAwp_4core3fmt5Debug3fmtB8_
FNDA:0,_RNvXs2q_NtCs9Frfijydzs9_12symcrypt_sys17symcrypt_bindingsNtB6_45__SYMCRYPT_MODULUS__bindgen_ty_1__bindgen_ty_2NtNtCsiBaDUsXeAwp_4core5clone5Clone5cloneB8_
FNDA:0,_RNvXs1p_NtCs9Frfijydzs9_12symcrypt_sys17symcrypt_bindingsNtB6_34__SYMCRYPT_HMAC_SHA384_EXPANDED_KEYNtNtCsiBaDUsXeAwp_4core5clone5Clone5cloneB8_
FNDA:0,_RNvXs1q_NtCs9Frfijydzs9_12symcrypt_sys17symcrypt_bindingsNtB6_27__SYMCRYPT_HMAC_SHA384_STATENtNtCsiBaDUsXeAwp_4core3fmt5Debug3fmtB8_
FNDA:0,_RNvXs1J_NtCs9Frfijydzs9_12symcrypt_sys17symcrypt_bindingsNtB6_40__SYMCRYPT_GCM_SUPPORTED_BLOCKCIPHER_KEYSNtNtCsiBaDUsXeAwp_4core5clone5Clone5cloneB8_
FNDA:0,_RNvXs13_NtCs9Frfijydzs9_12symcrypt_sys17symcrypt_bindingsNtB6_14__SYMCRYPT_HASHNtNtCsiBaDUsXeAwp_4core3fmt5Debug3fmtB8_
FNDA:0,_RNvXs1V_NtCs9Frfijydzs9_12symcrypt_sys17symcrypt_bindingsNtB6_21__SYMCRYPT_BLOCKCIPHERNtNtCsiBaDUsXeAwp_4core5clone5Clone5cloneB8_
FNDA:0,_RNvXs1X_NtCs9Frfijydzs9_12symcrypt_sys17symcrypt_bindingsNtB6_32__SYMCRYPT_TLSPRF1_2_EXPANDED_KEYNtNtCsiBaDUsXeAwp_4core5clone5Clone5cloneB8_
FNDA:0,_RNvXs1Z_NtCs9Frfijydzs9_12symcrypt_sys17symcrypt_bindingsNtB6_27__SYMCRYPT_HKDF_EXPANDED_KEYNtNtCsiBaDUsXeAwp_4core5clone5Clone5cloneB8_
FNDA:0,_RNvXs2s_NtCs9Frfijydzs9_12symcrypt_sys17symcrypt_bindingsNtB6_20__SYMCRYPT_MODELEMENTNtNtCsiBaDUsXeAwp_4core5clone5Clone5cloneB8_
FNDA:0,_RNvXs1u_NtCs9Frfijydzs9_12symcrypt_sys17symcrypt_bindingsNtB6_34__SYMCRYPT_HMAC_SHA512_EXPANDED_KEYNtNtCsiBaDUsXeAwp_4core7default7Default7defaultB8_
FNDA:0,_RNvXsy_NtCs9Frfijydzs9_12symcrypt_sys17symcrypt_bindingsNtB5_17__SYMCRYPT_ECPOINTNtNtCsiBaDUsXeAwp_4core7default7Default7default
FNDA:0,_RNvXsc_NtCs9Frfijydzs9_12symcrypt_sys17symcrypt_bindingsNtB5_23__SYMCRYPT_GF128_ELEMENTNtNtCsiBaDUsXeAwp_4core7default7Default7default
FNDA:24,_RNvXse_NtCs9Frfijydzs9_12symcrypt_sys17symcrypt_bindingsNtB5_26__SYMCRYPT_GCM_EXPANDED_KEYNtNtCsiBaDUsXeAwp_4core7default7Default7default
FNDA:0,_RNvXs2z_NtCs9Frfijydzs9_12symcrypt_sys17symcrypt_bindingsNtB6_16__SYMCRYPT_ECURVENtNtCsiBaDUsXeAwp_4core5clone5Clone5cloneB8_
FNDA:0,_RNvXsi_NtCs9Frfijydzs9_12symcrypt_sys17symcrypt_bindingsNtB5_32__SYMCRYPT_TLSPRF1_2_EXPANDED_KEYNtNtCsiBaDUsXeAwp_4core7default7Default7default
FNDA:0,_RNvXsw_NtCs9Frfijydzs9_12symcrypt_sys17symcrypt_bindingsNtB5_30__SYMCRYPT_ECURVE__bindgen_ty_1NtNtCsiBaDUsXeAwp_4core7default7Default7default
FNDA:0,_RNvXsf_NtCs9Frfijydzs9_12symcrypt_sys17symcrypt_bindingsNtB5_19__SYMCRYPT_GCM_STATENtNtCsiBaDUsXeAwp_4core7default7Default7default
FNDA:0,_RNvXs2B_NtCs9Frfijydzs9_12symcrypt_sys17symcrypt_bindingsNtB6_30__SYMCRYPT_ECURVE__bindgen_ty_1NtNtCsiBaDUsXeAwp_4core5clone5Clone5cloneB8_
FNDA:0,_RNvXsj_NtCs9Frfijydzs9_12symcrypt_sys17symcrypt_bindingsNtB5_27__SYMCRYPT_HKDF_EXPANDED_KEYNtNtCsiBaDUsXeAwp_4core7default7Default7default
FNDA:0,_RNvXs2C_NtCs9Frfijydzs9_12symcrypt_sys17symcrypt_bindingsNtB6_17__SYMCRYPT_ECPOINTNtNtCsiBaDUsXeAwp_4core3fmt5Debug3fmtB8_
FNDA:0,_RNvXs12_NtCs9Frfijydzs9_12symcrypt_sys17symcrypt_bindingsNtB6_22__SYMCRYPT_SHA384_STATENtNtCsiBaDUsXeAwp_4core5clone5Clone5cloneB8_
FNDA:0,_RNvXsI_NtCs9Frfijydzs9_12symcrypt_sys17symcrypt_bindingsNtB5_28__SYMCRYPT_MD5_CHAINING_STATENtNtCsiBaDUsXeAwp_4core7default7Default7defaultB7_
FNDA:0,_RNvXsB_NtCs9Frfijydzs9_12symcrypt_sys17symcrypt_bindingsNtB5_15__SYMCRYPT_ECKEYNtNtCsiBaDUsXeAwp_4core7default7Default7default
FNDA:0,_RNvXsW_NtCs9Frfijydzs9_12symcrypt_sys17symcrypt_bindingsNtB5_31__SYMCRYPT_SHA512_CHAINING_STATENtNtCsiBaDUsXeAwp_4core3fmt5Debug3fmtB7_
FNDA:0,_RNvXs1n_NtCs9Frfijydzs9_12symcrypt_sys17symcrypt_bindingsNtB6_34__SYMCRYPT_HMAC_SHA384_EXPANDED_KEYNtNtCsiBaDUsXeAwp_4core7default7Default7defaultB8_
FNDA:0,_RNvXs1s_NtCs9Frfijydzs9_12symcrypt_sys17symcrypt_bindingsNtB6_27__SYMCRYPT_HMAC_SHA384_STATENtNtCsiBaDUsXeAwp_4core5clone5Clone5cloneB8_
FNDA:0,_RNvXs1t_NtCs9Frfijydzs9_12symcrypt_sys17symcrypt_bindingsNtB6_34__SYMCRYPT_HMAC_SHA512_EXPANDED_KEYNtNtCsiBaDUsXeAwp_4core3fmt5Debug3fmtB8_
FNDA:0,_RNvXsG_NtCs9Frfijydzs9_12symcrypt_sys17symcrypt_bindingsNtB5_7___m128iNtNtCsiBaDUsXeAwp_4core5clone5Clone5cloneB7_
FNDA:0,_RNvXs1T_NtCs9Frfijydzs9_12symcrypt_sys17symcrypt_bindingsNtB6_21__SYMCRYPT_BLOCKCIPHERNtNtCsiBaDUsXeAwp_4core7default7Default7defaultB8_
FNDA:0,_RNvXsZ_NtCs9Frfijydzs9_12symcrypt_sys17symcrypt_bindingsNtB5_31__SYMCRYPT_SHA512_CHAINING_STATENtNtCsiBaDUsXeAwp_4core5clone5Clone5cloneB7_
FNDA:0,_RNvXs1w_NtCs9Frfijydzs9_12symcrypt_sys17symcrypt_bindingsNtB6_34__SYMCRYPT_HMAC_SHA512_EXPANDED_KEYNtNtCsiBaDUsXeAwp_4core5clone5Clone5cloneB8_
FNDA:0,_RNvXsb_NtCs9Frfijydzs9_12symcrypt_sys17symcrypt_bindingsNtB5_40__SYMCRYPT_GCM_SUPPORTED_BLOCKCIPHER_KEYSNtNtCsiBaDUsXeAwp_4core7default7Default7default
FNDA:0,_RNvXsd_NtCs9Frfijydzs9_12symcrypt_sys17symcrypt_bindingsNtB5_28__SYMCRYPT_GHASH_EXPANDED_KEYNtNtCsiBaDUsXeAwp_4core7default7Default7default
FNDA:0,_RNvXs2b_NtCs9Frfijydzs9_12symcrypt_sys17symcrypt_bindingsNtB6_31__SYMCRYPT_DIVISOR__bindgen_ty_1NtNtCsiBaDUsXeAwp_4core5clone5Clone5cloneB8_
FNDA:0,_RNvXs2d_NtCs9Frfijydzs9_12symcrypt_sys17symcrypt_bindingsNtB6_45__SYMCRYPT_DIVISOR__bindgen_ty_1__bindgen_ty_1NtNtCsiBaDUsXeAwp_4core7default7Default7defaultB8_
FNDA:20,_RNvXs_NtCs9Frfijydzs9_12symcrypt_sys17symcrypt_bindingsNtB4_22__SYMCRYPT_SHA256_STATENtNtCsiBaDUsXeAwp_4core7default7Default7default
FNDA:36,_RNvXs0_NtCs9Frfijydzs9_12symcrypt_sys17symcrypt_bindingsNtB5_22__SYMCRYPT_SHA384_STATENtNtCsiBaDUsXeAwp_4core7default7Default7default
FNDA:0,_RNvXs2j_NtCs9Frfijydzs9_12symcrypt_sys17symcrypt_bindingsNtB6_31__SYMCRYPT_MODULUS__bindgen_ty_1NtNtCsiBaDUsXeAwp_4core5clone5Clone5cloneB8_
FNDA:0,_RNvXs1m_NtCs9Frfijydzs9_12symcrypt_sys17symcrypt_bindingsNtB6_34__SYMCRYPT_HMAC_SHA384_EXPANDED_KEYNtNtCsiBaDUsXeAwp_4core3fmt5Debug3fmtB8_
FNDA:0,_RNvXs1H_NtCs9Frfijydzs9_12symcrypt_sys17symcrypt_bindingsNtB6_13__SYMCRYPT_MACNtNtCsiBaDUsXeAwp_4core5clone5Clone5cloneB8_
FNDA:0,_RNvXs2x_NtCs9Frfijydzs9_12symcrypt_sys17symcrypt_bindingsNtB6_29__SYMCRYPT_ECURVE_INFO_PRECOMPNtNtCsiBaDUsXeAwp_4core5clone5Clone5cloneB8_
FNDA:0,_RNvXNtCs9Frfijydzs9_12symcrypt_sys17symcrypt_bindingsNtB2_7___m128iNtNtCsiBaDUsXeAwp_4core7default7Default7default
FNDA:0,_RNvXs2h_NtCs9Frfijydzs9_12symcrypt_sys17symcrypt_bindingsNtB6_17__SYMCRYPT_MODULUSNtNtCsiBaDUsXeAwp_4core5clone5Clone5cloneB8_
FNDA:0,_RNvXs1S_NtCs9Frfijydzs9_12symcrypt_sys17symcrypt_bindingsNtB6_21__SYMCRYPT_BLOCKCIPHERNtNtCsiBaDUsXeAwp_4core3fmt5Debug3fmtB8_
FNDA:0,_RNvXs2E_NtCs9Frfijydzs9_12symcrypt_sys17symcrypt_bindingsNtB6_17__SYMCRYPT_ECPOINTNtNtCsiBaDUsXeAwp_4core5clone5Clone5cloneB8_
FNDA:0,_RNvXss_NtCs9Frfijydzs9_12symcrypt_sys17symcrypt_bindingsNtB5_20__SYMCRYPT_MODELEMENTNtNtCsiBaDUsXeAwp_4core7default7Default7default
FNDA:0,_RNvXsx_NtCs9Frfijydzs9_12symcrypt_sys17symcrypt_bindingsNtB5_16__SYMCRYPT_ECURVENtNtCsiBaDUsXeAwp_4core7default7Default7default
FNDA:0,_RNvXsT_NtCs9Frfijydzs9_12symcrypt_sys17symcrypt_bindingsNtB5_22__SYMCRYPT_SHA256_STATENtNtCsiBaDUsXeAwp_4core3fmt5Debug3fmtB7_
FNDA:0,_RNvXst_NtCs9Frfijydzs9_12symcrypt_sys17symcrypt_bindingsNtB5_29__SYMCRYPT_ECURVE_INFO_PRECOMPNtNtCsiBaDUsXeAwp_4core7default7Default7default
FNDA:0,_RNvXs1R_NtCs9Frfijydzs9_12symcrypt_sys17symcrypt_bindingsNtB6_19__SYMCRYPT_GCM_STATENtNtCsiBaDUsXeAwp_4core5clone5Clone5cloneB8_
FNDA:0,_RNvXs1e_NtCs9Frfijydzs9_12symcrypt_sys17symcrypt_bindingsNtB6_32__SYMCRYPT_HMAC_SHA1_EXPANDED_KEYNtNtCsiBaDUsXeAwp_4core5clone5Clone5cloneB8_
FNDA:0,_RNvXs1f_NtCs9Frfijydzs9_12symcrypt_sys17symcrypt_bindingsNtB6_34__SYMCRYPT_HMAC_SHA256_EXPANDED_KEYNtNtCsiBaDUsXeAwp_4core3fmt5Debug3fmtB8_
FNDA:0,_RNvXsX_NtCs9Frfijydzs9_12symcrypt_sys17symcrypt_bindingsNtB5_31__SYMCRYPT_SHA512_CHAINING_STATENtNtCsiBaDUsXeAwp_4core7default7Default7defaultB7_
FNDA:0,_RNvXs2f_NtCs9Frfijydzs9_12symcrypt_sys17symcrypt_bindingsNtB6_45__SYMCRYPT_DIVISOR__bindgen_ty_1__bindgen_ty_1NtNtCsiBaDUsXeAwp_4core5clone5Clone5cloneB8_
FNDA:0,_RNvXs1C_NtCs9Frfijydzs9_12symcrypt_sys17symcrypt_bindingsNtB6_31__SYMCRYPT_AES_CMAC_EXPANDED_KEYNtNtCsiBaDUsXeAwp_4core5clone5Clone5cloneB8_
FNDA:0,_RNvXs1i_NtCs9Frfijydzs9_12symcrypt_sys17symcrypt_bindingsNtB6_34__SYMCRYPT_HMAC_SHA256_EXPANDED_KEYNtNtCsiBaDUsXeAwp_4core5clone5Clone5cloneB8_
FNDA:0,_RNvXs1j_NtCs9Frfijydzs9_12symcrypt_sys17symcrypt_bindingsNtB6_27__SYMCRYPT_HMAC_SHA256_STATENtNtCsiBaDUsXeAwp_4core3fmt5Debug3fmtB8_
FNDA:0,_RNvXs1E_NtCs9Frfijydzs9_12symcrypt_sys17symcrypt_bindingsNtB6_26__SYMCRYPT_MAC_EXPANDED_KEYNtNtCsiBaDUsXeAwp_4core5clone5Clone5cloneB8_
FNDA:0,_RNvXs1F_NtCs9Frfijydzs9_12symcrypt_sys17symcrypt_bindingsNtB6_13__SYMCRYPT_MACNtNtCsiBaDUsXeAwp_4core3fmt5Debug3fmtB8_
FNDA:0,_RNvXs24_NtCs9Frfijydzs9_12symcrypt_sys17symcrypt_bindingsNtB6_41__SYMCRYPT_INT__bindgen_ty_1__bindgen_ty_1NtNtCsiBaDUsXeAwp_4core3fmt5Debug3fmtB8_
FNDA:0,_RNvXs2v_NtCs9Frfijydzs9_12symcrypt_sys17symcrypt_bindingsNtB6_29__SYMCRYPT_ECURVE_INFO_PRECOMPNtNtCsiBaDUsXeAwp_4core3fmt5Debug3fmtB8_
FNDA:0,_RNvXsa_NtCs9Frfijydzs9_12symcrypt_sys17symcrypt_bindingsNtB5_13__SYMCRYPT_MACNtNtCsiBaDUsXeAwp_4core7default7Default7default
FNDA:0,_RNvXs2H_NtCs9Frfijydzs9_12symcrypt_sys17symcrypt_bindingsNtB6_15__SYMCRYPT_ECKEYNtNtCsiBaDUsXeAwp_4core5clone5Clone5cloneB8_
FNDA:92,_RNvXs1_NtCs9Frfijydzs9_12symcrypt_sys17symcrypt_bindingsNtB5_27__SYMCRYPT_HMAC_SHA256_STATENtNtCsiBaDUsXeAwp_4core7default7Default7default
FNDA:0,_RNvXs7_NtCs9Frfijydzs9_12symcrypt_sys17symcrypt_bindingsNtB5_26__SYMCRYPT_AES_EXPANDED_KEYNtNtCsiBaDUsXeAwp_4core7default7Default7default
FNDA:0,_RNvXs9_NtCs9Frfijydzs9_12symcrypt_sys17symcrypt_bindingsNtB5_26__SYMCRYPT_MAC_EXPANDED_KEYNtNtCsiBaDUsXeAwp_4core7default7Default7default
FNDA:0,_RNvXs27_NtCs9Frfijydzs9_12symcrypt_sys17symcrypt_bindingsNtB6_41__SYMCRYPT_INT__bindgen_ty_1__bindgen_ty_1NtNtCsiBaDUsXeAwp_4core5clone5Clone5cloneB8_
FNDA:0,_RNvXs29_NtCs9Frfijydzs9_12symcrypt_sys17symcrypt_bindingsNtB6_17__SYMCRYPT_DIVISORNtNtCsiBaDUsXeAwp_4core5clone5Clone5cloneB8_
FNDA:0,_RNvXsV_NtCs9Frfijydzs9_12symcrypt_sys17symcrypt_bindingsNtB5_22__SYMCRYPT_SHA256_STATENtNtCsiBaDUsXeAwp_4core5clone5Clone5cloneB7_
FNDA:0,_RNvXsk_NtCs9Frfijydzs9_12symcrypt_sys17symcrypt_bindingsNtB5_27__SYMCRYPT_INT__bindgen_ty_1NtNtCsiBaDUsXeAwp_4core7default7Default7default
FNDA:0,_RNvXsn_NtCs9Frfijydzs9_12symcrypt_sys17symcrypt_bindingsNtB5_17__SYMCRYPT_DIVISORNtNtCsiBaDUsXeAwp_4core7default7Default7default
FNDA:0,_RNvXsq_NtCs9Frfijydzs9_12symcrypt_sys17symcrypt_bindingsNtB5_17__SYMCRYPT_MODULUSNtNtCsiBaDUsXeAwp_4core7default7Default7default
FNDA:0,_RNvXs2u_NtCs9Frfijydzs9_12symcrypt_sys17symcrypt_bindingsNtB6_34__SYMCRYPT_MODELEMENT__bindgen_ty_1NtNtCsiBaDUsXeAwp_4core5clone5Clone5cloneB8_
FNDA:0,_RNvXsO_NtCs9Frfijydzs9_12symcrypt_sys17symcrypt_bindingsNtB5_29__SYMCRYPT_SHA1_CHAINING_STATENtNtCsiBaDUsXeAwp_4core5clone5Clone5cloneB7_
FNDA:0,_RNvXsP_NtCs9Frfijydzs9_12symcrypt_sys17symcrypt_bindingsNtB5_31__SYMCRYPT_SHA256_CHAINING_STATENtNtCsiBaDUsXeAwp_4core3fmt5Debug3fmtB7_
FNDA:0,_RNvXs1c_NtCs9Frfijydzs9_12symcrypt_sys17symcrypt_bindingsNtB6_32__SYMCRYPT_HMAC_SHA1_EXPANDED_KEYNtNtCsiBaDUsXeAwp_4core7default7Default7defaultB8_
FNDA:0,_RNvXs2I_NtCs9Frfijydzs9_12symcrypt_sys17symcrypt_bindingsNtB6_23__SYMCRYPT_ECURVE_PARAMSNtNtCsiBaDUsXeAwp_4core3fmt5Debug3fmtB8_
FNDA:0,_RNvXs16_NtCs9Frfijydzs9_12symcrypt_sys17symcrypt_bindingsNtB6_14__SYMCRYPT_HASHNtNtCsiBaDUsXeAwp_4core5clone5Clone5cloneB8_
FNDA:0,_RNvXs17_NtCs9Frfijydzs9_12symcrypt_sys17symcrypt_bindingsNtB6_31__SYMCRYPT_HMAC_MD5_EXPANDED_KEYNtNtCsiBaDUsXeAwp_4core3fmt5Debug3fmtB8_
FNDA:0,_RNvXs1A_NtCs9Frfijydzs9_12symcrypt_sys17symcrypt_bindingsNtB6_31__SYMCRYPT_AES_CMAC_EXPANDED_KEYNtNtCsiBaDUsXeAwp_4core3fmt5Debug3fmtB8_
FNDA:0,_RNvXsS_NtCs9Frfijydzs9_12symcrypt_sys17symcrypt_bindingsNtB5_31__SYMCRYPT_SHA256_CHAINING_STATENtNtCsiBaDUsXeAwp_4core5clone5Clone5cloneB7_
FNDA:0,_RNvXs1g_NtCs9Frfijydzs9_12symcrypt_sys17symcrypt_bindingsNtB6_34__SYMCRYPT_HMAC_SHA256_EXPANDED_KEYNtNtCsiBaDUsXeAwp_4core7default7Default7defaultB8_
FNDA:0,_RNvXs1l_NtCs9Frfijydzs9_12symcrypt_sys17symcrypt_bindingsNtB6_27__SYMCRYPT_HMAC_SHA256_STATENtNtCsiBaDUsXeAwp_4core5clone5Clone5cloneB8_
FNDA:162,_RNvXs4_NtCs9Frfijydzs9_12symcrypt_sys17symcrypt_bindingsNtB5_27__SYMCRYPT_HMAC_SHA384_STATENtNtCsiBaDUsXeAwp_4core7default7Default7default
FNDA:0,_RNvXs1P_NtCs9Frfijydzs9_12symcrypt_sys17symcrypt_bindingsNtB6_26__SYMCRYPT_GCM_EXPANDED_KEYNtNtCsiBaDUsXeAwp_4core5clone5Clone5cloneB8_
FNDA:0,_RNvXs1x_NtCs9Frfijydzs9_12symcrypt_sys17symcrypt_bindingsNtB6_26__SYMCRYPT_AES_EXPANDED_KEYNtNtCsiBaDUsXeAwp_4core3fmt5Debug3fmtB8_
FNDA:0,_RNvXs1a_NtCs9Frfijydzs9_12symcrypt_sys17symcrypt_bindingsNtB6_31__SYMCRYPT_HMAC_MD5_EXPANDED_KEYNtNtCsiBaDUsXeAwp_4core5clone5Clone5cloneB8_
FNDA:0,_RNvXs1b_NtCs9Frfijydzs9_12symcrypt_sys17symcrypt_bindingsNtB6_32__SYMCRYPT_HMAC_SHA1_EXPANDED_KEYNtNtCsiBaDUsXeAwp_4core3fmt5Debug3fmtB8_
FNDA:0,_RNvXs2m_NtCs9Frfijydzs9_12symcrypt_sys17symcrypt_bindingsNtB6_45__SYMCRYPT_MODULUS__bindgen_ty_1__bindgen_ty_1NtNtCsiBaDUsXeAwp_4core5clone5Clone5cloneB8_
FNDA:0,_RNvXsm_NtCs9Frfijydzs9_12symcrypt_sys17symcrypt_bindingsNtB5_31__SYMCRYPT_DIVISOR__bindgen_ty_1NtNtCsiBaDUsXeAwp_4core7default7Default7default
FNDA:0,_RNvXsp_NtCs9Frfijydzs9_12symcrypt_sys17symcrypt_bindingsNtB5_31__SYMCRYPT_MODULUS__bindgen_ty_1NtNtCsiBaDUsXeAwp_4core7default7Default7default
FNDA:0,_RNvXs21_NtCs9Frfijydzs9_12symcrypt_sys17symcrypt_bindingsNtB6_13__SYMCRYPT_INTNtNtCsiBaDUsXeAwp_4core5clone5Clone5cloneB8_
FNDA:0,_RNvXs1L_NtCs9Frfijydzs9_12symcrypt_sys17symcrypt_bindingsNtB6_23__SYMCRYPT_GF128_ELEMENTNtNtCsiBaDUsXeAwp_4core5clone5Clone5cloneB8_
FNDA:0,_RNvXs8_NtCs9Frfijydzs9_12symcrypt_sys17symcrypt_bindingsNtB5_31__SYMCRYPT_AES_CMAC_EXPANDED_KEYNtNtCsiBaDUsXeAwp_4core7default7Default7default
FNDA:0,_RNvXs1N_NtCs9Frfijydzs9_12symcrypt_sys17symcrypt_bindingsNtB6_28__SYMCRYPT_GHASH_EXPANDED_KEYNtNtCsiBaDUsXeAwp_4core5clone5Clone5cloneB8_
FNDA:0,_RNvXs25_NtCs9Frfijydzs9_12symcrypt_sys17symcrypt_bindingsNtB6_41__SYMCRYPT_INT__bindgen_ty_1__bindgen_ty_1NtNtCsiBaDUsXeAwp_4core7default7Default7defaultB8_
FNDA:0,_RNvXs2o_NtCs9Frfijydzs9_12symcrypt_sys17symcrypt_bindingsNtB6_45__SYMCRYPT_MODULUS__bindgen_ty_1__bindgen_ty_2NtNtCsiBaDUsXeAwp_4core7default7Default7defaultB8_
FNDA:0,_RNvXs2c_NtCs9Frfijydzs9_12symcrypt_sys17symcrypt_bindingsNtB6_45__SYMCRYPT_DIVISOR__bindgen_ty_1__bindgen_ty_1NtNtCsiBaDUsXeAwp_4core3fmt5Debug3fmtB8_
FNDA:0,_RNvXs2F_NtCs9Frfijydzs9_12symcrypt_sys17symcrypt_bindingsNtB6_15__SYMCRYPT_ECKEYNtNtCsiBaDUsXeAwp_4core3fmt5Debug3fmtB8_
FNDA:0,_RNvXs23_NtCs9Frfijydzs9_12symcrypt_sys17symcrypt_bindingsNtB6_27__SYMCRYPT_INT__bindgen_ty_1NtNtCsiBaDUsXeAwp_4core5clone5Clone5cloneB8_
FNDA:0,_RNvXsM_NtCs9Frfijydzs9_12symcrypt_sys17symcrypt_bindingsNtB5_29__SYMCRYPT_SHA1_CHAINING_STATENtNtCsiBaDUsXeAwp_4core7default7Default7defaultB7_
FNDA:0,_RNvXs2n_NtCs9Frfijydzs9_12symcrypt_sys17symcrypt_bindingsNtB6_45__SYMCRYPT_MODULUS__bindgen_ty_1__bindgen_ty_2NtNtCsiBaDUsXeAwp_4core3fmt5Debug3fmtB8_
FNDA:0,_RNvXsl_NtCs9Frfijydzs9_12symcrypt_sys17symcrypt_bindingsNtB5_13__SYMCRYPT_INTNtNtCsiBaDUsXeAwp_4core7default7Default7default
FNF:116
FNH:9
DA:50,0
DA:157,0
DA:158,0
DA:159,0
DA:160,0
DA:161,0
DA:162,0
DA:163,0
DA:169,0
DA:202,0
DA:235,64
DA:268,0
DA:354,20
DA:355,20
DA:356,20
DA:357,20
DA:358,20
DA:359,20
DA:360,20
DA:367,120
DA:400,0
DA:486,36
DA:487,36
DA:488,36
DA:489,36
DA:490,36
DA:491,36
DA:492,36
DA:511,0
DA:641,0
DA:696,0
DA:754,32
DA:814,0
DA:867,92
DA:868,92
DA:869,92
DA:870,92
DA:871,92
DA:872,92
DA:873,92
DA:889,60
DA:949,0
DA:1002,162
DA:1003,162
DA:1004,162
DA:1005,162
DA:1006,162
DA:1007,162
DA:1008,162
DA:1023,0
DA:1081,0
DA:1145,0
DA:1146,0
DA:1147,0
DA:1148,0
DA:1149,0
DA:1150,0
DA:1151,0
DA:1156,0
DA:1220,0
DA:1221,0
DA:1222,0
DA:1223,0
DA:1224,0
DA:1225,0
DA:1226,0
DA:1231,0
DA:1317,0
DA:1318,0
DA:1319,0
DA:1320,0
DA:1321,0
DA:1322,0
DA:1323,0
DA:1336,0
DA:1454,0
DA:1455,0
DA:1456,0
DA:1457,0
DA:1458,0
DA:1459,0
DA:1460,0
DA:1466,0
DA:1503,0
DA:1504,0
DA:1505,0
DA:1506,0
DA:1507,0
DA:1508,0
DA:1509,0
DA:1514,0
DA:1567,0
DA:1568,0
DA:1569,0
DA:1570,0
DA:1571,0
DA:1572,0
DA:1573,0
DA:1578,0
DA:1609,0
DA:1610,0
DA:1611,0
DA:1612,0
DA:1613,0
DA:1614,0
DA:1615,0
DA:1620,0
DA:1707,24
DA:1708,24
DA:1709,24
DA:1710,24
DA:1711,24
DA:1712,24
DA:1713,24
DA:1720,0
DA:1838,0
DA:1839,0
DA:1840,0
DA:1841,0
DA:1842,0
DA:1843,0
DA:1844,0
DA:1887,0
DA:2051,0
DA:2096,0
DA:2097,0
DA:2098,0
DA:2099,0
DA:2100,0
DA:2101,0
DA:2102,0
DA:2109,0
DA:2151,0
DA:2152,0
DA:2153,0
DA:2154,0
DA:2155,0
DA:2156,0
DA:2157,0
DA:2173,0
DA:2184,0
DA:2189,0
DA:2252,0
DA:2253,0
DA:2254,0
DA:2255,0
DA:2256,0
DA:2257,0
DA:2258,0
DA:2326,0
DA:2327,0
DA:2328,0
DA:2329,0
DA:2330,0
DA:2331,0
DA:2332,0
DA:2336,0
DA:2347,0
DA:2352,0
DA:2415,0
DA:2416,0
DA:2417,0
DA:2418,0
DA:2419,0
DA:2420,0
DA:2421,0
DA:2509,0
DA:2510,0
DA:2511,0
DA:2512,0
DA:2513,0
DA:2514,0
DA:2515,0
DA:2519,0
DA:2532,0
DA:2538,0
DA:2586,0
DA:2587,0
DA:2588,0
DA:2589,0
DA:2590,0
DA:2591,0
DA:2592,0
DA:2595,0
DA:2668,0
DA:2669,0
DA:2670,0
DA:2671,0
DA:2672,0
DA:2673,0
DA:2674,0
DA:2772,0
DA:2773,0
DA:2774,0
DA:2775,0
DA:2776,0
DA:2777,0
DA:2778,0
DA:2782,0
DA:2787,0
DA:2821,0
DA:2822,0
DA:2823,0
DA:2824,0
DA:2825,0
DA:2826,0
DA:2827,0
DA:2855,0
DA:2856,0
DA:2857,0
DA:2858,0
DA:2859,0
DA:2860,0
DA:2861,0
DA:2880,0
DA:2944,0
DA:2945,0
DA:2946,0
DA:2947,0
DA:2948,0
DA:2949,0
DA:2950,0
DA:2964,0
DA:2997,0
DA:3028,0
DA:3029,0
DA:3030,0
DA:3031,0
DA:3032,0
DA:3033,0
DA:3034,0
DA:3342,0
DA:3343,0
DA:3344,0
DA:3345,0
DA:3346,0
DA:3347,0
DA:3348,0
DA:3355,0
DA:3407,0
DA:3408,0
DA:3409,0
DA:3410,0
DA:3411,0
DA:3412,0
DA:3413,0
DA:3417,0
DA:3511,0
DA:3512,0
DA:3513,0
DA:3514,0
DA:3515,0
DA:3516,0
DA:3517,0
DA:3869,0
DA:3966,0
DA:3967,0
DA:3968,0
DA:3969,0
DA:3970,0
DA:3971,0
DA:3972,0
BRF:0
BRH:0
LF:302
LH:39
end_of_record
SF:C:\Code\rustls-symcrypt\rustls-symcrypt\src\cipher_suites.rs
FN:23,_RNvMNtCs6mofC3vL6R1_15rustls_symcrypt13cipher_suitesNtB2_6AesGcm8key_size
FN:23,_RNvMNtCsf9N44xVTBkK_15rustls_symcrypt13cipher_suitesNtB2_6AesGcm8key_size
FNDA:24,_RNvMNtCs6mofC3vL6R1_15rustls_symcrypt13cipher_suitesNtB2_6AesGcm8key_size
FNDA:0,_RNvMNtCsf9N44xVTBkK_15rustls_symcrypt13cipher_suitesNtB2_6AesGcm8key_size
FNF:1
FNH:1
DA:23,24
DA:24,24
DA:25,6
DA:26,18
DA:28,24
BRF:0
BRH:0
LF:5
LH:5
end_of_record
SF:C:\Code\rustls-symcrypt\rustls-symcrypt\src\ecdh.rs
FN:13,_RNvXs0_NtCs6mofC3vL6R1_15rustls_symcrypt4ecdhNtB5_7KxGroupNtNtCsiBaDUsXeAwp_4core3fmt5Debug3fmtCs714cOAo38G2_9full_test
FN:155,_RNvXs_NtCs6mofC3vL6R1_15rustls_symcrypt4ecdhNtB4_11KeyExchangeNtNtCs4HQkUkzrxaA_6rustls6crypto17ActiveKeyExchange5group
FN:106,_RNvXs_NtCs6mofC3vL6R1_15rustls_symcrypt4ecdhNtB4_11KeyExchangeNtNtCs4HQkUkzrxaA_6rustls6crypto17ActiveKeyExchange8complete
FN:62,_RNvXNtCs6mofC3vL6R1_15rustls_symcrypt4ecdhNtB2_7KxGroupNtNtCs4HQkUkzrxaA_6rustls6crypto16SupportedKxGroup5start
FN:151,_RNvXs_NtCs6mofC3vL6R1_15rustls_symcrypt4ecdhNtB4_11KeyExchangeNtNtCs4HQkUkzrxaA_6rustls6crypto17ActiveKeyExchange7pub_key
FN:13,_RNvXs0_NtCs6mofC3vL6R1_15rustls_symcrypt4ecdhNtB5_7KxGroupNtNtCsiBaDUsXeAwp_4core3fmt5Debug3fmtB7_
FN:91,_RNvXNtCs6mofC3vL6R1_15rustls_symcrypt4ecdhNtB2_7KxGroupNtNtCs4HQkUkzrxaA_6rustls6crypto16SupportedKxGroup4name
FN:66,_RNCNvXNtCs6mofC3vL6R1_15rustls_symcrypt4ecdhNtB4_7KxGroupNtNtCs4HQkUkzrxaA_6rustls6crypto16SupportedKxGroup5starts_0B6_
FN:63,_RNCNvXNtCs6mofC3vL6R1_15rustls_symcrypt4ecdhNtB4_7KxGroupNtNtCs4HQkUkzrxaA_6rustls6crypto16SupportedKxGroup5start0B6_
FN:66,_RNCNvXNtCsf9N44xVTBkK_15rustls_symcrypt4ecdhNtB4_7KxGroupNtNtCs4HQkUkzrxaA_6rustls6crypto16SupportedKxGroup5starts_0B6_
FN:63,_RNCNvXNtCsf9N44xVTBkK_15rustls_symcrypt4ecdhNtB4_7KxGroupNtNtCs4HQkUkzrxaA_6rustls6crypto16SupportedKxGroup5start0B6_
FN:155,_RNvXs_NtCsf9N44xVTBkK_15rustls_symcrypt4ecdhNtB4_11KeyExchangeNtNtCs4HQkUkzrxaA_6rustls6crypto17ActiveKeyExchange5group
FN:13,_RNvXs0_NtCsf9N44xVTBkK_15rustls_symcrypt4ecdhNtB5_7KxGroupNtNtCsiBaDUsXeAwp_4core3fmt5Debug3fmtB7_
FN:106,_RNvXs_NtCsf9N44xVTBkK_15rustls_symcrypt4ecdhNtB4_11KeyExchangeNtNtCs4HQkUkzrxaA_6rustls6crypto17ActiveKeyExchange8complete
FN:62,_RNvXNtCsf9N44xVTBkK_15rustls_symcrypt4ecdhNtB2_7KxGroupNtNtCs4HQkUkzrxaA_6rustls6crypto16SupportedKxGroup5start
FN:151,_RNvXs_NtCsf9N44xVTBkK_15rustls_symcrypt4ecdhNtB4_11KeyExchangeNtNtCs4HQkUkzrxaA_6rustls6crypto17ActiveKeyExchange7pub_key
FN:91,_RNvXNtCsf9N44xVTBkK_15rustls_symcrypt4ecdhNtB2_7KxGroupNtNtCs4HQkUkzrxaA_6rustls6crypto16SupportedKxGroup4name
FNDA:0,_RNvXs0_NtCs6mofC3vL6R1_15rustls_symcrypt4ecdhNtB5_7KxGroupNtNtCsiBaDUsXeAwp_4core3fmt5Debug3fmtCs714cOAo38G2_9full_test
FNDA:14,_RNvXs_NtCs6mofC3vL6R1_15rustls_symcrypt4ecdhNtB4_11KeyExchangeNtNtCs4HQkUkzrxaA_6rustls6crypto17ActiveKeyExchange5group
FNDA:8,_RNvXs_NtCs6mofC3vL6R1_15rustls_symcrypt4ecdhNtB4_11KeyExchangeNtNtCs4HQkUkzrxaA_6rustls6crypto17ActiveKeyExchange8complete
FNDA:8,_RNvXNtCs6mofC3vL6R1_15rustls_symcrypt4ecdhNtB2_7KxGroupNtNtCs4HQkUkzrxaA_6rustls6crypto16SupportedKxGroup5start
FNDA:8,_RNvXs_NtCs6mofC3vL6R1_15rustls_symcrypt4ecdhNtB4_11KeyExchangeNtNtCs4HQkUkzrxaA_6rustls6crypto17ActiveKeyExchange7pub_key
FNDA:0,_RNvXs0_NtCs6mofC3vL6R1_15rustls_symcrypt4ecdhNtB5_7KxGroupNtNtCsiBaDUsXeAwp_4core3fmt5Debug3fmtB7_
FNDA:30,_RNvXNtCs6mofC3vL6R1_15rustls_symcrypt4ecdhNtB2_7KxGroupNtNtCs4HQkUkzrxaA_6rustls6crypto16SupportedKxGroup4name
FNDA:0,_RNCNvXNtCs6mofC3vL6R1_15rustls_symcrypt4ecdhNtB4_7KxGroupNtNtCs4HQkUkzrxaA_6rustls6crypto16SupportedKxGroup5starts_0B6_
FNDA:0,_RNCNvXNtCs6mofC3vL6R1_15rustls_symcrypt4ecdhNtB4_7KxGroupNtNtCs4HQkUkzrxaA_6rustls6crypto16SupportedKxGroup5start0B6_
FNDA:0,_RNCNvXNtCsf9N44xVTBkK_15rustls_symcrypt4ecdhNtB4_7KxGroupNtNtCs4HQkUkzrxaA_6rustls6crypto16SupportedKxGroup5starts_0B6_
FNDA:0,_RNCNvXNtCsf9N44xVTBkK_15rustls_symcrypt4ecdhNtB4_7KxGroupNtNtCs4HQkUkzrxaA_6rustls6crypto16SupportedKxGroup5start0B6_
FNDA:0,_RNvXs_NtCsf9N44xVTBkK_15rustls_symcrypt4ecdhNtB4_11KeyExchangeNtNtCs4HQkUkzrxaA_6rustls6crypto17ActiveKeyExchange5group
FNDA:0,_RNvXs0_NtCsf9N44xVTBkK_15rustls_symcrypt4ecdhNtB5_7KxGroupNtNtCsiBaDUsXeAwp_4core3fmt5Debug3fmtB7_
FNDA:0,_RNvXs_NtCsf9N44xVTBkK_15rustls_symcrypt4ecdhNtB4_11KeyExchangeNtNtCs4HQkUkzrxaA_6rustls6crypto17ActiveKeyExchange8complete
FNDA:0,_RNvXNtCsf9N44xVTBkK_15rustls_symcrypt4ecdhNtB2_7KxGroupNtNtCs4HQkUkzrxaA_6rustls6crypto16SupportedKxGroup5start
FNDA:0,_RNvXs_NtCsf9N44xVTBkK_15rustls_symcrypt4ecdhNtB4_11KeyExchangeNtNtCs4HQkUkzrxaA_6rustls6crypto17ActiveKeyExchange7pub_key
FNDA:0,_RNvXNtCsf9N44xVTBkK_15rustls_symcrypt4ecdhNtB2_7KxGroupNtNtCs4HQkUkzrxaA_6rustls6crypto16SupportedKxGroup4name
FNF:8
FNH:5
DA:13,0
DA:62,8
DA:63,8
DA:64,8
DA:65,8
DA:66,8
DA:68,8
DA:69,4
DA:70,6
DA:71,6
DA:72,6
DA:73,6
DA:74,6
DA:75,6
DA:76,6
DA:77,6
DA:78,6
DA:79,6
DA:80,6
DA:81,6
DA:83,8
DA:84,8
DA:85,8
DA:86,8
DA:87,8
DA:88,8
DA:89,8
DA:91,30
DA:92,30
DA:93,30
DA:106,8
DA:107,8
DA:119,6
DA:123,2
DA:127,8
DA:128,8
DA:129,0
DA:130,0
DA:131,0
DA:132,0
DA:133,0
DA:134,0
DA:138,8
DA:139,8
DA:140,0
DA:141,0
DA:142,0
DA:143,0
DA:144,0
DA:145,0
DA:148,8
DA:149,8
DA:151,8
DA:152,8
DA:153,8
DA:155,14
DA:156,14
DA:157,14
BRF:0
BRH:0
LF:60
LH:45
end_of_record
SF:C:\Code\rustls-symcrypt\rustls-symcrypt\src\hash.rs
FN:48,_RNvXNtCs6mofC3vL6R1_15rustls_symcrypt4hashNtB2_6Sha256NtNtNtCs4HQkUkzrxaA_6rustls6crypto4hash4Hash9algorithm
FN:72,_RNvXs_NtCs6mofC3vL6R1_15rustls_symcrypt4hashNtB4_13Sha256ContextNtNtNtCs4HQkUkzrxaA_6rustls6crypto4hash7Context4fork
FN:95,_RNvXs0_NtCs6mofC3vL6R1_15rustls_symcrypt4hashNtB5_6Sha384NtNtNtCs4HQkUkzrxaA_6rustls6crypto4hash4Hash5start
FN:118,_RNvXs1_NtCs6mofC3vL6R1_15rustls_symcrypt4hashNtB5_13Sha384ContextNtNtNtCs4HQkUkzrxaA_6rustls6crypto4hash7Context6update
FN:56,_RNvXNtCs6mofC3vL6R1_15rustls_symcrypt4hashNtB2_6Sha256NtNtNtCs4HQkUkzrxaA_6rustls6crypto4hash4Hash5start
FN:80,_RNvXs_NtCs6mofC3vL6R1_15rustls_symcrypt4hashNtB4_13Sha256ContextNtNtNtCs4HQkUkzrxaA_6rustls6crypto4hash7Context6update
FN:105,_RNvXs1_NtCs6mofC3vL6R1_15rustls_symcrypt4hashNtB5_13Sha384ContextNtNtNtCs4HQkUkzrxaA_6rustls6crypto4hash7Context11fork_finish
FN:66,_RNvXs_NtCs6mofC3vL6R1_15rustls_symcrypt4hashNtB4_13Sha256ContextNtNtNtCs4HQkUkzrxaA_6rustls6crypto4hash7Context11fork_finish
FN:91,_RNvXs0_NtCs6mofC3vL6R1_15rustls_symcrypt4hashNtB5_6Sha384NtNtNtCs4HQkUkzrxaA_6rustls6crypto4hash4Hash10output_len
FN:114,_RNvXs1_NtCs6mofC3vL6R1_15rustls_symcrypt4hashNtB5_13Sha384ContextNtNtNtCs4HQkUkzrxaA_6rustls6crypto4hash7Context6finish
FN:52,_RNvXNtCs6mofC3vL6R1_15rustls_symcrypt4hashNtB2_6Sha256NtNtNtCs4HQkUkzrxaA_6rustls6crypto4hash4Hash10output_len
FN:76,_RNvXs_NtCs6mofC3vL6R1_15rustls_symcrypt4hashNtB4_13Sha256ContextNtNtNtCs4HQkUkzrxaA_6rustls6crypto4hash7Context6finish
FN:99,_RNvXs0_NtCs6mofC3vL6R1_15rustls_symcrypt4hashNtB5_6Sha384NtNtNtCs4HQkUkzrxaA_6rustls6crypto4hash4Hash4hash
FN:60,_RNvXNtCs6mofC3vL6R1_15rustls_symcrypt4hashNtB2_6Sha256NtNtNtCs4HQkUkzrxaA_6rustls6crypto4hash4Hash4hash
FN:87,_RNvXs0_NtCs6mofC3vL6R1_15rustls_symcrypt4hashNtB5_6Sha384NtNtNtCs4HQkUkzrxaA_6rustls6crypto4hash4Hash9algorithm
FN:110,_RNvXs1_NtCs6mofC3vL6R1_15rustls_symcrypt4hashNtB5_13Sha384ContextNtNtNtCs4HQkUkzrxaA_6rustls6crypto4hash7Context4fork
FN:48,_RNvXNtCsf9N44xVTBkK_15rustls_symcrypt4hashNtB2_6Sha256NtNtNtCs4HQkUkzrxaA_6rustls6crypto4hash4Hash9algorithm
FN:72,_RNvXs_NtCsf9N44xVTBkK_15rustls_symcrypt4hashNtB4_13Sha256ContextNtNtNtCs4HQkUkzrxaA_6rustls6crypto4hash7Context4fork
FN:95,_RNvXs0_NtCsf9N44xVTBkK_15rustls_symcrypt4hashNtB5_6Sha384NtNtNtCs4HQkUkzrxaA_6rustls6crypto4hash4Hash5start
FN:118,_RNvXs1_NtCsf9N44xVTBkK_15rustls_symcrypt4hashNtB5_13Sha384ContextNtNtNtCs4HQkUkzrxaA_6rustls6crypto4hash7Context6update
FN:56,_RNvXNtCsf9N44xVTBkK_15rustls_symcrypt4hashNtB2_6Sha256NtNtNtCs4HQkUkzrxaA_6rustls6crypto4hash4Hash5start
FN:80,_RNvXs_NtCsf9N44xVTBkK_15rustls_symcrypt4hashNtB4_13Sha256ContextNtNtNtCs4HQkUkzrxaA_6rustls6crypto4hash7Context6update
FN:105,_RNvXs1_NtCsf9N44xVTBkK_15rustls_symcrypt4hashNtB5_13Sha384ContextNtNtNtCs4HQkUkzrxaA_6rustls6crypto4hash7Context11fork_finish
FN:66,_RNvXs_NtCsf9N44xVTBkK_15rustls_symcrypt4hashNtB4_13Sha256ContextNtNtNtCs4HQkUkzrxaA_6rustls6crypto4hash7Context11fork_finish
FN:91,_RNvXs0_NtCsf9N44xVTBkK_15rustls_symcrypt4hashNtB5_6Sha384NtNtNtCs4HQkUkzrxaA_6rustls6crypto4hash4Hash10output_len
FN:114,_RNvXs1_NtCsf9N44xVTBkK_15rustls_symcrypt4hashNtB5_13Sha384ContextNtNtNtCs4HQkUkzrxaA_6rustls6crypto4hash7Context6finish
FN:52,_RNvXNtCsf9N44xVTBkK_15rustls_symcrypt4hashNtB2_6Sha256NtNtNtCs4HQkUkzrxaA_6rustls6crypto4hash4Hash10output_len
FN:76,_RNvXs_NtCsf9N44xVTBkK_15rustls_symcrypt4hashNtB4_13Sha256ContextNtNtNtCs4HQkUkzrxaA_6rustls6crypto4hash7Context6finish
FN:99,_RNvXs0_NtCsf9N44xVTBkK_15rustls_symcrypt4hashNtB5_6Sha384NtNtNtCs4HQkUkzrxaA_6rustls6crypto4hash4Hash4hash
FN:60,_RNvXNtCsf9N44xVTBkK_15rustls_symcrypt4hashNtB2_6Sha256NtNtNtCs4HQkUkzrxaA_6rustls6crypto4hash4Hash4hash
FN:87,_RNvXs0_NtCsf9N44xVTBkK_15rustls_symcrypt4hashNtB5_6Sha384NtNtNtCs4HQkUkzrxaA_6rustls6crypto4hash4Hash9algorithm
FN:110,_RNvXs1_NtCsf9N44xVTBkK_15rustls_symcrypt4hashNtB5_13Sha384ContextNtNtNtCs4HQkUkzrxaA_6rustls6crypto4hash7Context4fork
FNDA:0,_RNvXNtCs6mofC3vL6R1_15rustls_symcrypt4hashNtB2_6Sha256NtNtNtCs4HQkUkzrxaA_6rustls6crypto4hash4Hash9algorithm
FNDA:0,_RNvXs_NtCs6mofC3vL6R1_15rustls_symcrypt4hashNtB4_13Sha256ContextNtNtNtCs4HQkUkzrxaA_6rustls6crypto4hash7Context4fork
FNDA:13,_RNvXs0_NtCs6mofC3vL6R1_15rustls_symcrypt4hashNtB5_6Sha384NtNtNtCs4HQkUkzrxaA_6rustls6crypto4hash4Hash5start
FNDA:37,_RNvXs1_NtCs6mofC3vL6R1_15rustls_symcrypt4hashNtB5_13Sha384ContextNtNtNtCs4HQkUkzrxaA_6rustls6crypto4hash7Context6update
FNDA:7,_RNvXNtCs6mofC3vL6R1_15rustls_symcrypt4hashNtB2_6Sha256NtNtNtCs4HQkUkzrxaA_6rustls6crypto4hash4Hash5start
FNDA:23,_RNvXs_NtCs6mofC3vL6R1_15rustls_symcrypt4hashNtB4_13Sha256ContextNtNtNtCs4HQkUkzrxaA_6rustls6crypto4hash7Context6update
FNDA:23,_RNvXs1_NtCs6mofC3vL6R1_15rustls_symcrypt4hashNtB5_13Sha384ContextNtNtNtCs4HQkUkzrxaA_6rustls6crypto4hash7Context11fork_finish
FNDA:13,_RNvXs_NtCs6mofC3vL6R1_15rustls_symcrypt4hashNtB4_13Sha256ContextNtNtNtCs4HQkUkzrxaA_6rustls6crypto4hash7Context11fork_finish
FNDA:0,_RNvXs0_NtCs6mofC3vL6R1_15rustls_symcrypt4hashNtB5_6Sha384NtNtNtCs4HQkUkzrxaA_6rustls6crypto4hash4Hash10output_len
FNDA:8,_RNvXs1_NtCs6mofC3vL6R1_15rustls_symcrypt4hashNtB5_13Sha384ContextNtNtNtCs4HQkUkzrxaA_6rustls6crypto4hash7Context6finish
FNDA:0,_RNvXNtCs6mofC3vL6R1_15rustls_symcrypt4hashNtB2_6Sha256NtNtNtCs4HQkUkzrxaA_6rustls6crypto4hash4Hash10output_len
FNDA:4,_RNvXs_NtCs6mofC3vL6R1_15rustls_symcrypt4hashNtB4_13Sha256ContextNtNtNtCs4HQkUkzrxaA_6rustls6crypto4hash7Context6finish
FNDA:0,_RNvXs0_NtCs6mofC3vL6R1_15rustls_symcrypt4hashNtB5_6Sha384NtNtNtCs4HQkUkzrxaA_6rustls6crypto4hash4Hash4hash
FNDA:0,_RNvXNtCs6mofC3vL6R1_15rustls_symcrypt4hashNtB2_6Sha256NtNtNtCs4HQkUkzrxaA_6rustls6crypto4hash4Hash4hash
FNDA:0,_RNvXs0_NtCs6mofC3vL6R1_15rustls_symcrypt4hashNtB5_6Sha384NtNtNtCs4HQkUkzrxaA_6rustls6crypto4hash4Hash9algorithm
FNDA:0,_RNvXs1_NtCs6mofC3vL6R1_15rustls_symcrypt4hashNtB5_13Sha384ContextNtNtNtCs4HQkUkzrxaA_6rustls6crypto4hash7Context4fork
FNDA:0,_RNvXNtCsf9N44xVTBkK_15rustls_symcrypt4hashNtB2_6Sha256NtNtNtCs4HQkUkzrxaA_6rustls6crypto4hash4Hash9algorithm
FNDA:0,_RNvXs_NtCsf9N44xVTBkK_15rustls_symcrypt4hashNtB4_13Sha256ContextNtNtNtCs4HQkUkzrxaA_6rustls6crypto4hash7Context4fork
FNDA:0,_RNvXs0_NtCsf9N44xVTBkK_15rustls_symcrypt4hashNtB5_6Sha384NtNtNtCs4HQkUkzrxaA_6rustls6crypto4hash4Hash5start
FNDA:0,_RNvXs1_NtCsf9N44xVTBkK_15rustls_symcrypt4hashNtB5_13Sha384ContextNtNtNtCs4HQkUkzrxaA_6rustls6crypto4hash7Context6update
FNDA:0,_RNvXNtCsf9N44xVTBkK_15rustls_symcrypt4hashNtB2_6Sha256NtNtNtCs4HQkUkzrxaA_6rustls6crypto4hash4Hash5start
FNDA:0,_RNvXs_NtCsf9N44xVTBkK_15rustls_symcrypt4hashNtB4_13Sha256ContextNtNtNtCs4HQkUkzrxaA_6rustls6crypto4hash7Context6update
FNDA:0,_RNvXs1_NtCsf9N44xVTBkK_15rustls_symcrypt4hashNtB5_13Sha384ContextNtNtNtCs4HQkUkzrxaA_6rustls6crypto4hash7Context11fork_finish
FNDA:0,_RNvXs_NtCsf9N44xVTBkK_15rustls_symcrypt4hashNtB4_13Sha256ContextNtNtNtCs4HQkUkzrxaA_6rustls6crypto4hash7Context11fork_finish
FNDA:0,_RNvXs0_NtCsf9N44xVTBkK_15rustls_symcrypt4hashNtB5_6Sha384NtNtNtCs4HQkUkzrxaA_6rustls6crypto4hash4Hash10output_len
FNDA:0,_RNvXs1_NtCsf9N44xVTBkK_15rustls_symcrypt4hashNtB5_13Sha384ContextNtNtNtCs4HQkUkzrxaA_6rustls6crypto4hash7Context6finish
FNDA:0,_RNvXNtCsf9N44xVTBkK_15rustls_symcrypt4hashNtB2_6Sha256NtNtNtCs4HQkUkzrxaA_6rustls6crypto4hash4Hash10output_len
FNDA:0,_RNvXs_NtCsf9N44xVTBkK_15rustls_symcrypt4hashNtB4_13Sha256ContextNtNtNtCs4HQkUkzrxaA_6rustls6crypto4hash7Context6finish
FNDA:0,_RNvXs0_NtCsf9N44xVTBkK_15rustls_symcrypt4hashNtB5_6Sha384NtNtNtCs4HQkUkzrxaA_6rustls6crypto4hash4Hash4hash
FNDA:0,_RNvXNtCsf9N44xVTBkK_15rustls_symcrypt4hashNtB2_6Sha256NtNtNtCs4HQkUkzrxaA_6rustls6crypto4hash4Hash4hash
FNDA:0,_RNvXs0_NtCsf9N44xVTBkK_15rustls_symcrypt4hashNtB5_6Sha384NtNtNtCs4HQkUkzrxaA_6rustls6crypto4hash4Hash9algorithm
FNDA:0,_RNvXs1_NtCsf9N44xVTBkK_15rustls_symcrypt4hashNtB5_13Sha384ContextNtNtNtCs4HQkUkzrxaA_6rustls6crypto4hash7Context4fork
FNF:16
FNH:8
DA:48,0
DA:49,0
DA:50,0
DA:52,0
DA:53,0
DA:54,0
DA:56,7
DA:57,7
DA:58,7
DA:60,0
DA:61,0
DA:62,0
DA:66,13
DA:67,13
DA:68,13
DA:69,13
DA:70,13
DA:72,0
DA:73,0
DA:74,0
DA:76,4
DA:77,4
DA:78,4
DA:80,23
DA:81,23
DA:82,23
DA:87,0
DA:88,0
DA:89,0
DA:91,0
DA:92,0
DA:93,0
DA:95,13
DA:96,13
DA:97,13
DA:99,0
DA:100,0
DA:101,0
DA:105,23
DA:106,23
DA:107,23
DA:108,23
DA:110,0
DA:111,0
DA:112,0
DA:114,8
DA:115,8
DA:116,8
DA:118,37
DA:119,37
DA:120,37
BRF:0
BRH:0
LF:51
LH:27
end_of_record
SF:C:\Code\rustls-symcrypt\rustls-symcrypt\src\hmac.rs
FN:68,_RNvXs_NtCs6mofC3vL6R1_15rustls_symcrypt4hmacNtB4_13HmacSha256KeyNtNtNtCs4HQkUkzrxaA_6rustls6crypto4hmac3Key7tag_len
FN:42,_RNvXNtCs6mofC3vL6R1_15rustls_symcrypt4hmacNtB2_10HmacSha256NtNtNtCs4HQkUkzrxaA_6rustls6crypto4hmac4Hmac8with_key
FN:89,_RNvXs1_NtCs6mofC3vL6R1_15rustls_symcrypt4hmacNtB5_13HmacSha384KeyNtNtNtCs4HQkUkzrxaA_6rustls6crypto4hmac3Key11sign_concat
FN:46,_RNvXNtCs6mofC3vL6R1_15rustls_symcrypt4hmacNtB2_10HmacSha256NtNtNtCs4HQkUkzrxaA_6rustls6crypto4hmac4Hmac15hash_output_len
FN:75,_RNvXs0_NtCs6mofC3vL6R1_15rustls_symcrypt4hmacNtB5_10HmacSha384NtNtNtCs4HQkUkzrxaA_6rustls6crypto4hmac4Hmac8with_key
FN:101,_RNvXs1_NtCs6mofC3vL6R1_15rustls_symcrypt4hmacNtB5_13HmacSha384KeyNtNtNtCs4HQkUkzrxaA_6rustls6crypto4hmac3Key7tag_len
FN:79,_RNvXs0_NtCs6mofC3vL6R1_15rustls_symcrypt4hmacNtB5_10HmacSha384NtNtNtCs4HQkUkzrxaA_6rustls6crypto4hmac4Hmac15hash_output_len
FN:52,_RNvXs_NtCs6mofC3vL6R1_15rustls_symcrypt4hmacNtB4_13HmacSha256KeyNtNtNtCs4HQkUkzrxaA_6rustls6crypto4hmac3Key4sign
FN:56,_RNvXs_NtCs6mofC3vL6R1_15rustls_symcrypt4hmacNtB4_13HmacSha256KeyNtNtNtCs4HQkUkzrxaA_6rustls6crypto4hmac3Key11sign_concat
FN:85,_RNvXs1_NtCs6mofC3vL6R1_15rustls_symcrypt4hmacNtB5_13HmacSha384KeyNtNtNtCs4HQkUkzrxaA_6rustls6crypto4hmac3Key4sign
FN:68,_RNvXs_NtCsf9N44xVTBkK_15rustls_symcrypt4hmacNtB4_13HmacSha256KeyNtNtNtCs4HQkUkzrxaA_6rustls6crypto4hmac3Key7tag_len
FN:42,_RNvXNtCsf9N44xVTBkK_15rustls_symcrypt4hmacNtB2_10HmacSha256NtNtNtCs4HQkUkzrxaA_6rustls6crypto4hmac4Hmac8with_key
FN:89,_RNvXs1_NtCsf9N44xVTBkK_15rustls_symcrypt4hmacNtB5_13HmacSha384KeyNtNtNtCs4HQkUkzrxaA_6rustls6crypto4hmac3Key11sign_concat
FN:46,_RNvXNtCsf9N44xVTBkK_15rustls_symcrypt4hmacNtB2_10HmacSha256NtNtNtCs4HQkUkzrxaA_6rustls6crypto4hmac4Hmac15hash_output_len
FN:75,_RNvXs0_NtCsf9N44xVTBkK_15rustls_symcrypt4hmacNtB5_10HmacSha384NtNtNtCs4HQkUkzrxaA_6rustls6crypto4hmac4Hmac8with_key
FN:101,_RNvXs1_NtCsf9N44xVTBkK_15rustls_symcrypt4hmacNtB5_13HmacSha384KeyNtNtNtCs4HQkUkzrxaA_6rustls6crypto4hmac3Key7tag_len
FN:79,_RNvXs0_NtCsf9N44xVTBkK_15rustls_symcrypt4hmacNtB5_10HmacSha384NtNtNtCs4HQkUkzrxaA_6rustls6crypto4hmac4Hmac15hash_output_len
FN:52,_RNvXs_NtCsf9N44xVTBkK_15rustls_symcrypt4hmacNtB4_13HmacSha256KeyNtNtNtCs4HQkUkzrxaA_6rustls6crypto4hmac3Key4sign
FN:56,_RNvXs_NtCsf9N44xVTBkK_15rustls_symcrypt4hmacNtB4_13HmacSha256KeyNtNtNtCs4HQkUkzrxaA_6rustls6crypto4hmac3Key11sign_concat
FN:85,_RNvXs1_NtCsf9N44xVTBkK_15rustls_symcrypt4hmacNtB5_13HmacSha384KeyNtNtNtCs4HQkUkzrxaA_6rustls6crypto4hmac3Key4sign
FNDA:90,_RNvXs_NtCs6mofC3vL6R1_15rustls_symcrypt4hmacNtB4_13HmacSha256KeyNtNtNtCs4HQkUkzrxaA_6rustls6crypto4hmac3Key7tag_len
FNDA:32,_RNvXNtCs6mofC3vL6R1_15rustls_symcrypt4hmacNtB2_10HmacSha256NtNtNtCs4HQkUkzrxaA_6rustls6crypto4hmac4Hmac8with_key
FNDA:102,_RNvXs1_NtCs6mofC3vL6R1_15rustls_symcrypt4hmacNtB5_13HmacSha384KeyNtNtNtCs4HQkUkzrxaA_6rustls6crypto4hmac3Key11sign_concat
FNDA:6,_RNvXNtCs6mofC3vL6R1_15rustls_symcrypt4hmacNtB2_10HmacSha256NtNtNtCs4HQkUkzrxaA_6rustls6crypto4hmac4Hmac15hash_output_len
FNDA:60,_RNvXs0_NtCs6mofC3vL6R1_15rustls_symcrypt4hmacNtB5_10HmacSha384NtNtNtCs4HQkUkzrxaA_6rustls6crypto4hmac4Hmac8with_key
FNDA:176,_RNvXs1_NtCs6mofC3vL6R1_15rustls_symcrypt4hmacNtB5_13HmacSha384KeyNtNtNtCs4HQkUkzrxaA_6rustls6crypto4hmac3Key7tag_len
FNDA:12,_RNvXs0_NtCs6mofC3vL6R1_15rustls_symcrypt4hmacNtB5_10HmacSha384NtNtNtCs4HQkUkzrxaA_6rustls6crypto4hmac4Hmac15hash_output_len
FNDA:26,_RNvXs_NtCs6mofC3vL6R1_15rustls_symcrypt4hmacNtB4_13HmacSha256KeyNtNtNtCs4HQkUkzrxaA_6rustls6crypto4hmac3Key4sign
FNDA:60,_RNvXs_NtCs6mofC3vL6R1_15rustls_symcrypt4hmacNtB4_13HmacSha256KeyNtNtNtCs4HQkUkzrxaA_6rustls6crypto4hmac3Key11sign_concat
FNDA:34,_RNvXs1_NtCs6mofC3vL6R1_15rustls_symcrypt4hmacNtB5_13HmacSha384KeyNtNtNtCs4HQkUkzrxaA_6rustls6crypto4hmac3Key4sign
FNDA:0,_RNvXs_NtCsf9N44xVTBkK_15rustls_symcrypt4hmacNtB4_13HmacSha256KeyNtNtNtCs4HQkUkzrxaA_6rustls6crypto4hmac3Key7tag_len
FNDA:0,_RNvXNtCsf9N44xVTBkK_15rustls_symcrypt4hmacNtB2_10HmacSha256NtNtNtCs4HQkUkzrxaA_6rustls6crypto4hmac4Hmac8with_key
FNDA:0,_RNvXs1_NtCsf9N44xVTBkK_15rustls_symcrypt4hmacNtB5_13HmacSha384KeyNtNtNtCs4HQkUkzrxaA_6rustls6crypto4hmac3Key11sign_concat
FNDA:0,_RNvXNtCsf9N44xVTBkK_15rustls_symcrypt4hmacNtB2_10HmacSha256NtNtNtCs4HQkUkzrxaA_6rustls6crypto4hmac4Hmac15hash_output_len
FNDA:0,_RNvXs0_NtCsf9N44xVTBkK_15rustls_symcrypt4hmacNtB5_10HmacSha384NtNtNtCs4HQkUkzrxaA_6rustls6crypto4hmac4Hmac8with_key
FNDA:0,_RNvXs1_NtCsf9N44xVTBkK_15rustls_symcrypt4hmacNtB5_13HmacSha384KeyNtNtNtCs4HQkUkzrxaA_6rustls6crypto4hmac3Key7tag_len
FNDA:0,_RNvXs0_NtCsf9N44xVTBkK_15rustls_symcrypt4hmacNtB5_10HmacSha384NtNtNtCs4HQkUkzrxaA_6rustls6crypto4hmac4Hmac15hash_output_len
FNDA:0,_RNvXs_NtCsf9N44xVTBkK_15rustls_symcrypt4hmacNtB4_13HmacSha256KeyNtNtNtCs4HQkUkzrxaA_6rustls6crypto4hmac3Key4sign
FNDA:0,_RNvXs_NtCsf9N44xVTBkK_15rustls_symcrypt4hmacNtB4_13HmacSha256KeyNtNtNtCs4HQkUkzrxaA_6rustls6crypto4hmac3Key11sign_concat
FNDA:0,_RNvXs1_NtCsf9N44xVTBkK_15rustls_symcrypt4hmacNtB5_13HmacSha384KeyNtNtNtCs4HQkUkzrxaA_6rustls6crypto4hmac3Key4sign
FNF:10
FNH:10
DA:42,32
DA:43,32
DA:44,32
DA:46,6
DA:47,6
DA:48,6
DA:52,26
DA:53,26
DA:54,26
DA:56,60
DA:57,60
DA:58,60
DA:59,306
DA:60,246
DA:61,246
DA:62,60
DA:63,60
DA:64,60
DA:65,60
DA:66,60
DA:68,90
DA:69,90
DA:70,90
DA:75,60
DA:76,60
DA:77,60
DA:79,12
DA:80,12
DA:81,12
DA:85,34
DA:86,34
DA:87,34
DA:89,102
DA:90,102
DA:91,102
DA:92,558
DA:93,456
DA:94,456
DA:95,102
DA:96,102
DA:97,102
DA:98,102
DA:99,102
DA:101,176
DA:102,176
DA:103,176
BRF:0
BRH:0
LF:46
LH:46
end_of_record
SF:C:\Code\rustls-symcrypt\rustls-symcrypt\src\lib.rs
FN:306,_RNvXs_Cs6mofC3vL6R1_15rustls_symcryptNtB4_8SymCryptNtNtCsiBaDUsXeAwp_4core3fmt5Debug3fmtB4_
FN:170,_RNvCs6mofC3vL6R1_15rustls_symcrypt25default_symcrypt_provider
FN:310,_RNvXCs6mofC3vL6R1_15rustls_symcryptNtB2_8SymCryptNtNtCs4HQkUkzrxaA_6rustls6crypto12SecureRandom4fill
FN:187,_RNvCs6mofC3vL6R1_15rustls_symcrypt24custom_symcrypt_provider
FN:306,_RNvXs_Csf9N44xVTBkK_15rustls_symcryptNtB4_8SymCryptNtNtCsiBaDUsXeAwp_4core3fmt5Debug3fmtB4_
FN:170,_RNvCsf9N44xVTBkK_15rustls_symcrypt25default_symcrypt_provider
FN:187,_RNvCsf9N44xVTBkK_15rustls_symcrypt24custom_symcrypt_provider
FN:321,_RNvNtCsf9N44xVTBkK_15rustls_symcrypt4tests_18test_secure_random
FN:320,_RNCNvNtCsf9N44xVTBkK_15rustls_symcrypt4test18test_secure_random0B5_
FN:310,_RNvXCsf9N44xVTBkK_15rustls_symcryptNtB2_8SymCryptNtNtCs4HQkUkzrxaA_6rustls6crypto12SecureRandom4fill
FNDA:0,_RNvXs_Cs6mofC3vL6R1_15rustls_symcryptNtB4_8SymCryptNtNtCsiBaDUsXeAwp_4core3fmt5Debug3fmtB4_
FNDA:1,_RNvCs6mofC3vL6R1_15rustls_symcrypt25default_symcrypt_provider
FNDA:22,_RNvXCs6mofC3vL6R1_15rustls_symcryptNtB2_8SymCryptNtNtCs4HQkUkzrxaA_6rustls6crypto12SecureRandom4fill
FNDA:7,_RNvCs6mofC3vL6R1_15rustls_symcrypt24custom_symcrypt_provider
FNDA:0,_RNvXs_Csf9N44xVTBkK_15rustls_symcryptNtB4_8SymCryptNtNtCsiBaDUsXeAwp_4core3fmt5Debug3fmtB4_
FNDA:0,_RNvCsf9N44xVTBkK_15rustls_symcrypt25default_symcrypt_provider
FNDA:0,_RNvCsf9N44xVTBkK_15rustls_symcrypt24custom_symcrypt_provider
FNDA:1,_RNvNtCsf9N44xVTBkK_15rustls_symcrypt4tests_18test_secure_random
FNDA:1,_RNCNvNtCsf9N44xVTBkK_15rustls_symcrypt4test18test_secure_random0B5_
FNDA:2,_RNvXCsf9N44xVTBkK_15rustls_symcryptNtB2_8SymCryptNtNtCs4HQkUkzrxaA_6rustls6crypto12SecureRandom4fill
FNF:6
FNH:5
DA:170,1
DA:171,1
DA:172,1
DA:173,1
DA:174,1
DA:175,1
DA:176,1
DA:177,1
DA:178,1
DA:187,7
DA:188,7
DA:189,7
DA:190,7
DA:195,7
DA:196,7
DA:197,0
DA:201,7
DA:202,7
DA:203,0
DA:207,7
DA:208,7
DA:209,7
DA:210,7
DA:211,7
DA:212,7
DA:213,7
DA:214,7
DA:306,0
DA:310,24
DA:311,24
DA:312,24
DA:313,24
DA:320,1
DA:321,1
DA:322,1
DA:323,1
DA:324,1
DA:325,1
DA:326,1
DA:327,1
DA:328,1
DA:329,1
DA:330,1
BRF:0
BRH:0
LF:43
LH:40
end_of_record
SF:C:\Code\rustls-symcrypt\rustls-symcrypt\src\signer.rs
FN:16,_RNvXNtCs6mofC3vL6R1_15rustls_symcrypt6signerNtB2_4RingNtNtCs4HQkUkzrxaA_6rustls6crypto11KeyProvider16load_private_key
FN:9,_RNvXs_NtCs6mofC3vL6R1_15rustls_symcrypt6signerNtB4_4RingNtNtCsiBaDUsXeAwp_4core3fmt5Debug3fmtB6_
FN:9,_RNvXs_NtCsf9N44xVTBkK_15rustls_symcrypt6signerNtB4_4RingNtNtCsiBaDUsXeAwp_4core3fmt5Debug3fmtB6_
FN:16,_RNvXNtCsf9N44xVTBkK_15rustls_symcrypt6signerNtB2_4RingNtNtCs4HQkUkzrxaA_6rustls6crypto11KeyProvider16load_private_key
FNDA:0,_RNvXNtCs6mofC3vL6R1_15rustls_symcrypt6signerNtB2_4RingNtNtCs4HQkUkzrxaA_6rustls6crypto11KeyProvider16load_private_key
FNDA:0,_RNvXs_NtCs6mofC3vL6R1_15rustls_symcrypt6signerNtB4_4RingNtNtCsiBaDUsXeAwp_4core3fmt5Debug3fmtB6_
FNDA:0,_RNvXs_NtCsf9N44xVTBkK_15rustls_symcrypt6signerNtB4_4RingNtNtCsiBaDUsXeAwp_4core3fmt5Debug3fmtB6_
FNDA:0,_RNvXNtCsf9N44xVTBkK_15rustls_symcrypt6signerNtB2_4RingNtNtCs4HQkUkzrxaA_6rustls6crypto11KeyProvider16load_private_key
FNF:2
FNH:0
DA:9,0
DA:16,0
DA:17,0
DA:18,0
DA:19,0
DA:20,0
DA:21,0
BRF:0
BRH:0
LF:7
LH:0
end_of_record
SF:C:\Code\rustls-symcrypt\rustls-symcrypt\src\tls12.rs
FN:238,_RNvXs1_NtCs6mofC3vL6R1_15rustls_symcrypt5tls12NtB5_8Tls12GcmNtNtNtCs4HQkUkzrxaA_6rustls6crypto6cipher18Tls12AeadAlgorithm12extract_keys
FN:68,_RNvXNtCs6mofC3vL6R1_15rustls_symcrypt5tls12NtB2_11Tls12ChaChaNtNtNtCs4HQkUkzrxaA_6rustls6crypto6cipher18Tls12AeadAlgorithm12extract_keys
FN:36,_RNvXNtCs6mofC3vL6R1_15rustls_symcrypt5tls12NtB2_11Tls12ChaChaNtNtNtCs4HQkUkzrxaA_6rustls6crypto6cipher18Tls12AeadAlgorithm9encrypter
FN:136,_RNvXs0_NtCs6mofC3vL6R1_15rustls_symcrypt5tls12NtB5_21Tls12ChaCha20Poly1305NtNtNtCs4HQkUkzrxaA_6rustls6crypto6cipher16MessageDecrypter7decrypt
FN:218,_RNvXs1_NtCs6mofC3vL6R1_15rustls_symcrypt5tls12NtB5_8Tls12GcmNtNtNtCs4HQkUkzrxaA_6rustls6crypto6cipher18Tls12AeadAlgorithm9decrypter
FN:269,_RNvXs2_NtCs6mofC3vL6R1_15rustls_symcrypt5tls12NtB5_12Gcm12EncryptNtNtNtCs4HQkUkzrxaA_6rustls6crypto6cipher16MessageEncrypter7encrypt
FN:295,_RNvXs2_NtCs6mofC3vL6R1_15rustls_symcrypt5tls12NtB5_12Gcm12EncryptNtNtNtCs4HQkUkzrxaA_6rustls6crypto6cipher16MessageEncrypter21encrypted_payload_len
[...]
FNDA:0,_RNvXNtCs4HQkUkzrxaA_6rustls8versionsNtB2_24SupportedProtocolVersionNtNtCsiBaDUsXeAwp_4core3fmt5Debug3fmt
FNDA:0,_RNvXs_NtCs4HQkUkzrxaA_6rustls8versionsNtB4_15EnabledVersionsNtNtCsiBaDUsXeAwp_4core3fmt5Debug3fmt
FNDA:10,_RNvXs4_NtCs4HQkUkzrxaA_6rustls8versionsNtB5_24SupportedProtocolVersionNtNtCsiBaDUsXeAwp_4core3cmp9PartialEq2eqB7_
FNDA:0,_RNvXs5_NtCs4HQkUkzrxaA_6rustls8versionsNtB5_15EnabledVersionsNtNtCsiBaDUsXeAwp_4core5clone5Clone5cloneB7_
FNF:6
FNH:3
DA:11,10
DA:18,0
DA:19,0
DA:20,0
DA:48,0
DA:56,0
DA:57,0
DA:59,0
DA:60,0
DA:61,0
DA:62,0
DA:63,0
DA:64,0
DA:65,0
DA:66,0
DA:70,8
DA:71,8
DA:72,8
DA:73,8
DA:74,8
DA:75,8
DA:77,24
DA:78,16
DA:80,8
DA:81,8
DA:82,0
DA:86,8
DA:87,8
DA:89,50
DA:90,50
DA:92,10
DA:93,40
DA:94,0
DA:96,50
BRF:0
BRH:0
LF:34
LH:18
end_of_record
SF:C:\Code\rustls\rustls\src\webpki\anchors.rs
FN:33,_RINvMNtNtCs4HQkUkzrxaA_6rustls6webpki7anchorsNtB3_13RootCertStore25add_parsable_certificatesINtNtCs76MD9gNQUrm_5alloc3vec3VecNtCs54est6eYJsa_16rustls_pki_types14CertificateDerEECs714cOAo38G2_9full_test
FN:22,_RNvMNtNtCs4HQkUkzrxaA_6rustls6webpki7anchorsNtB2_13RootCertStore5empty
FN:96,_RNvMNtNtCs4HQkUkzrxaA_6rustls6webpki7anchorsNtB2_13RootCertStore8is_empty
FN:72,_RNvMNtNtCs4HQkUkzrxaA_6rustls6webpki7anchorsNtB2_13RootCertStore3add
FN:101,_RNvMNtNtCs4HQkUkzrxaA_6rustls6webpki7anchorsNtB2_13RootCertStore3len
FN:88,_RNvMNtNtCs4HQkUkzrxaA_6rustls6webpki7anchorsNtB2_13RootCertStore8subjects
FN:121,_RNvXs1_NtNtCs4HQkUkzrxaA_6rustls6webpki7anchorsNtB5_13RootCertStoreNtNtCsiBaDUsXeAwp_4core3fmt5Debug3fmt
FN:91,_RNCNvMNtNtCs4HQkUkzrxaA_6rustls6webpki7anchorsNtB4_13RootCertStore8subjects0B8_
FN:107,_RINvXs_NtNtCs4HQkUkzrxaA_6rustls6webpki7anchorsNtB5_13RootCertStoreINtNtNtNtCsiBaDUsXeAwp_4core4iter6traits7collect12FromIteratorNtCs54est6eYJsa_16rustls_pki_types11TrustAnchorE9from_iterpEB9_
FN:33,_RINvMNtNtCs4HQkUkzrxaA_6rustls6webpki7anchorsNtB3_13RootCertStore25add_parsable_certificatespEB7_
FN:115,_RINvXs0_NtNtCs4HQkUkzrxaA_6rustls6webpki7anchorsNtB6_13RootCertStoreINtNtNtNtCsiBaDUsXeAwp_4core4iter6traits7collect6ExtendNtCs54est6eYJsa_16rustls_pki_types11TrustAnchorE6extendpEBa_
FN:14,_RNvXs2_NtNtCs4HQkUkzrxaA_6rustls6webpki7anchorsNtB5_13RootCertStoreNtNtCsiBaDUsXeAwp_4core5clone5Clone5cloneB9_
FNDA:8,_RINvMNtNtCs4HQkUkzrxaA_6rustls6webpki7anchorsNtB3_13RootCertStore25add_parsable_certificatesINtNtCs76MD9gNQUrm_5alloc3vec3VecNtCs54est6eYJsa_16rustls_pki_types14CertificateDerEECs714cOAo38G2_9full_test
FNDA:0,_RNvMNtNtCs4HQkUkzrxaA_6rustls6webpki7anchorsNtB2_13RootCertStore5empty
FNDA:0,_RNvMNtNtCs4HQkUkzrxaA_6rustls6webpki7anchorsNtB2_13RootCertStore8is_empty
FNDA:0,_RNvMNtNtCs4HQkUkzrxaA_6rustls6webpki7anchorsNtB2_13RootCertStore3add
FNDA:0,_RNvMNtNtCs4HQkUkzrxaA_6rustls6webpki7anchorsNtB2_13RootCertStore3len
FNDA:0,_RNvMNtNtCs4HQkUkzrxaA_6rustls6webpki7anchorsNtB2_13RootCertStore8subjects
FNDA:0,_RNvXs1_NtNtCs4HQkUkzrxaA_6rustls6webpki7anchorsNtB5_13RootCertStoreNtNtCsiBaDUsXeAwp_4core3fmt5Debug3fmt
FNDA:0,_RNCNvMNtNtCs4HQkUkzrxaA_6rustls6webpki7anchorsNtB4_13RootCertStore8subjects0B8_
FNDA:0,_RINvXs_NtNtCs4HQkUkzrxaA_6rustls6webpki7anchorsNtB5_13RootCertStoreINtNtNtNtCsiBaDUsXeAwp_4core4iter6traits7collect12FromIteratorNtCs54est6eYJsa_16rustls_pki_types11TrustAnchorE9from_iterpEB9_
FNDA:0,_RINvMNtNtCs4HQkUkzrxaA_6rustls6webpki7anchorsNtB3_13RootCertStore25add_parsable_certificatespEB7_
FNDA:0,_RINvXs0_NtNtCs4HQkUkzrxaA_6rustls6webpki7anchorsNtB6_13RootCertStoreINtNtNtNtCsiBaDUsXeAwp_4core4iter6traits7collect6ExtendNtCs54est6eYJsa_16rustls_pki_types11TrustAnchorE6extendpEBa_
FNDA:0,_RNvXs2_NtNtCs4HQkUkzrxaA_6rustls6webpki7anchorsNtB5_13RootCertStoreNtNtCsiBaDUsXeAwp_4core5clone5Clone5cloneB9_
FNF:11
FNH:1
DA:14,0
DA:22,0
DA:23,0
DA:24,0
DA:33,8
DA:34,8
DA:35,8
DA:36,8
DA:37,8
DA:38,8
DA:40,16
DA:42,8
DA:43,8
DA:44,8
DA:45,8
DA:46,8
DA:47,0
DA:48,0
DA:49,0
DA:50,0
DA:55,8
DA:56,0
DA:60,8
DA:61,8
DA:72,0
DA:73,0
DA:74,0
DA:75,0
DA:76,0
DA:77,0
DA:78,0
DA:79,0
DA:88,0
DA:89,0
DA:90,0
DA:91,0
DA:92,0
DA:93,0
DA:96,0
DA:97,0
DA:98,0
DA:101,0
DA:102,0
DA:103,0
DA:107,0
DA:108,0
DA:109,0
DA:110,0
DA:111,0
DA:115,0
DA:116,0
DA:117,0
DA:121,0
DA:122,0
DA:123,0
DA:124,0
DA:125,0
BRF:0
BRH:0
LF:58
LH:15
end_of_record
SF:C:\Code\rustls\rustls\src\webpki\client_verifier.rs
FN:375,_RNCNvXs0_NtNtCs4HQkUkzrxaA_6rustls6webpki15client_verifierNtB7_20WebPkiClientVerifierNtNtBb_6verify18ClientCertVerifier18verify_client_cert0Bb_
FN:77,_RINvMNtNtCs4HQkUkzrxaA_6rustls6webpki15client_verifierNtB3_25ClientCertVerifierBuilder22add_root_hint_subjectspEB7_
FN:402,_RNvXs5_NtNtCs4HQkUkzrxaA_6rustls6webpki15client_verifierNtB5_21AnonymousClientPolicyNtNtCsiBaDUsXeAwp_4core5clone5Clone5cloneB9_
FN:27,_RNvXs2_NtNtCs4HQkUkzrxaA_6rustls6webpki15client_verifierNtB5_25ClientCertVerifierBuilderNtNtCsiBaDUsXeAwp_4core5clone5Clone5cloneB9_
FN:402,_RNvXs8_NtNtCs4HQkUkzrxaA_6rustls6webpki15client_verifierNtB5_21AnonymousClientPolicyNtNtCsiBaDUsXeAwp_4core3cmp9PartialEq2eqB9_
FN:27,_RNvXs1_NtNtCs4HQkUkzrxaA_6rustls6webpki15client_verifierNtB5_25ClientCertVerifierBuilderNtNtCsiBaDUsXeAwp_4core3fmt5Debug3fmtB9_
FN:98,_RINvMNtNtCs4HQkUkzrxaA_6rustls6webpki15client_verifierNtB3_25ClientCertVerifierBuilder9with_crlspEB7_
FNDA:0,_RNCNvXs0_NtNtCs4HQkUkzrxaA_6rustls6webpki15client_verifierNtB7_20WebPkiClientVerifierNtNtBb_6verify18ClientCertVerifier18verify_client_cert0Bb_
FNDA:0,_RINvMNtNtCs4HQkUkzrxaA_6rustls6webpki15client_verifierNtB3_25ClientCertVerifierBuilder22add_root_hint_subjectspEB7_
FNDA:0,_RNvXs5_NtNtCs4HQkUkzrxaA_6rustls6webpki15client_verifierNtB5_21AnonymousClientPolicyNtNtCsiBaDUsXeAwp_4core5clone5Clone5cloneB9_
FNDA:0,_RNvXs2_NtNtCs4HQkUkzrxaA_6rustls6webpki15client_verifierNtB5_25ClientCertVerifierBuilderNtNtCsiBaDUsXeAwp_4core5clone5Clone5cloneB9_
FNDA:0,_RNvXs8_NtNtCs4HQkUkzrxaA_6rustls6webpki15client_verifierNtB5_21AnonymousClientPolicyNtNtCsiBaDUsXeAwp_4core3cmp9PartialEq2eqB9_
FNDA:0,_RNvXs1_NtNtCs4HQkUkzrxaA_6rustls6webpki15client_verifierNtB5_25ClientCertVerifierBuilderNtNtCsiBaDUsXeAwp_4core3fmt5Debug3fmtB9_
FNDA:0,_RINvMNtNtCs4HQkUkzrxaA_6rustls6webpki15client_verifierNtB3_25ClientCertVerifierBuilder9with_crlspEB7_
FNF:7
FNH:0
DA:27,0
DA:77,0
DA:78,0
DA:79,0
DA:80,0
DA:81,0
DA:82,0
DA:83,0
DA:98,0
DA:99,0
DA:100,0
DA:101,0
DA:102,0
DA:103,0
DA:104,0
DA:375,0
DA:402,0
BRF:0
BRH:0
LF:19
LH:0
end_of_record
SF:C:\Code\rustls\rustls\src\webpki\mod.rs
FN:102,_RNvNtCs4HQkUkzrxaA_6rustls6webpki10parse_crls
FN:46,_RNvXs_NtCs4HQkUkzrxaA_6rustls6webpkiNtB4_20VerifierBuilderErrorNtNtCsiBaDUsXeAwp_4core3fmt7Display3fmt
FN:56,_RNvNtCs4HQkUkzrxaA_6rustls6webpki9pki_error
FN:40,_RNvXNtCs4HQkUkzrxaA_6rustls6webpkiNtB2_20VerifierBuilderErrorINtNtCsiBaDUsXeAwp_4core7convert4FromNtNtB4_5error23CertRevocationListErrorE4from
FN:82,_RNvNtCs4HQkUkzrxaA_6rustls6webpki9crl_error
FN:106,_RNCNvNtCs4HQkUkzrxaA_6rustls6webpki10parse_crls0B5_
FN:30,_RNvXs2_NtCs4HQkUkzrxaA_6rustls6webpkiNtB5_20VerifierBuilderErrorNtNtCsiBaDUsXeAwp_4core5clone5Clone5cloneB7_
FN:30,_RNvXs1_NtCs4HQkUkzrxaA_6rustls6webpkiNtB5_20VerifierBuilderErrorNtNtCsiBaDUsXeAwp_4core3fmt5Debug3fmtB7_
FNDA:0,_RNvNtCs4HQkUkzrxaA_6rustls6webpki10parse_crls
FNDA:0,_RNvXs_NtCs4HQkUkzrxaA_6rustls6webpkiNtB4_20VerifierBuilderErrorNtNtCsiBaDUsXeAwp_4core3fmt7Display3fmt
FNDA:0,_RNvNtCs4HQkUkzrxaA_6rustls6webpki9pki_error
FNDA:0,_RNvXNtCs4HQkUkzrxaA_6rustls6webpkiNtB2_20VerifierBuilderErrorINtNtCsiBaDUsXeAwp_4core7convert4FromNtNtB4_5error23CertRevocationListErrorE4from
FNDA:0,_RNvNtCs4HQkUkzrxaA_6rustls6webpki9crl_error
FNDA:0,_RNCNvNtCs4HQkUkzrxaA_6rustls6webpki10parse_crls0B5_
FNDA:0,_RNvXs2_NtCs4HQkUkzrxaA_6rustls6webpkiNtB5_20VerifierBuilderErrorNtNtCsiBaDUsXeAwp_4core5clone5Clone5cloneB7_
FNDA:0,_RNvXs1_NtCs4HQkUkzrxaA_6rustls6webpkiNtB5_20VerifierBuilderErrorNtNtCsiBaDUsXeAwp_4core3fmt5Debug3fmtB7_
FNF:8
FNH:0
DA:30,0
DA:40,0
DA:41,0
DA:42,0
DA:46,0
DA:47,0
DA:48,0
DA:49,0
DA:51,0
DA:56,0
DA:57,0
DA:58,0
DA:59,0
DA:60,0
DA:61,0
DA:62,0
DA:63,0
DA:64,0
DA:65,0
DA:66,0
DA:70,0
DA:75,0
DA:78,0
DA:80,0
DA:82,0
DA:83,0
DA:84,0
DA:87,0
DA:88,0
DA:89,0
DA:90,0
DA:91,0
DA:92,0
DA:93,0
DA:94,0
DA:95,0
DA:96,0
DA:98,0
DA:100,0
DA:102,0
DA:103,0
DA:104,0
DA:105,0
DA:106,0
DA:107,0
DA:108,0
DA:109,0
BRF:0
BRH:0
LF:49
LH:0
end_of_record
SF:C:\Code\rustls\rustls\src\webpki\server_verifier.rs
FN:163,_RINvMs_NtNtCs4HQkUkzrxaA_6rustls6webpki15server_verifierNtB5_20WebPkiServerVerifier22new_without_revocationNtNtB7_7anchors13RootCertStoreECs714cOAo38G2_9full_test
FN:187,_RINvMs_NtNtCs4HQkUkzrxaA_6rustls6webpki15server_verifierNtB5_20WebPkiServerVerifier3newNtNtB7_7anchors13RootCertStoreECs714cOAo38G2_9full_test
FN:187,_RINvMs_NtNtCs4HQkUkzrxaA_6rustls6webpki15server_verifierNtB5_20WebPkiServerVerifier3newINtNtCs76MD9gNQUrm_5alloc4sync3ArcNtNtB7_7anchors13RootCertStoreEEB9_
FN:271,_RNvXs0_NtNtCs4HQkUkzrxaA_6rustls6webpki15server_verifierNtB5_20WebPkiServerVerifierNtNtB9_6verify18ServerCertVerifier22verify_tls13_signature
FN:119,_RNvXs3_NtNtCs4HQkUkzrxaA_6rustls6webpki15server_verifierNtB5_20WebPkiServerVerifierNtNtCsiBaDUsXeAwp_4core3fmt5Debug3fmtB9_
FN:82,_RNvMNtNtCs4HQkUkzrxaA_6rustls6webpki15server_verifierNtB2_25ServerCertVerifierBuilder31allow_unknown_revocation_status
FN:280,_RNvXs0_NtNtCs4HQkUkzrxaA_6rustls6webpki15server_verifierNtB5_20WebPkiServerVerifierNtNtB9_6verify18ServerCertVerifier24supported_verify_schemes
FN:101,_RNvMNtNtCs4HQkUkzrxaA_6rustls6webpki15server_verifierNtB2_25ServerCertVerifierBuilder5build
FN:36,_RNvMNtNtCs4HQkUkzrxaA_6rustls6webpki15server_verifierNtB2_25ServerCertVerifierBuilder3new
FN:139,_RNvMs_NtNtCs4HQkUkzrxaA_6rustls6webpki15server_verifierNtB4_20WebPkiServerVerifier7builder
FN:215,_RNvXs0_NtNtCs4HQkUkzrxaA_6rustls6webpki15server_verifierNtB5_20WebPkiServerVerifierNtNtB9_6verify18ServerCertVerifier18verify_server_cert
FN:154,_RNvMs_NtNtCs4HQkUkzrxaA_6rustls6webpki15server_verifierNtB4_20WebPkiServerVerifier21builder_with_provider
FN:69,_RNvMNtNtCs4HQkUkzrxaA_6rustls6webpki15server_verifierNtB2_25ServerCertVerifierBuilder32only_check_end_entity_revocation
FN:262,_RNvXs0_NtNtCs4HQkUkzrxaA_6rustls6webpki15server_verifierNtB5_20WebPkiServerVerifierNtNtB9_6verify18ServerCertVerifier22verify_tls12_signature
FN:26,_RNvXs1_NtNtCs4HQkUkzrxaA_6rustls6webpki15server_verifierNtB5_25ServerCertVerifierBuilderNtNtCsiBaDUsXeAwp_4core3fmt5Debug3fmtB9_
FN:163,_RINvMs_NtNtCs4HQkUkzrxaA_6rustls6webpki15server_verifierNtB5_20WebPkiServerVerifier22new_without_revocationpEB9_
FN:52,_RINvMNtNtCs4HQkUkzrxaA_6rustls6webpki15server_verifierNtB3_25ServerCertVerifierBuilder9with_crlspEB7_
FN:26,_RNvXs2_NtNtCs4HQkUkzrxaA_6rustls6webpki15server_verifierNtB5_25ServerCertVerifierBuilderNtNtCsiBaDUsXeAwp_4core5clone5Clone5cloneB9_
FNDA:8,_RINvMs_NtNtCs4HQkUkzrxaA_6rustls6webpki15server_verifierNtB5_20WebPkiServerVerifier22new_without_revocationNtNtB7_7anchors13RootCertStoreECs714cOAo38G2_9full_test
FNDA:8,_RINvMs_NtNtCs4HQkUkzrxaA_6rustls6webpki15server_verifierNtB5_20WebPkiServerVerifier3newNtNtB7_7anchors13RootCertStoreECs714cOAo38G2_9full_test
FNDA:0,_RINvMs_NtNtCs4HQkUkzrxaA_6rustls6webpki15server_verifierNtB5_20WebPkiServerVerifier3newINtNtCs76MD9gNQUrm_5alloc4sync3ArcNtNtB7_7anchors13RootCertStoreEEB9_
FNDA:6,_RNvXs0_NtNtCs4HQkUkzrxaA_6rustls6webpki15server_verifierNtB5_20WebPkiServerVerifierNtNtB9_6verify18ServerCertVerifier22verify_tls13_signature
FNDA:0,_RNvXs3_NtNtCs4HQkUkzrxaA_6rustls6webpki15server_verifierNtB5_20WebPkiServerVerifierNtNtCsiBaDUsXeAwp_4core3fmt5Debug3fmtB9_
FNDA:0,_RNvMNtNtCs4HQkUkzrxaA_6rustls6webpki15server_verifierNtB2_25ServerCertVerifierBuilder31allow_unknown_revocation_status
FNDA:8,_RNvXs0_NtNtCs4HQkUkzrxaA_6rustls6webpki15server_verifierNtB5_20WebPkiServerVerifierNtNtB9_6verify18ServerCertVerifier24supported_verify_schemes
FNDA:0,_RNvMNtNtCs4HQkUkzrxaA_6rustls6webpki15server_verifierNtB2_25ServerCertVerifierBuilder5build
FNDA:0,_RNvMNtNtCs4HQkUkzrxaA_6rustls6webpki15server_verifierNtB2_25ServerCertVerifierBuilder3new
FNDA:0,_RNvMs_NtNtCs4HQkUkzrxaA_6rustls6webpki15server_verifierNtB4_20WebPkiServerVerifier7builder
FNDA:8,_RNvXs0_NtNtCs4HQkUkzrxaA_6rustls6webpki15server_verifierNtB5_20WebPkiServerVerifierNtNtB9_6verify18ServerCertVerifier18verify_server_cert
FNDA:0,_RNvMs_NtNtCs4HQkUkzrxaA_6rustls6webpki15server_verifierNtB4_20WebPkiServerVerifier21builder_with_provider
FNDA:0,_RNvMNtNtCs4HQkUkzrxaA_6rustls6webpki15server_verifierNtB2_25ServerCertVerifierBuilder32only_check_end_entity_revocation
FNDA:2,_RNvXs0_NtNtCs4HQkUkzrxaA_6rustls6webpki15server_verifierNtB5_20WebPkiServerVerifierNtNtB9_6verify18ServerCertVerifier22verify_tls12_signature
FNDA:0,_RNvXs1_NtNtCs4HQkUkzrxaA_6rustls6webpki15server_verifierNtB5_25ServerCertVerifierBuilderNtNtCsiBaDUsXeAwp_4core3fmt5Debug3fmtB9_
FNDA:0,_RINvMs_NtNtCs4HQkUkzrxaA_6rustls6webpki15server_verifierNtB5_20WebPkiServerVerifier22new_without_revocationpEB9_
FNDA:0,_RINvMNtNtCs4HQkUkzrxaA_6rustls6webpki15server_verifierNtB3_25ServerCertVerifierBuilder9with_crlspEB7_
FNDA:0,_RNvXs2_NtNtCs4HQkUkzrxaA_6rustls6webpki15server_verifierNtB5_25ServerCertVerifierBuilderNtNtCsiBaDUsXeAwp_4core5clone5Clone5cloneB9_
FNF:16
FNH:6
DA:26,0
DA:36,0
DA:37,0
DA:38,0
DA:39,0
DA:40,0
DA:41,0
DA:42,0
DA:43,0
DA:44,0
DA:45,0
DA:46,0
DA:47,0
DA:52,0
DA:53,0
DA:54,0
DA:55,0
DA:56,0
DA:57,0
DA:58,0
DA:69,0
DA:70,0
DA:71,0
DA:72,0
DA:82,0
DA:83,0
DA:84,0
DA:85,0
DA:101,0
DA:102,0
DA:103,0
DA:104,0
DA:105,0
DA:106,0
DA:107,0
DA:108,0
DA:109,0
DA:110,0
DA:111,0
DA:112,0
DA:113,0
DA:114,0
DA:119,0
DA:139,0
DA:140,0
DA:141,0
DA:142,0
DA:143,0
DA:144,0
DA:154,0
DA:155,0
DA:156,0
DA:157,0
DA:158,0
DA:159,0
DA:163,8
DA:164,8
DA:165,8
DA:166,8
DA:167,8
DA:168,8
DA:169,8
DA:170,8
DA:171,8
DA:172,8
DA:173,8
DA:174,8
DA:187,8
DA:188,8
DA:189,8
DA:190,8
DA:191,8
DA:192,8
DA:193,8
DA:194,8
DA:195,8
DA:196,8
DA:197,8
DA:198,8
DA:199,8
DA:200,8
DA:201,8
DA:215,8
DA:216,8
DA:217,8
DA:218,8
DA:219,8
DA:220,8
DA:221,8
DA:222,8
DA:223,8
DA:225,8
DA:227,8
DA:228,8
DA:232,0
DA:233,0
DA:234,0
DA:235,0
DA:236,0
DA:237,0
DA:238,0
DA:239,0
DA:240,0
DA:245,8
DA:246,8
DA:247,8
DA:248,8
DA:249,8
DA:250,8
DA:251,8
DA:252,8
DA:254,8
DA:255,0
DA:256,8
DA:258,8
DA:259,8
DA:260,8
DA:262,2
DA:263,2
DA:264,2
DA:265,2
DA:266,2
DA:267,2
DA:268,2
DA:269,2
DA:271,6
DA:272,6
DA:273,6
DA:274,6
DA:275,6
DA:276,6
DA:277,6
DA:278,6
DA:280,8
DA:281,8
DA:282,8
BRF:0
BRH:0
LF:137
LH:71
end_of_record
SF:C:\Code\rustls\rustls\src\webpki\verify.rs
FN:105,_RNvMNtNtCs4HQkUkzrxaA_6rustls6webpki6verifyNtB2_25WebPkiSupportedAlgorithms4fips
FN:85,_RNvMNtNtCs4HQkUkzrxaA_6rustls6webpki6verifyNtB2_25WebPkiSupportedAlgorithms17supported_schemes
FN:206,_RNvNtNtCs4HQkUkzrxaA_6rustls6webpki6verify46verify_server_cert_signed_by_trust_anchor_impl
FN:93,_RNvMNtNtCs4HQkUkzrxaA_6rustls6webpki6verifyNtB2_25WebPkiSupportedAlgorithms14convert_scheme
FN:25,_RNvNtNtCs4HQkUkzrxaA_6rustls6webpki6verify41verify_server_cert_signed_by_trust_anchor
FN:131,_RNvXs0_NtNtCs4HQkUkzrxaA_6rustls6webpki6verifyNtB5_17ParsedCertificateINtNtCsiBaDUsXeAwp_4core7convert7TryFromRNtCs54est6eYJsa_16rustls_pki_types14CertificateDerE8try_from
FN:45,_RNvNtNtCs4HQkUkzrxaA_6rustls6webpki6verify18verify_server_name
FN:146,_RNvNtNtCs4HQkUkzrxaA_6rustls6webpki6verify22verify_tls12_signature
FN:115,_RNvXs_NtNtCs4HQkUkzrxaA_6rustls6webpki6verifyNtB4_25WebPkiSupportedAlgorithmsNtNtCsiBaDUsXeAwp_4core3fmt5Debug3fmt
FN:174,_RNvNtNtCs4HQkUkzrxaA_6rustls6webpki6verify22verify_tls13_signature
FN:110,_RNCNCNvMNtNtCs4HQkUkzrxaA_6rustls6webpki6verifyNtB6_25WebPkiSupportedAlgorithms4fipss_00Ba_
FN:190,_RNCNvNtNtCs4HQkUkzrxaA_6rustls6webpki6verify22verify_tls13_signature0B7_
FN:110,_RNCNvMNtNtCs4HQkUkzrxaA_6rustls6webpki6verifyNtB4_25WebPkiSupportedAlgorithms4fipss_0B8_
FN:99,_RNCNvMNtNtCs4HQkUkzrxaA_6rustls6webpki6verifyNtB4_25WebPkiSupportedAlgorithms14convert_scheme0B8_
FN:101,_RNCNvMNtNtCs4HQkUkzrxaA_6rustls6webpki6verifyNtB4_25WebPkiSupportedAlgorithms14convert_schemes_0B8_
FN:106,_RNCNvMNtNtCs4HQkUkzrxaA_6rustls6webpki6verifyNtB4_25WebPkiSupportedAlgorithms4fips0B8_
FN:88,_RNCNvMNtNtCs4HQkUkzrxaA_6rustls6webpki6verifyNtB4_25WebPkiSupportedAlgorithms17supported_schemes0B8_
FN:118,_RNCNvXs_NtNtCs4HQkUkzrxaA_6rustls6webpki6verifyNtB6_25WebPkiSupportedAlgorithmsNtNtCsiBaDUsXeAwp_4core3fmt5Debug3fmt0Ba_
FN:56,_RNvXs1_NtNtCs4HQkUkzrxaA_6rustls6webpki6verifyNtB5_25WebPkiSupportedAlgorithmsNtNtCsiBaDUsXeAwp_4core5clone5Clone5cloneB9_
FNDA:0,_RNvMNtNtCs4HQkUkzrxaA_6rustls6webpki6verifyNtB2_25WebPkiSupportedAlgorithms4fips
FNDA:8,_RNvMNtNtCs4HQkUkzrxaA_6rustls6webpki6verifyNtB2_25WebPkiSupportedAlgorithms17supported_schemes
FNDA:8,_RNvNtNtCs4HQkUkzrxaA_6rustls6webpki6verify46verify_server_cert_signed_by_trust_anchor_impl
FNDA:8,_RNvMNtNtCs4HQkUkzrxaA_6rustls6webpki6verifyNtB2_25WebPkiSupportedAlgorithms14convert_scheme
FNDA:0,_RNvNtNtCs4HQkUkzrxaA_6rustls6webpki6verify41verify_server_cert_signed_by_trust_anchor
FNDA:8,_RNvXs0_NtNtCs4HQkUkzrxaA_6rustls6webpki6verifyNtB5_17ParsedCertificateINtNtCsiBaDUsXeAwp_4core7convert7TryFromRNtCs54est6eYJsa_16rustls_pki_types14CertificateDerE8try_from
FNDA:8,_RNvNtNtCs4HQkUkzrxaA_6rustls6webpki6verify18verify_server_name
FNDA:2,_RNvNtNtCs4HQkUkzrxaA_6rustls6webpki6verify22verify_tls12_signature
FNDA:0,_RNvXs_NtNtCs4HQkUkzrxaA_6rustls6webpki6verifyNtB4_25WebPkiSupportedAlgorithmsNtNtCsiBaDUsXeAwp_4core3fmt5Debug3fmt
FNDA:6,_RNvNtNtCs4HQkUkzrxaA_6rustls6webpki6verify22verify_tls13_signature
FNDA:0,_RNCNCNvMNtNtCs4HQkUkzrxaA_6rustls6webpki6verifyNtB6_25WebPkiSupportedAlgorithms4fipss_00Ba_
FNDA:6,_RNCNvNtNtCs4HQkUkzrxaA_6rustls6webpki6verify22verify_tls13_signature0B7_
FNDA:0,_RNCNvMNtNtCs4HQkUkzrxaA_6rustls6webpki6verifyNtB4_25WebPkiSupportedAlgorithms4fipss_0B8_
FNDA:32,_RNCNvMNtNtCs4HQkUkzrxaA_6rustls6webpki6verifyNtB4_25WebPkiSupportedAlgorithms14convert_scheme0B8_
FNDA:0,_RNCNvMNtNtCs4HQkUkzrxaA_6rustls6webpki6verifyNtB4_25WebPkiSupportedAlgorithms14convert_schemes_0B8_
FNDA:0,_RNCNvMNtNtCs4HQkUkzrxaA_6rustls6webpki6verifyNtB4_25WebPkiSupportedAlgorithms4fips0B8_
FNDA:72,_RNCNvMNtNtCs4HQkUkzrxaA_6rustls6webpki6verifyNtB4_25WebPkiSupportedAlgorithms17supported_schemes0B8_
FNDA:0,_RNCNvXs_NtNtCs4HQkUkzrxaA_6rustls6webpki6verifyNtB6_25WebPkiSupportedAlgorithmsNtNtCsiBaDUsXeAwp_4core3fmt5Debug3fmt0Ba_
FNDA:0,_RNvXs1_NtNtCs4HQkUkzrxaA_6rustls6webpki6verifyNtB5_25WebPkiSupportedAlgorithmsNtNtCsiBaDUsXeAwp_4core5clone5Clone5cloneB9_
FNF:19
FNH:10
DA:25,0
DA:26,0
DA:27,0
DA:28,0
DA:29,0
DA:30,0
DA:31,0
DA:32,0
DA:33,0
DA:34,0
DA:35,0
DA:36,0
DA:37,0
DA:38,0
DA:39,0
DA:40,0
DA:45,8
DA:46,8
DA:47,8
DA:48,8
DA:49,8
DA:50,8
DA:51,8
DA:52,8
DA:56,0
DA:85,8
DA:86,8
DA:87,8
DA:88,72
DA:89,8
DA:90,8
DA:93,8
DA:94,8
DA:95,8
DA:96,8
DA:97,8
DA:98,8
DA:99,32
DA:100,8
DA:101,8
DA:102,8
DA:105,0
DA:106,0
DA:107,0
DA:108,0
DA:109,0
DA:110,0
DA:111,0
DA:115,0
DA:116,0
DA:117,0
DA:118,0
DA:119,0
DA:120,0
DA:121,0
DA:131,8
DA:132,8
DA:133,8
DA:134,8
DA:135,8
DA:146,2
DA:147,2
DA:148,2
DA:149,2
DA:150,2
DA:151,2
DA:152,2
DA:153,2
DA:155,2
DA:156,2
DA:157,0
DA:158,0
DA:159,2
DA:163,0
DA:164,0
DA:165,0
DA:166,2
DA:174,6
DA:175,6
DA:176,6
DA:177,6
DA:178,6
DA:179,6
DA:180,6
DA:181,0
DA:182,6
DA:184,6
DA:186,6
DA:188,6
DA:189,6
DA:190,6
DA:191,6
DA:206,8
DA:207,8
DA:208,8
DA:209,8
DA:210,8
DA:211,8
DA:212,8
DA:213,8
DA:214,8
DA:215,8
DA:216,8
DA:217,8
DA:218,8
DA:219,8
DA:220,8
DA:221,8
DA:222,8
DA:223,8
DA:224,8
DA:225,0
DA:227,8
BRF:0
BRH:0
LF:121
LH:78
end_of_record
SF:C:\Code\rustls\rustls\src\x509.rs
FN:20,_RNCNvNtCs4HQkUkzrxaA_6rustls4x5099asn1_wrap0B5_
FN:37,_RNvNtCs4HQkUkzrxaA_6rustls4x50916wrap_in_sequence
FN:5,_RNvNtCs4HQkUkzrxaA_6rustls4x5099asn1_wrap
FNDA:0,_RNCNvNtCs4HQkUkzrxaA_6rustls4x5099asn1_wrap0B5_
FNDA:0,_RNvNtCs4HQkUkzrxaA_6rustls4x50916wrap_in_sequence
FNDA:0,_RNvNtCs4HQkUkzrxaA_6rustls4x5099asn1_wrap
FNF:3
FNH:0
DA:5,0
DA:6,0
DA:7,0
DA:8,0
DA:10,0
DA:11,0
DA:12,0
DA:13,0
DA:14,0
DA:17,0
DA:18,0
DA:19,0
DA:20,0
DA:21,0
DA:22,0
DA:23,0
DA:24,0
DA:25,0
DA:26,0
DA:27,0
DA:28,0
DA:29,0
DA:30,0
DA:31,0
DA:32,0
DA:34,0
DA:37,0
DA:38,0
DA:39,0
BRF:0
BRH:0
LF:30
LH:0
end_of_record