SF:C:\Code\rust-symcrypt\rust-symcrypt\src\block_ciphers.rs
FN:19,_RNvNtCsfRU2vhqajDS_8symcrypt13block_ciphers14convert_cipher
FNDA:24,_RNvNtCsfRU2vhqajDS_8symcrypt13block_ciphers14convert_cipher
FNF:1
FNH:1
DA:19,24
DA:20,24
DA:21,24
DA:22,24
DA:23,24
DA:24,24
BRF:0
BRH:0
LF:6
LH:6
end_of_record
SF:C:\Code\rust-symcrypt\rust-symcrypt\src\chacha.rs
FN:97,_RNvNtCsfRU2vhqajDS_8symcrypt6chacha34chacha20_poly1305_encrypt_in_place
FN:142,_RNvNtCsfRU2vhqajDS_8symcrypt6chacha34chacha20_poly1305_decrypt_in_place
FNDA:6,_RNvNtCsfRU2vhqajDS_8symcrypt6chacha34chacha20_poly1305_encrypt_in_place
FNDA:5,_RNvNtCsfRU2vhqajDS_8symcrypt6chacha34chacha20_poly1305_decrypt_in_place
FNF:2
FNH:2
DA:97,6
DA:98,6
DA:99,6
DA:100,6
DA:101,6
DA:102,6
DA:103,6
DA:104,6
DA:105,6
DA:106,6
DA:107,6
DA:108,6
DA:109,6
DA:110,6
DA:111,6
DA:112,6
DA:113,6
DA:114,6
DA:115,6
DA:116,6
DA:117,6
DA:118,6
DA:119,6
DA:120,0
DA:123,6
DA:142,5
DA:143,5
DA:144,5
DA:145,5
DA:146,5
DA:147,5
DA:148,5
DA:149,5
DA:150,5
DA:151,5
DA:152,5
DA:153,5
DA:154,5
DA:155,5
DA:156,5
DA:157,5
DA:158,5
DA:159,5
DA:160,5
DA:161,5
DA:162,5
DA:163,5
DA:164,5
DA:165,0
DA:168,5
BRF:0
BRH:0
LF:50
LH:48
end_of_record
SF:C:\Code\rust-symcrypt\rust-symcrypt\src\ecdh.rs
FN:125,_RNvMs_NtCsfRU2vhqajDS_8symcrypt4ecdhNtB4_4EcDh20get_public_key_bytes
FN:66,_RNvMs_NtCsfRU2vhqajDS_8symcrypt4ecdhNtB4_4EcDh3new
FN:49,_RNvMNtCsfRU2vhqajDS_8symcrypt4ecdhNtB2_19EcDhSecretAgreement8as_bytes
FN:87,_RNvMs_NtCsfRU2vhqajDS_8symcrypt4ecdhNtB4_4EcDh9get_curve
FN:92,_RNvMs_NtCsfRU2vhqajDS_8symcrypt4ecdhNtB4_4EcDh21from_public_key_bytes
FN:152,_RNvMs_NtCsfRU2vhqajDS_8symcrypt4ecdhNtB4_4EcDh21ecdh_secret_agreement
FNDA:9,_RNvMs_NtCsfRU2vhqajDS_8symcrypt4ecdhNtB4_4EcDh20get_public_key_bytes
FNDA:9,_RNvMs_NtCsfRU2vhqajDS_8symcrypt4ecdhNtB4_4EcDh3new
FNDA:9,_RNvMNtCsfRU2vhqajDS_8symcrypt4ecdhNtB2_19EcDhSecretAgreement8as_bytes
FNDA:13,_RNvMs_NtCsfRU2vhqajDS_8symcrypt4ecdhNtB4_4EcDh9get_curve
FNDA:9,_RNvMs_NtCsfRU2vhqajDS_8symcrypt4ecdhNtB4_4EcDh21from_public_key_bytes
FNDA:9,_RNvMs_NtCsfRU2vhqajDS_8symcrypt4ecdhNtB4_4EcDh21ecdh_secret_agreement
FNF:6
FNH:6
DA:49,9
DA:50,9
DA:51,9
DA:66,9
DA:67,9
DA:70,9
DA:71,9
DA:72,9
DA:73,9
DA:75,9
DA:76,9
DA:77,9
DA:78,9
DA:79,9
DA:81,0
DA:84,9
DA:87,13
DA:88,13
DA:89,13
DA:92,9
DA:93,9
DA:94,9
DA:95,9
DA:96,9
DA:97,9
DA:98,9
DA:102,9
DA:103,9
DA:104,9
DA:105,9
DA:106,9
DA:107,9
DA:108,9
DA:109,9
DA:110,9
DA:111,9
DA:113,9
DA:114,9
DA:115,9
DA:116,9
DA:117,9
DA:119,0
DA:122,9
DA:125,9
DA:126,9
DA:127,9
DA:128,9
DA:129,9
DA:130,9
DA:131,9
DA:132,9
DA:133,9
DA:134,9
DA:135,9
DA:136,9
DA:137,9
DA:138,9
DA:139,9
DA:140,9
DA:141,9
DA:142,9
DA:143,9
DA:144,9
DA:145,9
DA:146,0
DA:149,9
DA:152,9
DA:153,9
DA:154,9
DA:155,9
DA:156,9
DA:157,9
DA:158,9
DA:159,9
DA:160,9
DA:161,9
DA:162,9
DA:163,9
DA:164,9
DA:165,9
DA:166,9
DA:167,9
DA:168,9
DA:169,9
DA:170,9
DA:171,0
DA:174,9
BRF:0
BRH:0
LF:87
LH:83
end_of_record
SF:C:\Code\rust-symcrypt\rust-symcrypt\src\eckey.rs
FN:11,_RNvXs9_NtCsfRU2vhqajDS_8symcrypt5eckeyNtB5_9CurveTypeNtNtCsiBaDUsXeAwp_4core3cmp9PartialEq2eqCs6G3VJIBeoZf_15rustls_symcrypt
FN:11,_RNvXsa_NtCsfRU2vhqajDS_8symcrypt5eckeyNtB5_9CurveTypeNtNtCsiBaDUsXeAwp_4core3fmt5Debug3fmtCs6G3VJIBeoZf_15rustls_symcrypt
FN:139,_RNvXs5_NtCsfRU2vhqajDS_8symcrypt5eckeyNtB5_7EcCurveNtNtNtCsiBaDUsXeAwp_4core3ops4drop4Drop4drop
FN:81,_RNvXs3_NtCsfRU2vhqajDS_8symcrypt5eckeyNtB5_5EcKeyNtNtNtCsiBaDUsXeAwp_4core3ops4drop4Drop4drop
FN:57,_RNvMNtCsfRU2vhqajDS_8symcrypt5eckeyNtB2_5EcKey5curve
FN:157,_RNvNtCsfRU2vhqajDS_8symcrypt5eckey14get_num_format
FN:32,_RNvMNtCsfRU2vhqajDS_8symcrypt5eckeyNtB2_5EcKey3new
FN:128,_RNvMs4_NtCsfRU2vhqajDS_8symcrypt5eckeyNtB5_7EcCurve8get_size
FN:98,_RNvNtCsfRU2vhqajDS_8symcrypt5eckey12internal_new
FN:148,_RNvNtCsfRU2vhqajDS_8symcrypt5eckey13convert_curve
FN:117,_RNvMs4_NtCsfRU2vhqajDS_8symcrypt5eckeyNtB5_7EcCurve3new
FN:51,_RNvMNtCsfRU2vhqajDS_8symcrypt5eckeyNtB2_5EcKey5inner
FN:170,_RNvNtCsfRU2vhqajDS_8symcrypt5eckey19get_ec_point_format
FN:11,_RNvXs9_NtCsfRU2vhqajDS_8symcrypt5eckeyNtB5_9CurveTypeNtNtCsiBaDUsXeAwp_4core3cmp9PartialEq2eqCsjUkNKz8v5xV_15rustls_symcrypt
FN:11,_RNvXsa_NtCsfRU2vhqajDS_8symcrypt5eckeyNtB5_9CurveTypeNtNtCsiBaDUsXeAwp_4core3fmt5Debug3fmtCsjUkNKz8v5xV_15rustls_symcrypt
FNDA:13,_RNvXs9_NtCsfRU2vhqajDS_8symcrypt5eckeyNtB5_9CurveTypeNtNtCsiBaDUsXeAwp_4core3cmp9PartialEq2eqCs6G3VJIBeoZf_15rustls_symcrypt
FNDA:0,_RNvXsa_NtCsfRU2vhqajDS_8symcrypt5eckeyNtB5_9CurveTypeNtNtCsiBaDUsXeAwp_4core3fmt5Debug3fmtCs6G3VJIBeoZf_15rustls_symcrypt
FNDA:0,_RNvXs5_NtCsfRU2vhqajDS_8symcrypt5eckeyNtB5_7EcCurveNtNtNtCsiBaDUsXeAwp_4core3ops4drop4Drop4drop
FNDA:18,_RNvXs3_NtCsfRU2vhqajDS_8symcrypt5eckeyNtB5_5EcKeyNtNtNtCsiBaDUsXeAwp_4core3ops4drop4Drop4drop
FNDA:9,_RNvMNtCsfRU2vhqajDS_8symcrypt5eckeyNtB2_5EcKey5curve
FNDA:27,_RNvNtCsfRU2vhqajDS_8symcrypt5eckey14get_num_format
FNDA:18,_RNvMNtCsfRU2vhqajDS_8symcrypt5eckeyNtB2_5EcKey3new
FNDA:9,_RNvMs4_NtCsfRU2vhqajDS_8symcrypt5eckeyNtB5_7EcCurve8get_size
FNDA:3,_RNvNtCsfRU2vhqajDS_8symcrypt5eckey12internal_new
FNDA:3,_RNvNtCsfRU2vhqajDS_8symcrypt5eckey13convert_curve
FNDA:18,_RNvMs4_NtCsfRU2vhqajDS_8symcrypt5eckeyNtB5_7EcCurve3new
FNDA:54,_RNvMNtCsfRU2vhqajDS_8symcrypt5eckeyNtB2_5EcKey5inner
FNDA:18,_RNvNtCsfRU2vhqajDS_8symcrypt5eckey19get_ec_point_format
FNDA:0,_RNvXs9_NtCsfRU2vhqajDS_8symcrypt5eckeyNtB5_9CurveTypeNtNtCsiBaDUsXeAwp_4core3cmp9PartialEq2eqCsjUkNKz8v5xV_15rustls_symcrypt
FNDA:0,_RNvXsa_NtCsfRU2vhqajDS_8symcrypt5eckeyNtB5_9CurveTypeNtNtCsiBaDUsXeAwp_4core3fmt5Debug3fmtCsjUkNKz8v5xV_15rustls_symcrypt
FNF:13
FNH:11
DA:11,13
DA:32,18
DA:33,18
DA:34,18
DA:35,18
DA:36,18
DA:37,18
DA:38,18
DA:39,0
DA:40,18
DA:41,18
DA:42,18
DA:43,18
DA:44,18
DA:45,18
DA:47,18
DA:51,54
DA:52,54
DA:53,54
DA:57,9
DA:58,9
DA:59,9
DA:81,18
DA:82,18
DA:83,18
DA:84,18
DA:85,18
DA:86,18
DA:98,3
DA:99,3
DA:100,3
DA:101,3
DA:102,3
DA:103,3
DA:104,3
DA:105,3
DA:106,3
DA:107,3
DA:108,0
DA:109,3
DA:110,3
DA:111,3
DA:113,3
DA:117,18
DA:118,18
DA:119,10
DA:120,6
DA:121,2
DA:124,18
DA:125,18
DA:128,9
DA:129,9
DA:130,9
DA:131,9
DA:132,9
DA:133,9
DA:134,9
DA:139,0
DA:140,0
DA:141,0
DA:142,0
DA:143,0
DA:144,0
DA:148,3
DA:149,3
DA:150,1
DA:151,1
DA:152,1
DA:154,3
DA:157,27
DA:159,27
DA:161,3
DA:164,24
DA:167,3
DA:168,27
DA:170,18
DA:172,18
DA:173,2
DA:175,16
DA:178,18
DA:179,18
BRF:0
BRH:0
LF:82
LH:73
end_of_record
SF:C:\Code\rust-symcrypt\rust-symcrypt\src\errors.rs
FN:9,_RNvXs0_NtCsfRU2vhqajDS_8symcrypt6errorsNtB5_13SymCryptErrorNtNtCsiBaDUsXeAwp_4core3fmt5Debug3fmtCs6G3VJIBeoZf_15rustls_symcrypt
FN:85,_RNvXs_NtCsfRU2vhqajDS_8symcrypt6errorsNtB4_13SymCryptErrorNtNtCsiBaDUsXeAwp_4core3fmt7Display3fmt
FN:9,_RNvXs0_NtCsfRU2vhqajDS_8symcrypt6errorsNtB5_13SymCryptErrorNtNtCsiBaDUsXeAwp_4core3fmt5Debug3fmtB7_
FN:37,_RNvXNtCsfRU2vhqajDS_8symcrypt6errorsNtB2_13SymCryptErrorINtNtCsiBaDUsXeAwp_4core7convert4FromlE4from
FN:9,_RNvXs0_NtCsfRU2vhqajDS_8symcrypt6errorsNtB5_13SymCryptErrorNtNtCsiBaDUsXeAwp_4core3fmt5Debug3fmtCsjUkNKz8v5xV_15rustls_symcrypt
FNDA:0,_RNvXs0_NtCsfRU2vhqajDS_8symcrypt6errorsNtB5_13SymCryptErrorNtNtCsiBaDUsXeAwp_4core3fmt5Debug3fmtCs6G3VJIBeoZf_15rustls_symcrypt
FNDA:0,_RNvXs_NtCsfRU2vhqajDS_8symcrypt6errorsNtB4_13SymCryptErrorNtNtCsiBaDUsXeAwp_4core3fmt7Display3fmt
FNDA:0,_RNvXs0_NtCsfRU2vhqajDS_8symcrypt6errorsNtB5_13SymCryptErrorNtNtCsiBaDUsXeAwp_4core3fmt5Debug3fmtB7_
FNDA:0,_RNvXNtCsfRU2vhqajDS_8symcrypt6errorsNtB2_13SymCryptErrorINtNtCsiBaDUsXeAwp_4core7convert4FromlE4from
FNDA:0,_RNvXs0_NtCsfRU2vhqajDS_8symcrypt6errorsNtB5_13SymCryptErrorNtNtCsiBaDUsXeAwp_4core3fmt5Debug3fmtCsjUkNKz8v5xV_15rustls_symcrypt
FNF:3
FNH:0
DA:9,0
DA:37,0
DA:38,0
DA:39,0
DA:40,0
DA:41,0
DA:42,0
DA:43,0
DA:44,0
DA:45,0
DA:47,0
DA:50,0
DA:53,0
DA:55,0
DA:57,0
DA:59,0
DA:60,0
DA:61,0
DA:63,0
DA:66,0
DA:69,0
DA:72,0
DA:74,0
DA:76,0
DA:78,0
DA:80,0
DA:85,0
DA:86,0
DA:87,0
DA:88,0
DA:89,0
DA:90,0
DA:91,0
DA:92,0
DA:93,0
DA:94,0
DA:95,0
DA:96,0
DA:97,0
DA:98,0
DA:99,0
DA:100,0
DA:101,0
DA:102,0
DA:103,0
DA:104,0
DA:105,0
DA:106,0
DA:107,0
DA:108,0
DA:110,0
DA:111,0
BRF:0
BRH:0
LF:52
LH:0
end_of_record
SF:C:\Code\rust-symcrypt\rust-symcrypt\src\gcm.rs
FN:101,_RNvMNtCsfRU2vhqajDS_8symcrypt3gcmNtB2_14GcmExpandedKey16encrypt_in_place
FN:171,_RNvNtCsfRU2vhqajDS_8symcrypt3gcm14gcm_expand_key
FN:129,_RNvMNtCsfRU2vhqajDS_8symcrypt3gcmNtB2_14GcmExpandedKey16decrypt_in_place
FN:157,_RNvMNtCsfRU2vhqajDS_8symcrypt3gcmNtB2_14GcmExpandedKey7key_len
FN:88,_RNvMNtCsfRU2vhqajDS_8symcrypt3gcmNtB2_14GcmExpandedKey3new
FN:202,_RNvNtCsfRU2vhqajDS_8symcrypt3gcm23validate_gcm_parameters
FNDA:21,_RNvMNtCsfRU2vhqajDS_8symcrypt3gcmNtB2_14GcmExpandedKey16encrypt_in_place
FNDA:24,_RNvNtCsfRU2vhqajDS_8symcrypt3gcm14gcm_expand_key
FNDA:22,_RNvMNtCsfRU2vhqajDS_8symcrypt3gcmNtB2_14GcmExpandedKey16decrypt_in_place
FNDA:0,_RNvMNtCsfRU2vhqajDS_8symcrypt3gcmNtB2_14GcmExpandedKey7key_len
FNDA:24,_RNvMNtCsfRU2vhqajDS_8symcrypt3gcmNtB2_14GcmExpandedKey3new
FNDA:0,_RNvNtCsfRU2vhqajDS_8symcrypt3gcm23validate_gcm_parameters
FNF:6
FNH:4
DA:88,24
DA:89,24
DA:90,24
DA:91,24
DA:92,24
DA:93,24
DA:94,24
DA:95,24
DA:96,24
DA:101,21
DA:102,21
DA:103,21
DA:104,21
DA:105,21
DA:106,21
DA:107,21
DA:108,21
DA:109,21
DA:110,21
DA:111,21
DA:112,21
DA:113,21
DA:114,21
DA:115,21
DA:116,21
DA:117,21
DA:118,21
DA:119,21
DA:120,21
DA:121,21
DA:122,21
DA:123,21
DA:129,22
DA:130,22
DA:131,22
DA:132,22
DA:133,22
DA:134,22
DA:135,22
DA:136,22
DA:137,22
DA:138,22
DA:139,22
DA:140,22
DA:141,22
DA:142,22
DA:143,22
DA:144,22
DA:145,22
DA:146,22
DA:147,22
DA:148,22
DA:149,22
DA:150,22
DA:151,0
DA:154,22
DA:157,0
DA:158,0
DA:159,0
DA:171,24
DA:172,24
DA:173,24
DA:174,24
DA:175,24
DA:176,24
DA:177,24
DA:178,24
DA:179,24
DA:180,24
DA:181,24
DA:182,24
DA:183,24
DA:184,24
DA:185,0
DA:188,24
DA:202,0
DA:203,0
DA:204,0
DA:205,0
DA:206,0
DA:207,0
DA:208,0
DA:209,0
DA:210,0
DA:211,0
DA:212,0
DA:213,0
DA:214,0
DA:215,0
DA:216,0
DA:217,0
DA:218,0
DA:219,0
DA:222,0
BRF:0
BRH:0
LF:94
LH:70
end_of_record
SF:C:\Code\rust-symcrypt\rust-symcrypt\src\hash.rs
FN:134,_RNvXs1_NtCsfRU2vhqajDS_8symcrypt4hashNtB5_11Sha256StateNtNtNtCsiBaDUsXeAwp_4core3ops4drop4Drop4drop
FN:218,_RNvXs5_NtCsfRU2vhqajDS_8symcrypt4hashNtB5_11Sha384StateNtNtNtCsiBaDUsXeAwp_4core3ops4drop4Drop4drop
FN:172,_RNvMs2_NtCsfRU2vhqajDS_8symcrypt4hashNtB5_11Sha384State3new
FN:196,_RNvXs3_NtCsfRU2vhqajDS_8symcrypt4hashNtB5_11Sha384StateNtB5_9HashState6result
FN:123,_RNvXs0_NtCsfRU2vhqajDS_8symcrypt4hashNtB5_11Sha256StateNtNtCsiBaDUsXeAwp_4core5clone5Clone5clone
FN:234,_RNvNtCsfRU2vhqajDS_8symcrypt4hash6sha384
FN:101,_RNvXs_NtCsfRU2vhqajDS_8symcrypt4hashNtB4_11Sha256StateNtB4_9HashState6append
FN:207,_RNvXs4_NtCsfRU2vhqajDS_8symcrypt4hashNtB5_11Sha384StateNtNtCsiBaDUsXeAwp_4core5clone5Clone5clone
FN:112,_RNvXs_NtCsfRU2vhqajDS_8symcrypt4hashNtB4_11Sha256StateNtB4_9HashState6result
FN:185,_RNvXs3_NtCsfRU2vhqajDS_8symcrypt4hashNtB5_11Sha384StateNtB5_9HashState6append
FN:88,_RNvMNtCsfRU2vhqajDS_8symcrypt4hashNtB2_11Sha256State3new
FN:150,_RNvNtCsfRU2vhqajDS_8symcrypt4hash6sha256
FNDA:24,_RNvXs1_NtCsfRU2vhqajDS_8symcrypt4hashNtB5_11Sha256StateNtNtNtCsiBaDUsXeAwp_4core3ops4drop4Drop4drop
FNDA:36,_RNvXs5_NtCsfRU2vhqajDS_8symcrypt4hashNtB5_11Sha384StateNtNtNtCsiBaDUsXeAwp_4core3ops4drop4Drop4drop
FNDA:13,_RNvMs2_NtCsfRU2vhqajDS_8symcrypt4hashNtB5_11Sha384State3new
FNDA:31,_RNvXs3_NtCsfRU2vhqajDS_8symcrypt4hashNtB5_11Sha384StateNtB5_9HashState6result
FNDA:16,_RNvXs0_NtCsfRU2vhqajDS_8symcrypt4hashNtB5_11Sha256StateNtNtCsiBaDUsXeAwp_4core5clone5Clone5clone
FNDA:0,_RNvNtCsfRU2vhqajDS_8symcrypt4hash6sha384
FNDA:32,_RNvXs_NtCsfRU2vhqajDS_8symcrypt4hashNtB4_11Sha256StateNtB4_9HashState6append
FNDA:23,_RNvXs4_NtCsfRU2vhqajDS_8symcrypt4hashNtB5_11Sha384StateNtNtCsiBaDUsXeAwp_4core5clone5Clone5clone
FNDA:20,_RNvXs_NtCsfRU2vhqajDS_8symcrypt4hashNtB4_11Sha256StateNtB4_9HashState6result
FNDA:37,_RNvXs3_NtCsfRU2vhqajDS_8symcrypt4hashNtB5_11Sha384StateNtB5_9HashState6append
FNDA:8,_RNvMNtCsfRU2vhqajDS_8symcrypt4hashNtB2_11Sha256State3new
FNDA:0,_RNvNtCsfRU2vhqajDS_8symcrypt4hash6sha256
FNF:12
FNH:10
DA:88,8
DA:89,8
DA:90,8
DA:91,8
DA:92,8
DA:93,8
DA:94,8
DA:95,8
DA:101,32
DA:102,32
DA:103,32
DA:104,32
DA:105,32
DA:106,32
DA:107,32
DA:108,32
DA:109,32
DA:110,32
DA:112,20
DA:113,20
DA:114,20
DA:115,20
DA:116,20
DA:117,20
DA:118,20
DA:119,20
DA:123,16
DA:124,16
DA:125,16
DA:126,16
DA:127,16
DA:128,16
DA:129,16
DA:130,16
DA:134,24
DA:135,24
DA:136,24
DA:137,24
DA:138,24
DA:139,24
DA:140,24
DA:141,24
DA:142,24
DA:150,0
DA:151,0
DA:152,0
DA:153,0
DA:154,0
DA:155,0
DA:156,0
DA:157,0
DA:158,0
DA:159,0
DA:160,0
DA:161,0
DA:172,13
DA:173,13
DA:174,13
DA:175,13
DA:176,13
DA:177,13
DA:178,13
DA:179,13
DA:185,37
DA:186,37
DA:187,37
DA:188,37
DA:189,37
DA:190,37
DA:191,37
DA:192,37
DA:193,37
DA:194,37
DA:196,31
DA:197,31
DA:198,31
DA:199,31
DA:200,31
DA:201,31
DA:202,31
DA:203,31
DA:207,23
DA:208,23
DA:209,23
DA:210,23
DA:211,23
DA:212,23
DA:213,23
DA:214,23
DA:218,36
DA:219,36
DA:220,36
DA:221,36
DA:222,36
DA:223,36
DA:224,36
DA:225,36
DA:226,36
DA:234,0
DA:235,0
DA:236,0
DA:237,0
DA:238,0
DA:239,0
DA:240,0
DA:241,0
DA:242,0
DA:243,0
DA:244,0
DA:245,0
BRF:0
BRH:0
LF:110
LH:86
end_of_record
SF:C:\Code\rust-symcrypt\rust-symcrypt\src\hmac.rs
FN:389,_RNvXsb_NtCsfRU2vhqajDS_8symcrypt4hmacNtB5_15HmacSha384StateNtNtNtCsiBaDUsXeAwp_4core3ops4drop4Drop4drop
FN:213,_RNvXs4_NtCsfRU2vhqajDS_8symcrypt4hmacNtB5_15HmacSha256StateNtNtNtCsiBaDUsXeAwp_4core3ops4drop4Drop4drop
FN:267,_RNvXs5_NtCsfRU2vhqajDS_8symcrypt4hmacNtB5_21HmacSha384ExpandedKeyNtNtNtCsiBaDUsXeAwp_4core3ops4drop4Drop4drop
FN:93,_RNvXNtCsfRU2vhqajDS_8symcrypt4hmacNtB2_21HmacSha256ExpandedKeyNtNtNtCsiBaDUsXeAwp_4core3ops4drop4Drop4drop
FN:344,_RNvXs9_NtCsfRU2vhqajDS_8symcrypt4hmacNtB5_15HmacSha384StateNtB5_9HmacState6append
FN:168,_RNvXs2_NtCsfRU2vhqajDS_8symcrypt4hmacNtB5_15HmacSha256StateNtB5_9HmacState6append
FN:355,_RNvXs9_NtCsfRU2vhqajDS_8symcrypt4hmacNtB5_15HmacSha384StateNtB5_9HmacState6result
FN:179,_RNvXs2_NtCsfRU2vhqajDS_8symcrypt4hmacNtB5_15HmacSha256StateNtB5_9HmacState6result
FN:134,_RNvMs1_NtCsfRU2vhqajDS_8symcrypt4hmacNtB5_15HmacSha256State3new
FN:231,_RNvNtCsfRU2vhqajDS_8symcrypt4hmac11hmac_sha256
FN:310,_RNvMs8_NtCsfRU2vhqajDS_8symcrypt4hmacNtB5_15HmacSha384State3new
FN:407,_RNvNtCsfRU2vhqajDS_8symcrypt4hmac11hmac_sha384
FN:369,_RNvXsa_NtCsfRU2vhqajDS_8symcrypt4hmacNtB5_15HmacSha384StateNtNtCsiBaDUsXeAwp_4core5clone5Clone5clone
FN:193,_RNvXs3_NtCsfRU2vhqajDS_8symcrypt4hmacNtB5_15HmacSha256StateNtNtCsiBaDUsXeAwp_4core5clone5Clone5clone
FNDA:162,_RNvXsb_NtCsfRU2vhqajDS_8symcrypt4hmacNtB5_15HmacSha384StateNtNtNtCsiBaDUsXeAwp_4core3ops4drop4Drop4drop
FNDA:114,_RNvXs4_NtCsfRU2vhqajDS_8symcrypt4hmacNtB5_15HmacSha256StateNtNtNtCsiBaDUsXeAwp_4core3ops4drop4Drop4drop
FNDA:60,_RNvXs5_NtCsfRU2vhqajDS_8symcrypt4hmacNtB5_21HmacSha384ExpandedKeyNtNtNtCsiBaDUsXeAwp_4core3ops4drop4Drop4drop
FNDA:36,_RNvXNtCsfRU2vhqajDS_8symcrypt4hmacNtB2_21HmacSha256ExpandedKeyNtNtNtCsiBaDUsXeAwp_4core3ops4drop4Drop4drop
FNDA:660,_RNvXs9_NtCsfRU2vhqajDS_8symcrypt4hmacNtB5_15HmacSha384StateNtB5_9HmacState6append
FNDA:438,_RNvXs2_NtCsfRU2vhqajDS_8symcrypt4hmacNtB5_15HmacSha256StateNtB5_9HmacState6append
FNDA:102,_RNvXs9_NtCsfRU2vhqajDS_8symcrypt4hmacNtB5_15HmacSha384StateNtB5_9HmacState6result
FNDA:78,_RNvXs2_NtCsfRU2vhqajDS_8symcrypt4hmacNtB5_15HmacSha256StateNtB5_9HmacState6result
FNDA:36,_RNvMs1_NtCsfRU2vhqajDS_8symcrypt4hmacNtB5_15HmacSha256State3new
FNDA:0,_RNvNtCsfRU2vhqajDS_8symcrypt4hmac11hmac_sha256
FNDA:60,_RNvMs8_NtCsfRU2vhqajDS_8symcrypt4hmacNtB5_15HmacSha384State3new
FNDA:0,_RNvNtCsfRU2vhqajDS_8symcrypt4hmac11hmac_sha384
FNDA:102,_RNvXsa_NtCsfRU2vhqajDS_8symcrypt4hmacNtB5_15HmacSha384StateNtNtCsiBaDUsXeAwp_4core5clone5Clone5clone
FNDA:78,_RNvXs3_NtCsfRU2vhqajDS_8symcrypt4hmacNtB5_15HmacSha256StateNtNtCsiBaDUsXeAwp_4core5clone5Clone5clone
FNF:14
FNH:12
DA:93,36
DA:94,36
DA:95,36
DA:96,36
DA:97,36
DA:98,36
DA:99,36
DA:100,36
DA:101,36
DA:134,36
DA:135,36
DA:136,36
DA:137,36
DA:138,36
DA:139,36
DA:140,36
DA:141,36
DA:142,36
DA:143,36
DA:144,36
DA:145,36
DA:147,36
DA:148,36
DA:149,36
DA:150,36
DA:151,36
DA:152,36
DA:153,36
DA:154,36
DA:155,36
DA:156,36
DA:157,36
DA:159,0
DA:162,36
DA:168,438
DA:169,438
DA:170,438
DA:171,438
DA:172,438
DA:173,438
DA:174,438
DA:175,438
DA:176,438
DA:177,438
DA:179,78
DA:180,78
DA:181,78
DA:182,78
DA:183,78
DA:184,78
DA:185,78
DA:186,78
DA:193,78
DA:194,78
DA:195,78
DA:196,78
DA:197,78
DA:198,78
DA:199,78
DA:200,78
DA:201,78
DA:202,78
DA:203,78
DA:204,78
DA:205,78
DA:206,78
DA:207,78
DA:208,78
DA:209,78
DA:213,114
DA:214,114
DA:215,114
DA:216,114
DA:217,114
DA:218,114
DA:219,114
DA:220,114
DA:221,114
DA:231,0
DA:232,0
DA:233,0
DA:234,0
DA:235,0
DA:236,0
DA:237,0
DA:238,0
DA:239,0
DA:240,0
DA:241,0
DA:242,0
DA:243,0
DA:244,0
DA:245,0
DA:246,0
DA:248,0
DA:249,0
DA:250,0
DA:251,0
DA:252,0
DA:253,0
DA:254,0
DA:256,0
DA:259,0
DA:267,60
DA:268,60
DA:269,60
DA:270,60
DA:271,60
DA:272,60
DA:273,60
DA:274,60
DA:275,60
DA:310,60
DA:311,60
DA:312,60
DA:313,60
DA:314,60
DA:315,60
DA:316,60
DA:317,60
DA:318,60
DA:319,60
DA:320,60
DA:321,60
DA:323,60
DA:324,60
DA:325,60
DA:326,60
DA:327,60
DA:328,60
DA:329,60
DA:330,60
DA:331,60
DA:332,60
DA:333,60
DA:335,0
DA:338,60
DA:344,660
DA:345,660
DA:346,660
DA:347,660
DA:348,660
DA:349,660
DA:350,660
DA:351,660
DA:352,660
DA:353,660
DA:355,102
DA:356,102
DA:357,102
DA:358,102
DA:359,102
DA:360,102
DA:361,102
DA:362,102
DA:369,102
DA:370,102
DA:371,102
DA:372,102
DA:373,102
DA:374,102
DA:375,102
DA:376,102
DA:377,102
DA:378,102
DA:379,102
DA:380,102
DA:381,102
DA:382,102
DA:383,102
DA:384,102
DA:385,102
DA:389,162
DA:390,162
DA:391,162
DA:392,162
DA:393,162
DA:394,162
DA:395,162
DA:396,162
DA:397,162
DA:407,0
DA:408,0
DA:409,0
DA:410,0
DA:411,0
DA:412,0
DA:413,0
DA:414,0
DA:415,0
DA:416,0
DA:417,0
DA:418,0
DA:419,0
DA:420,0
DA:421,0
DA:423,0
DA:424,0
DA:425,0
DA:426,0
DA:427,0
DA:428,0
DA:429,0
DA:431,0
DA:434,0
BRF:0
BRH:0
LF:205
LH:154
end_of_record
SF:C:\Code\rust-symcrypt\rust-symcrypt\src\lib.rs
FN:106,_RNvCsfRU2vhqajDS_8symcrypt15symcrypt_random
FN:91,_RNvCsfRU2vhqajDS_8symcrypt13symcrypt_init
FN:96,_RNCNvCsfRU2vhqajDS_8symcrypt13symcrypt_init0B3_
FNDA:26,_RNvCsfRU2vhqajDS_8symcrypt15symcrypt_random
FNDA:3,_RNvCsfRU2vhqajDS_8symcrypt13symcrypt_init
FNDA:1,_RNCNvCsfRU2vhqajDS_8symcrypt13symcrypt_init0B3_
FNF:3
FNH:3
DA:91,3
DA:92,3
DA:93,3
DA:94,3
DA:95,3
DA:96,3
DA:97,1
DA:98,1
DA:99,1
DA:100,1
DA:101,3
DA:102,3
DA:103,3
DA:106,26
DA:107,26
DA:108,26
DA:109,26
DA:110,26
DA:111,26
BRF:0
BRH:0
LF:21
LH:21
end_of_record
SF:C:\Code\rust-symcrypt\symcrypt-sys\src\symcrypt_bindings.rs
FN:235,_RNvXsQ_NtCs9Frfijydzs9_12symcrypt_sys17symcrypt_bindingsNtB5_31__SYMCRYPT_SHA256_CHAINING_STATENtNtCsiBaDUsXeAwp_4core7default7Default7defaultCsfRU2vhqajDS_8symcrypt
FN:889,_RNvXs1n_NtCs9Frfijydzs9_12symcrypt_sys17symcrypt_bindingsNtB6_34__SYMCRYPT_HMAC_SHA384_EXPANDED_KEYNtNtCsiBaDUsXeAwp_4core7default7Default7defaultCsfRU2vhqajDS_8symcrypt
FN:754,_RNvXs1g_NtCs9Frfijydzs9_12symcrypt_sys17symcrypt_bindingsNtB6_34__SYMCRYPT_HMAC_SHA256_EXPANDED_KEYNtNtCsiBaDUsXeAwp_4core7default7Default7defaultCsfRU2vhqajDS_8symcrypt
FN:367,_RNvXsX_NtCs9Frfijydzs9_12symcrypt_sys17symcrypt_bindingsNtB5_31__SYMCRYPT_SHA512_CHAINING_STATENtNtCsiBaDUsXeAwp_4core7default7Default7defaultCsfRU2vhqajDS_8symcrypt
FN:2821,_RNvXsr_NtCs9Frfijydzs9_12symcrypt_sys17symcrypt_bindingsNtB5_34__SYMCRYPT_MODELEMENT__bindgen_ty_1NtNtCsiBaDUsXeAwp_4core7default7Default7default
FN:2586,_RNvXso_NtCs9Frfijydzs9_12symcrypt_sys17symcrypt_bindingsNtB5_45__SYMCRYPT_MODULUS__bindgen_ty_1__bindgen_ty_1NtNtCsiBaDUsXeAwp_4core7default7Default7default
FN:511,_RNvXs14_NtCs9Frfijydzs9_12symcrypt_sys17symcrypt_bindingsNtB6_14__SYMCRYPT_HASHNtNtCsiBaDUsXeAwp_4core7default7Default7defaultB8_
FN:169,_RNvXsH_NtCs9Frfijydzs9_12symcrypt_sys17symcrypt_bindingsNtB5_28__SYMCRYPT_MD5_CHAINING_STATENtNtCsiBaDUsXeAwp_4core3fmt5Debug3fmtB7_
FN:3869,_RNvXs2K_NtCs9Frfijydzs9_12symcrypt_sys17symcrypt_bindingsNtB6_23__SYMCRYPT_ECURVE_PARAMSNtNtCsiBaDUsXeAwp_4core5clone5Clone5cloneB8_
FN:235,_RNvXsQ_NtCs9Frfijydzs9_12symcrypt_sys17symcrypt_bindingsNtB5_31__SYMCRYPT_SHA256_CHAINING_STATENtNtCsiBaDUsXeAwp_4core7default7Default7defaultB7_
FN:3966,_RNvXsE_NtCs9Frfijydzs9_12symcrypt_sys17symcrypt_bindingsNtB5_23__SYMCRYPT_ECURVE_PARAMSNtNtCsiBaDUsXeAwp_4core7default7Default7default
FN:400,_RNvXs10_NtCs9Frfijydzs9_12symcrypt_sys17symcrypt_bindingsNtB6_22__SYMCRYPT_SHA384_STATENtNtCsiBaDUsXeAwp_4core3fmt5Debug3fmtB8_
FN:1081,_RNvXs1z_NtCs9Frfijydzs9_12symcrypt_sys17symcrypt_bindingsNtB6_26__SYMCRYPT_AES_EXPANDED_KEYNtNtCsiBaDUsXeAwp_4core5clone5Clone5cloneB8_
FN:169,_RNvXsK_NtCs9Frfijydzs9_12symcrypt_sys17symcrypt_bindingsNtB5_28__SYMCRYPT_MD5_CHAINING_STATENtNtCsiBaDUsXeAwp_4core5clone5Clone5cloneB7_
FN:202,_RNvXsL_NtCs9Frfijydzs9_12symcrypt_sys17symcrypt_bindingsNtB5_29__SYMCRYPT_SHA1_CHAINING_STATENtNtCsiBaDUsXeAwp_4core3fmt5Debug3fmtB7_
FN:641,_RNvXs18_NtCs9Frfijydzs9_12symcrypt_sys17symcrypt_bindingsNtB6_31__SYMCRYPT_HMAC_MD5_EXPANDED_KEYNtNtCsiBaDUsXeAwp_4core7default7Default7defaultB8_
FN:2538,_RNvXs2k_NtCs9Frfijydzs9_12symcrypt_sys17symcrypt_bindingsNtB6_45__SYMCRYPT_MODULUS__bindgen_ty_1__bindgen_ty_1NtNtCsiBaDUsXeAwp_4core3fmt5Debug3fmtB8_
FN:2595,_RNvXs2q_NtCs9Frfijydzs9_12symcrypt_sys17symcrypt_bindingsNtB6_45__SYMCRYPT_MODULUS__bindgen_ty_1__bindgen_ty_2NtNtCsiBaDUsXeAwp_4core5clone5Clone5cloneB8_
FN:889,_RNvXs1p_NtCs9Frfijydzs9_12symcrypt_sys17symcrypt_bindingsNtB6_34__SYMCRYPT_HMAC_SHA384_EXPANDED_KEYNtNtCsiBaDUsXeAwp_4core5clone5Clone5cloneB8_
FN:949,_RNvXs1q_NtCs9Frfijydzs9_12symcrypt_sys17symcrypt_bindingsNtB6_27__SYMCRYPT_HMAC_SHA384_STATENtNtCsiBaDUsXeAwp_4core3fmt5Debug3fmtB8_
FN:1466,_RNvXs1J_NtCs9Frfijydzs9_12symcrypt_sys17symcrypt_bindingsNtB6_40__SYMCRYPT_GCM_SUPPORTED_BLOCKCIPHER_KEYSNtNtCsiBaDUsXeAwp_4core5clone5Clone5cloneB8_
FN:511,_RNvXs13_NtCs9Frfijydzs9_12symcrypt_sys17symcrypt_bindingsNtB6_14__SYMCRYPT_HASHNtNtCsiBaDUsXeAwp_4core3fmt5Debug3fmtB8_
FN:1887,_RNvXs1V_NtCs9Frfijydzs9_12symcrypt_sys17symcrypt_bindingsNtB6_21__SYMCRYPT_BLOCKCIPHERNtNtCsiBaDUsXeAwp_4core5clone5Clone5cloneB8_
FN:2051,_RNvXs1X_NtCs9Frfijydzs9_12symcrypt_sys17symcrypt_bindingsNtB6_32__SYMCRYPT_TLSPRF1_2_EXPANDED_KEYNtNtCsiBaDUsXeAwp_4core5clone5Clone5cloneB8_
FN:2109,_RNvXs1Z_NtCs9Frfijydzs9_12symcrypt_sys17symcrypt_bindingsNtB6_27__SYMCRYPT_HKDF_EXPANDED_KEYNtNtCsiBaDUsXeAwp_4core5clone5Clone5cloneB8_
FN:2782,_RNvXs2s_NtCs9Frfijydzs9_12symcrypt_sys17symcrypt_bindingsNtB6_20__SYMCRYPT_MODELEMENTNtNtCsiBaDUsXeAwp_4core5clone5Clone5cloneB8_
FN:1023,_RNvXs1u_NtCs9Frfijydzs9_12symcrypt_sys17symcrypt_bindingsNtB6_34__SYMCRYPT_HMAC_SHA512_EXPANDED_KEYNtNtCsiBaDUsXeAwp_4core7default7Default7defaultB8_
FN:3407,_RNvXsy_NtCs9Frfijydzs9_12symcrypt_sys17symcrypt_bindingsNtB5_17__SYMCRYPT_ECPOINTNtNtCsiBaDUsXeAwp_4core7default7Default7default
FN:1567,_RNvXsc_NtCs9Frfijydzs9_12symcrypt_sys17symcrypt_bindingsNtB5_23__SYMCRYPT_GF128_ELEMENTNtNtCsiBaDUsXeAwp_4core7default7Default7default
FN:1707,_RNvXse_NtCs9Frfijydzs9_12symcrypt_sys17symcrypt_bindingsNtB5_26__SYMCRYPT_GCM_EXPANDED_KEYNtNtCsiBaDUsXeAwp_4core7default7Default7default
FN:2964,_RNvXs2z_NtCs9Frfijydzs9_12symcrypt_sys17symcrypt_bindingsNtB6_16__SYMCRYPT_ECURVENtNtCsiBaDUsXeAwp_4core5clone5Clone5cloneB8_
FN:2096,_RNvXsi_NtCs9Frfijydzs9_12symcrypt_sys17symcrypt_bindingsNtB5_32__SYMCRYPT_TLSPRF1_2_EXPANDED_KEYNtNtCsiBaDUsXeAwp_4core7default7Default7default
FN:3028,_RNvXsw_NtCs9Frfijydzs9_12symcrypt_sys17symcrypt_bindingsNtB5_30__SYMCRYPT_ECURVE__bindgen_ty_1NtNtCsiBaDUsXeAwp_4core7default7Default7default
FN:1838,_RNvXsf_NtCs9Frfijydzs9_12symcrypt_sys17symcrypt_bindingsNtB5_19__SYMCRYPT_GCM_STATENtNtCsiBaDUsXeAwp_4core7default7Default7default
FN:2997,_RNvXs2B_NtCs9Frfijydzs9_12symcrypt_sys17symcrypt_bindingsNtB6_30__SYMCRYPT_ECURVE__bindgen_ty_1NtNtCsiBaDUsXeAwp_4core5clone5Clone5cloneB8_
FN:2151,_RNvXsj_NtCs9Frfijydzs9_12symcrypt_sys17symcrypt_bindingsNtB5_27__SYMCRYPT_HKDF_EXPANDED_KEYNtNtCsiBaDUsXeAwp_4core7default7Default7default
FN:3355,_RNvXs2C_NtCs9Frfijydzs9_12symcrypt_sys17symcrypt_bindingsNtB6_17__SYMCRYPT_ECPOINTNtNtCsiBaDUsXeAwp_4core3fmt5Debug3fmtB8_
FN:400,_RNvXs12_NtCs9Frfijydzs9_12symcrypt_sys17symcrypt_bindingsNtB6_22__SYMCRYPT_SHA384_STATENtNtCsiBaDUsXeAwp_4core5clone5Clone5cloneB8_
FN:169,_RNvXsI_NtCs9Frfijydzs9_12symcrypt_sys17symcrypt_bindingsNtB5_28__SYMCRYPT_MD5_CHAINING_STATENtNtCsiBaDUsXeAwp_4core7default7Default7defaultB7_
FN:3511,_RNvXsB_NtCs9Frfijydzs9_12symcrypt_sys17symcrypt_bindingsNtB5_15__SYMCRYPT_ECKEYNtNtCsiBaDUsXeAwp_4core7default7Default7default
FN:367,_RNvXsW_NtCs9Frfijydzs9_12symcrypt_sys17symcrypt_bindingsNtB5_31__SYMCRYPT_SHA512_CHAINING_STATENtNtCsiBaDUsXeAwp_4core3fmt5Debug3fmtB7_
FN:889,_RNvXs1n_NtCs9Frfijydzs9_12symcrypt_sys17symcrypt_bindingsNtB6_34__SYMCRYPT_HMAC_SHA384_EXPANDED_KEYNtNtCsiBaDUsXeAwp_4core7default7Default7defaultB8_
FN:949,_RNvXs1s_NtCs9Frfijydzs9_12symcrypt_sys17symcrypt_bindingsNtB6_27__SYMCRYPT_HMAC_SHA384_STATENtNtCsiBaDUsXeAwp_4core5clone5Clone5cloneB8_
FN:1023,_RNvXs1t_NtCs9Frfijydzs9_12symcrypt_sys17symcrypt_bindingsNtB6_34__SYMCRYPT_HMAC_SHA512_EXPANDED_KEYNtNtCsiBaDUsXeAwp_4core3fmt5Debug3fmtB8_
FN:50,_RNvXsG_NtCs9Frfijydzs9_12symcrypt_sys17symcrypt_bindingsNtB5_7___m128iNtNtCsiBaDUsXeAwp_4core5clone5Clone5cloneB7_
FN:1887,_RNvXs1T_NtCs9Frfijydzs9_12symcrypt_sys17symcrypt_bindingsNtB6_21__SYMCRYPT_BLOCKCIPHERNtNtCsiBaDUsXeAwp_4core7default7Default7defaultB8_
FN:367,_RNvXsZ_NtCs9Frfijydzs9_12symcrypt_sys17symcrypt_bindingsNtB5_31__SYMCRYPT_SHA512_CHAINING_STATENtNtCsiBaDUsXeAwp_4core5clone5Clone5cloneB7_
FN:1023,_RNvXs1w_NtCs9Frfijydzs9_12symcrypt_sys17symcrypt_bindingsNtB6_34__SYMCRYPT_HMAC_SHA512_EXPANDED_KEYNtNtCsiBaDUsXeAwp_4core5clone5Clone5cloneB8_
FN:1503,_RNvXsb_NtCs9Frfijydzs9_12symcrypt_sys17symcrypt_bindingsNtB5_40__SYMCRYPT_GCM_SUPPORTED_BLOCKCIPHER_KEYSNtNtCsiBaDUsXeAwp_4core7default7Default7default
FN:1609,_RNvXsd_NtCs9Frfijydzs9_12symcrypt_sys17symcrypt_bindingsNtB5_28__SYMCRYPT_GHASH_EXPANDED_KEYNtNtCsiBaDUsXeAwp_4core7default7Default7default
FN:2347,_RNvXs2b_NtCs9Frfijydzs9_12symcrypt_sys17symcrypt_bindingsNtB6_31__SYMCRYPT_DIVISOR__bindgen_ty_1NtNtCsiBaDUsXeAwp_4core5clone5Clone5cloneB8_
FN:2352,_RNvXs2d_NtCs9Frfijydzs9_12symcrypt_sys17symcrypt_bindingsNtB6_45__SYMCRYPT_DIVISOR__bindgen_ty_1__bindgen_ty_1NtNtCsiBaDUsXeAwp_4core7default7Default7defaultB8_
FN:354,_RNvXs_NtCs9Frfijydzs9_12symcrypt_sys17symcrypt_bindingsNtB4_22__SYMCRYPT_SHA256_STATENtNtCsiBaDUsXeAwp_4core7default7Default7default
FN:486,_RNvXs0_NtCs9Frfijydzs9_12symcrypt_sys17symcrypt_bindingsNtB5_22__SYMCRYPT_SHA384_STATENtNtCsiBaDUsXeAwp_4core7default7Default7default
FN:2532,_RNvXs2j_NtCs9Frfijydzs9_12symcrypt_sys17symcrypt_bindingsNtB6_31__SYMCRYPT_MODULUS__bindgen_ty_1NtNtCsiBaDUsXeAwp_4core5clone5Clone5cloneB8_
FN:889,_RNvXs1m_NtCs9Frfijydzs9_12symcrypt_sys17symcrypt_bindingsNtB6_34__SYMCRYPT_HMAC_SHA384_EXPANDED_KEYNtNtCsiBaDUsXeAwp_4core3fmt5Debug3fmtB8_
FN:1336,_RNvXs1H_NtCs9Frfijydzs9_12symcrypt_sys17symcrypt_bindingsNtB6_13__SYMCRYPT_MACNtNtCsiBaDUsXeAwp_4core5clone5Clone5cloneB8_
FN:2880,_RNvXs2x_NtCs9Frfijydzs9_12symcrypt_sys17symcrypt_bindingsNtB6_29__SYMCRYPT_ECURVE_INFO_PRECOMPNtNtCsiBaDUsXeAwp_4core5clone5Clone5cloneB8_
FN:157,_RNvXNtCs9Frfijydzs9_12symcrypt_sys17symcrypt_bindingsNtB2_7___m128iNtNtCsiBaDUsXeAwp_4core7default7Default7default
FN:2519,_RNvXs2h_NtCs9Frfijydzs9_12symcrypt_sys17symcrypt_bindingsNtB6_17__SYMCRYPT_MODULUSNtNtCsiBaDUsXeAwp_4core5clone5Clone5cloneB8_
FN:1887,_RNvXs1S_NtCs9Frfijydzs9_12symcrypt_sys17symcrypt_bindingsNtB6_21__SYMCRYPT_BLOCKCIPHERNtNtCsiBaDUsXeAwp_4core3fmt5Debug3fmtB8_
FN:3355,_RNvXs2E_NtCs9Frfijydzs9_12symcrypt_sys17symcrypt_bindingsNtB6_17__SYMCRYPT_ECPOINTNtNtCsiBaDUsXeAwp_4core5clone5Clone5cloneB8_
FN:2855,_RNvXss_NtCs9Frfijydzs9_12symcrypt_sys17symcrypt_bindingsNtB5_20__SYMCRYPT_MODELEMENTNtNtCsiBaDUsXeAwp_4core7default7Default7default
FN:3342,_RNvXsx_NtCs9Frfijydzs9_12symcrypt_sys17symcrypt_bindingsNtB5_16__SYMCRYPT_ECURVENtNtCsiBaDUsXeAwp_4core7default7Default7default
FN:268,_RNvXsT_NtCs9Frfijydzs9_12symcrypt_sys17symcrypt_bindingsNtB5_22__SYMCRYPT_SHA256_STATENtNtCsiBaDUsXeAwp_4core3fmt5Debug3fmtB7_
FN:2944,_RNvXst_NtCs9Frfijydzs9_12symcrypt_sys17symcrypt_bindingsNtB5_29__SYMCRYPT_ECURVE_INFO_PRECOMPNtNtCsiBaDUsXeAwp_4core7default7Default7default
FN:1720,_RNvXs1R_NtCs9Frfijydzs9_12symcrypt_sys17symcrypt_bindingsNtB6_19__SYMCRYPT_GCM_STATENtNtCsiBaDUsXeAwp_4core5clone5Clone5cloneB8_
FN:696,_RNvXs1e_NtCs9Frfijydzs9_12symcrypt_sys17symcrypt_bindingsNtB6_32__SYMCRYPT_HMAC_SHA1_EXPANDED_KEYNtNtCsiBaDUsXeAwp_4core5clone5Clone5cloneB8_
FN:754,_RNvXs1f_NtCs9Frfijydzs9_12symcrypt_sys17symcrypt_bindingsNtB6_34__SYMCRYPT_HMAC_SHA256_EXPANDED_KEYNtNtCsiBaDUsXeAwp_4core3fmt5Debug3fmtB8_
FN:367,_RNvXsX_NtCs9Frfijydzs9_12symcrypt_sys17symcrypt_bindingsNtB5_31__SYMCRYPT_SHA512_CHAINING_STATENtNtCsiBaDUsXeAwp_4core7default7Default7defaultB7_
FN:2352,_RNvXs2f_NtCs9Frfijydzs9_12symcrypt_sys17symcrypt_bindingsNtB6_45__SYMCRYPT_DIVISOR__bindgen_ty_1__bindgen_ty_1NtNtCsiBaDUsXeAwp_4core5clone5Clone5cloneB8_
FN:1156,_RNvXs1C_NtCs9Frfijydzs9_12symcrypt_sys17symcrypt_bindingsNtB6_31__SYMCRYPT_AES_CMAC_EXPANDED_KEYNtNtCsiBaDUsXeAwp_4core5clone5Clone5cloneB8_
FN:754,_RNvXs1i_NtCs9Frfijydzs9_12symcrypt_sys17symcrypt_bindingsNtB6_34__SYMCRYPT_HMAC_SHA256_EXPANDED_KEYNtNtCsiBaDUsXeAwp_4core5clone5Clone5cloneB8_
FN:814,_RNvXs1j_NtCs9Frfijydzs9_12symcrypt_sys17symcrypt_bindingsNtB6_27__SYMCRYPT_HMAC_SHA256_STATENtNtCsiBaDUsXeAwp_4core3fmt5Debug3fmtB8_
FN:1231,_RNvXs1E_NtCs9Frfijydzs9_12symcrypt_sys17symcrypt_bindingsNtB6_26__SYMCRYPT_MAC_EXPANDED_KEYNtNtCsiBaDUsXeAwp_4core5clone5Clone5cloneB8_
FN:1336,_RNvXs1F_NtCs9Frfijydzs9_12symcrypt_sys17symcrypt_bindingsNtB6_13__SYMCRYPT_MACNtNtCsiBaDUsXeAwp_4core3fmt5Debug3fmtB8_
FN:2189,_RNvXs24_NtCs9Frfijydzs9_12symcrypt_sys17symcrypt_bindingsNtB6_41__SYMCRYPT_INT__bindgen_ty_1__bindgen_ty_1NtNtCsiBaDUsXeAwp_4core3fmt5Debug3fmtB8_
FN:2880,_RNvXs2v_NtCs9Frfijydzs9_12symcrypt_sys17symcrypt_bindingsNtB6_29__SYMCRYPT_ECURVE_INFO_PRECOMPNtNtCsiBaDUsXeAwp_4core3fmt5Debug3fmtB8_
FN:1454,_RNvXsa_NtCs9Frfijydzs9_12symcrypt_sys17symcrypt_bindingsNtB5_13__SYMCRYPT_MACNtNtCsiBaDUsXeAwp_4core7default7Default7default
FN:3417,_RNvXs2H_NtCs9Frfijydzs9_12symcrypt_sys17symcrypt_bindingsNtB6_15__SYMCRYPT_ECKEYNtNtCsiBaDUsXeAwp_4core5clone5Clone5cloneB8_
FN:867,_RNvXs1_NtCs9Frfijydzs9_12symcrypt_sys17symcrypt_bindingsNtB5_27__SYMCRYPT_HMAC_SHA256_STATENtNtCsiBaDUsXeAwp_4core7default7Default7default
FN:1145,_RNvXs7_NtCs9Frfijydzs9_12symcrypt_sys17symcrypt_bindingsNtB5_26__SYMCRYPT_AES_EXPANDED_KEYNtNtCsiBaDUsXeAwp_4core7default7Default7default
FN:1317,_RNvXs9_NtCs9Frfijydzs9_12symcrypt_sys17symcrypt_bindingsNtB5_26__SYMCRYPT_MAC_EXPANDED_KEYNtNtCsiBaDUsXeAwp_4core7default7Default7default
FN:2189,_RNvXs27_NtCs9Frfijydzs9_12symcrypt_sys17symcrypt_bindingsNtB6_41__SYMCRYPT_INT__bindgen_ty_1__bindgen_ty_1NtNtCsiBaDUsXeAwp_4core5clone5Clone5cloneB8_
FN:2336,_RNvXs29_NtCs9Frfijydzs9_12symcrypt_sys17symcrypt_bindingsNtB6_17__SYMCRYPT_DIVISORNtNtCsiBaDUsXeAwp_4core5clone5Clone5cloneB8_
FN:268,_RNvXsV_NtCs9Frfijydzs9_12symcrypt_sys17symcrypt_bindingsNtB5_22__SYMCRYPT_SHA256_STATENtNtCsiBaDUsXeAwp_4core5clone5Clone5cloneB7_
FN:2252,_RNvXsk_NtCs9Frfijydzs9_12symcrypt_sys17symcrypt_bindingsNtB5_27__SYMCRYPT_INT__bindgen_ty_1NtNtCsiBaDUsXeAwp_4core7default7Default7default
FN:2509,_RNvXsn_NtCs9Frfijydzs9_12symcrypt_sys17symcrypt_bindingsNtB5_17__SYMCRYPT_DIVISORNtNtCsiBaDUsXeAwp_4core7default7Default7default
FN:2772,_RNvXsq_NtCs9Frfijydzs9_12symcrypt_sys17symcrypt_bindingsNtB5_17__SYMCRYPT_MODULUSNtNtCsiBaDUsXeAwp_4core7default7Default7default
FN:2787,_RNvXs2u_NtCs9Frfijydzs9_12symcrypt_sys17symcrypt_bindingsNtB6_34__SYMCRYPT_MODELEMENT__bindgen_ty_1NtNtCsiBaDUsXeAwp_4core5clone5Clone5cloneB8_
FN:202,_RNvXsO_NtCs9Frfijydzs9_12symcrypt_sys17symcrypt_bindingsNtB5_29__SYMCRYPT_SHA1_CHAINING_STATENtNtCsiBaDUsXeAwp_4core5clone5Clone5cloneB7_
FN:235,_RNvXsP_NtCs9Frfijydzs9_12symcrypt_sys17symcrypt_bindingsNtB5_31__SYMCRYPT_SHA256_CHAINING_STATENtNtCsiBaDUsXeAwp_4core3fmt5Debug3fmtB7_
FN:696,_RNvXs1c_NtCs9Frfijydzs9_12symcrypt_sys17symcrypt_bindingsNtB6_32__SYMCRYPT_HMAC_SHA1_EXPANDED_KEYNtNtCsiBaDUsXeAwp_4core7default7Default7defaultB8_
FN:3869,_RNvXs2I_NtCs9Frfijydzs9_12symcrypt_sys17symcrypt_bindingsNtB6_23__SYMCRYPT_ECURVE_PARAMSNtNtCsiBaDUsXeAwp_4core3fmt5Debug3fmtB8_
FN:511,_RNvXs16_NtCs9Frfijydzs9_12symcrypt_sys17symcrypt_bindingsNtB6_14__SYMCRYPT_HASHNtNtCsiBaDUsXeAwp_4core5clone5Clone5cloneB8_
FN:641,_RNvXs17_NtCs9Frfijydzs9_12symcrypt_sys17symcrypt_bindingsNtB6_31__SYMCRYPT_HMAC_MD5_EXPANDED_KEYNtNtCsiBaDUsXeAwp_4core3fmt5Debug3fmtB8_
FN:1156,_RNvXs1A_NtCs9Frfijydzs9_12symcrypt_sys17symcrypt_bindingsNtB6_31__SYMCRYPT_AES_CMAC_EXPANDED_KEYNtNtCsiBaDUsXeAwp_4core3fmt5Debug3fmtB8_
FN:235,_RNvXsS_NtCs9Frfijydzs9_12symcrypt_sys17symcrypt_bindingsNtB5_31__SYMCRYPT_SHA256_CHAINING_STATENtNtCsiBaDUsXeAwp_4core5clone5Clone5cloneB7_
FN:754,_RNvXs1g_NtCs9Frfijydzs9_12symcrypt_sys17symcrypt_bindingsNtB6_34__SYMCRYPT_HMAC_SHA256_EXPANDED_KEYNtNtCsiBaDUsXeAwp_4core7default7Default7defaultB8_
FN:814,_RNvXs1l_NtCs9Frfijydzs9_12symcrypt_sys17symcrypt_bindingsNtB6_27__SYMCRYPT_HMAC_SHA256_STATENtNtCsiBaDUsXeAwp_4core5clone5Clone5cloneB8_
FN:1002,_RNvXs4_NtCs9Frfijydzs9_12symcrypt_sys17symcrypt_bindingsNtB5_27__SYMCRYPT_HMAC_SHA384_STATENtNtCsiBaDUsXeAwp_4core7default7Default7default
FN:1620,_RNvXs1P_NtCs9Frfijydzs9_12symcrypt_sys17symcrypt_bindingsNtB6_26__SYMCRYPT_GCM_EXPANDED_KEYNtNtCsiBaDUsXeAwp_4core5clone5Clone5cloneB8_
FN:1081,_RNvXs1x_NtCs9Frfijydzs9_12symcrypt_sys17symcrypt_bindingsNtB6_26__SYMCRYPT_AES_EXPANDED_KEYNtNtCsiBaDUsXeAwp_4core3fmt5Debug3fmtB8_
FN:641,_RNvXs1a_NtCs9Frfijydzs9_12symcrypt_sys17symcrypt_bindingsNtB6_31__SYMCRYPT_HMAC_MD5_EXPANDED_KEYNtNtCsiBaDUsXeAwp_4core5clone5Clone5cloneB8_
FN:696,_RNvXs1b_NtCs9Frfijydzs9_12symcrypt_sys17symcrypt_bindingsNtB6_32__SYMCRYPT_HMAC_SHA1_EXPANDED_KEYNtNtCsiBaDUsXeAwp_4core3fmt5Debug3fmtB8_
FN:2538,_RNvXs2m_NtCs9Frfijydzs9_12symcrypt_sys17symcrypt_bindingsNtB6_45__SYMCRYPT_MODULUS__bindgen_ty_1__bindgen_ty_1NtNtCsiBaDUsXeAwp_4core5clone5Clone5cloneB8_
FN:2415,_RNvXsm_NtCs9Frfijydzs9_12symcrypt_sys17symcrypt_bindingsNtB5_31__SYMCRYPT_DIVISOR__bindgen_ty_1NtNtCsiBaDUsXeAwp_4core7default7Default7default
FN:2668,_RNvXsp_NtCs9Frfijydzs9_12symcrypt_sys17symcrypt_bindingsNtB5_31__SYMCRYPT_MODULUS__bindgen_ty_1NtNtCsiBaDUsXeAwp_4core7default7Default7default
FN:2173,_RNvXs21_NtCs9Frfijydzs9_12symcrypt_sys17symcrypt_bindingsNtB6_13__SYMCRYPT_INTNtNtCsiBaDUsXeAwp_4core5clone5Clone5cloneB8_
FN:1514,_RNvXs1L_NtCs9Frfijydzs9_12symcrypt_sys17symcrypt_bindingsNtB6_23__SYMCRYPT_GF128_ELEMENTNtNtCsiBaDUsXeAwp_4core5clone5Clone5cloneB8_
FN:1220,_RNvXs8_NtCs9Frfijydzs9_12symcrypt_sys17symcrypt_bindingsNtB5_31__SYMCRYPT_AES_CMAC_EXPANDED_KEYNtNtCsiBaDUsXeAwp_4core7default7Default7default
FN:1578,_RNvXs1N_NtCs9Frfijydzs9_12symcrypt_sys17symcrypt_bindingsNtB6_28__SYMCRYPT_GHASH_EXPANDED_KEYNtNtCsiBaDUsXeAwp_4core5clone5Clone5cloneB8_
FN:2189,_RNvXs25_NtCs9Frfijydzs9_12symcrypt_sys17symcrypt_bindingsNtB6_41__SYMCRYPT_INT__bindgen_ty_1__bindgen_ty_1NtNtCsiBaDUsXeAwp_4core7default7Default7defaultB8_
FN:2595,_RNvXs2o_NtCs9Frfijydzs9_12symcrypt_sys17symcrypt_bindingsNtB6_45__SYMCRYPT_MODULUS__bindgen_ty_1__bindgen_ty_2NtNtCsiBaDUsXeAwp_4core7default7Default7defaultB8_
FN:2352,_RNvXs2c_NtCs9Frfijydzs9_12symcrypt_sys17symcrypt_bindingsNtB6_45__SYMCRYPT_DIVISOR__bindgen_ty_1__bindgen_ty_1NtNtCsiBaDUsXeAwp_4core3fmt5Debug3fmtB8_
FN:3417,_RNvXs2F_NtCs9Frfijydzs9_12symcrypt_sys17symcrypt_bindingsNtB6_15__SYMCRYPT_ECKEYNtNtCsiBaDUsXeAwp_4core3fmt5Debug3fmtB8_
FN:2184,_RNvXs23_NtCs9Frfijydzs9_12symcrypt_sys17symcrypt_bindingsNtB6_27__SYMCRYPT_INT__bindgen_ty_1NtNtCsiBaDUsXeAwp_4core5clone5Clone5cloneB8_
FN:202,_RNvXsM_NtCs9Frfijydzs9_12symcrypt_sys17symcrypt_bindingsNtB5_29__SYMCRYPT_SHA1_CHAINING_STATENtNtCsiBaDUsXeAwp_4core7default7Default7defaultB7_
FN:2595,_RNvXs2n_NtCs9Frfijydzs9_12symcrypt_sys17symcrypt_bindingsNtB6_45__SYMCRYPT_MODULUS__bindgen_ty_1__bindgen_ty_2NtNtCsiBaDUsXeAwp_4core3fmt5Debug3fmtB8_
FN:2326,_RNvXsl_NtCs9Frfijydzs9_12symcrypt_sys17symcrypt_bindingsNtB5_13__SYMCRYPT_INTNtNtCsiBaDUsXeAwp_4core7default7Default7default
FNDA:72,_RNvXsQ_NtCs9Frfijydzs9_12symcrypt_sys17symcrypt_bindingsNtB5_31__SYMCRYPT_SHA256_CHAINING_STATENtNtCsiBaDUsXeAwp_4core7default7Default7defaultCsfRU2vhqajDS_8symcrypt
FNDA:60,_RNvXs1n_NtCs9Frfijydzs9_12symcrypt_sys17symcrypt_bindingsNtB6_34__SYMCRYPT_HMAC_SHA384_EXPANDED_KEYNtNtCsiBaDUsXeAwp_4core7default7Default7defaultCsfRU2vhqajDS_8symcrypt
FNDA:36,_RNvXs1g_NtCs9Frfijydzs9_12symcrypt_sys17symcrypt_bindingsNtB6_34__SYMCRYPT_HMAC_SHA256_EXPANDED_KEYNtNtCsiBaDUsXeAwp_4core7default7Default7defaultCsfRU2vhqajDS_8symcrypt
FNDA:120,_RNvXsX_NtCs9Frfijydzs9_12symcrypt_sys17symcrypt_bindingsNtB5_31__SYMCRYPT_SHA512_CHAINING_STATENtNtCsiBaDUsXeAwp_4core7default7Default7defaultCsfRU2vhqajDS_8symcrypt
FNDA:0,_RNvXsr_NtCs9Frfijydzs9_12symcrypt_sys17symcrypt_bindingsNtB5_34__SYMCRYPT_MODELEMENT__bindgen_ty_1NtNtCsiBaDUsXeAwp_4core7default7Default7default
FNDA:0,_RNvXso_NtCs9Frfijydzs9_12symcrypt_sys17symcrypt_bindingsNtB5_45__SYMCRYPT_MODULUS__bindgen_ty_1__bindgen_ty_1NtNtCsiBaDUsXeAwp_4core7default7Default7default
FNDA:0,_RNvXs14_NtCs9Frfijydzs9_12symcrypt_sys17symcrypt_bindingsNtB6_14__SYMCRYPT_HASHNtNtCsiBaDUsXeAwp_4core7default7Default7defaultB8_
FNDA:0,_RNvXsH_NtCs9Frfijydzs9_12symcrypt_sys17symcrypt_bindingsNtB5_28__SYMCRYPT_MD5_CHAINING_STATENtNtCsiBaDUsXeAwp_4core3fmt5Debug3fmtB7_
FNDA:0,_RNvXs2K_NtCs9Frfijydzs9_12symcrypt_sys17symcrypt_bindingsNtB6_23__SYMCRYPT_ECURVE_PARAMSNtNtCsiBaDUsXeAwp_4core5clone5Clone5cloneB8_
FNDA:0,_RNvXsQ_NtCs9Frfijydzs9_12symcrypt_sys17symcrypt_bindingsNtB5_31__SYMCRYPT_SHA256_CHAINING_STATENtNtCsiBaDUsXeAwp_4core7default7Default7defaultB7_
FNDA:0,_RNvXsE_NtCs9Frfijydzs9_12symcrypt_sys17symcrypt_bindingsNtB5_23__SYMCRYPT_ECURVE_PARAMSNtNtCsiBaDUsXeAwp_4core7default7Default7default
FNDA:0,_RNvXs10_NtCs9Frfijydzs9_12symcrypt_sys17symcrypt_bindingsNtB6_22__SYMCRYPT_SHA384_STATENtNtCsiBaDUsXeAwp_4core3fmt5Debug3fmtB8_
FNDA:0,_RNvXs1z_NtCs9Frfijydzs9_12symcrypt_sys17symcrypt_bindingsNtB6_26__SYMCRYPT_AES_EXPANDED_KEYNtNtCsiBaDUsXeAwp_4core5clone5Clone5cloneB8_
FNDA:0,_RNvXsK_NtCs9Frfijydzs9_12symcrypt_sys17symcrypt_bindingsNtB5_28__SYMCRYPT_MD5_CHAINING_STATENtNtCsiBaDUsXeAwp_4core5clone5Clone5cloneB7_
FNDA:0,_RNvXsL_NtCs9Frfijydzs9_12symcrypt_sys17symcrypt_bindingsNtB5_29__SYMCRYPT_SHA1_CHAINING_STATENtNtCsiBaDUsXeAwp_4core3fmt5Debug3fmtB7_
FNDA:0,_RNvXs18_NtCs9Frfijydzs9_12symcrypt_sys17symcrypt_bindingsNtB6_31__SYMCRYPT_HMAC_MD5_EXPANDED_KEYNtNtCsiBaDUsXeAwp_4core7default7Default7defaultB8_
FNDA:0,_RNvXs2k_NtCs9Frfijydzs9_12symcrypt_sys17symcrypt_bindingsNtB6_45__SYMCRYPT_MODULUS__bindgen_ty_1__bindgen_ty_1NtNtCsiBaDUsXeAwp_4core3fmt5Debug3fmtB8_
FNDA:0,_RNvXs2q_NtCs9Frfijydzs9_12symcrypt_sys17symcrypt_bindingsNtB6_45__SYMCRYPT_MODULUS__bindgen_ty_1__bindgen_ty_2NtNtCsiBaDUsXeAwp_4core5clone5Clone5cloneB8_
FNDA:0,_RNvXs1p_NtCs9Frfijydzs9_12symcrypt_sys17symcrypt_bindingsNtB6_34__SYMCRYPT_HMAC_SHA384_EXPANDED_KEYNtNtCsiBaDUsXeAwp_4core5clone5Clone5cloneB8_
FNDA:0,_RNvXs1q_NtCs9Frfijydzs9_12symcrypt_sys17symcrypt_bindingsNtB6_27__SYMCRYPT_HMAC_SHA384_STATENtNtCsiBaDUsXeAwp_4core3fmt5Debug3fmtB8_
FNDA:0,_RNvXs1J_NtCs9Frfijydzs9_12symcrypt_sys17symcrypt_bindingsNtB6_40__SYMCRYPT_GCM_SUPPORTED_BLOCKCIPHER_KEYSNtNtCsiBaDUsXeAwp_4core5clone5Clone5cloneB8_
FNDA:0,_RNvXs13_NtCs9Frfijydzs9_12symcrypt_sys17symcrypt_bindingsNtB6_14__SYMCRYPT_HASHNtNtCsiBaDUsXeAwp_4core3fmt5Debug3fmtB8_
FNDA:0,_RNvXs1V_NtCs9Frfijydzs9_12symcrypt_sys17symcrypt_bindingsNtB6_21__SYMCRYPT_BLOCKCIPHERNtNtCsiBaDUsXeAwp_4core5clone5Clone5cloneB8_
FNDA:0,_RNvXs1X_NtCs9Frfijydzs9_12symcrypt_sys17symcrypt_bindingsNtB6_32__SYMCRYPT_TLSPRF1_2_EXPANDED_KEYNtNtCsiBaDUsXeAwp_4core5clone5Clone5cloneB8_
FNDA:0,_RNvXs1Z_NtCs9Frfijydzs9_12symcrypt_sys17symcrypt_bindingsNtB6_27__SYMCRYPT_HKDF_EXPANDED_KEYNtNtCsiBaDUsXeAwp_4core5clone5Clone5cloneB8_
FNDA:0,_RNvXs2s_NtCs9Frfijydzs9_12symcrypt_sys17symcrypt_bindingsNtB6_20__SYMCRYPT_MODELEMENTNtNtCsiBaDUsXeAwp_4core5clone5Clone5cloneB8_
FNDA:0,_RNvXs1u_NtCs9Frfijydzs9_12symcrypt_sys17symcrypt_bindingsNtB6_34__SYMCRYPT_HMAC_SHA512_EXPANDED_KEYNtNtCsiBaDUsXeAwp_4core7default7Default7defaultB8_
FNDA:0,_RNvXsy_NtCs9Frfijydzs9_12symcrypt_sys17symcrypt_bindingsNtB5_17__SYMCRYPT_ECPOINTNtNtCsiBaDUsXeAwp_4core7default7Default7default
FNDA:0,_RNvXsc_NtCs9Frfijydzs9_12symcrypt_sys17symcrypt_bindingsNtB5_23__SYMCRYPT_GF128_ELEMENTNtNtCsiBaDUsXeAwp_4core7default7Default7default
FNDA:24,_RNvXse_NtCs9Frfijydzs9_12symcrypt_sys17symcrypt_bindingsNtB5_26__SYMCRYPT_GCM_EXPANDED_KEYNtNtCsiBaDUsXeAwp_4core7default7Default7default
FNDA:0,_RNvXs2z_NtCs9Frfijydzs9_12symcrypt_sys17symcrypt_bindingsNtB6_16__SYMCRYPT_ECURVENtNtCsiBaDUsXeAwp_4core5clone5Clone5cloneB8_
FNDA:0,_RNvXsi_NtCs9Frfijydzs9_12symcrypt_sys17symcrypt_bindingsNtB5_32__SYMCRYPT_TLSPRF1_2_EXPANDED_KEYNtNtCsiBaDUsXeAwp_4core7default7Default7default
FNDA:0,_RNvXsw_NtCs9Frfijydzs9_12symcrypt_sys17symcrypt_bindingsNtB5_30__SYMCRYPT_ECURVE__bindgen_ty_1NtNtCsiBaDUsXeAwp_4core7default7Default7default
FNDA:0,_RNvXsf_NtCs9Frfijydzs9_12symcrypt_sys17symcrypt_bindingsNtB5_19__SYMCRYPT_GCM_STATENtNtCsiBaDUsXeAwp_4core7default7Default7default
FNDA:0,_RNvXs2B_NtCs9Frfijydzs9_12symcrypt_sys17symcrypt_bindingsNtB6_30__SYMCRYPT_ECURVE__bindgen_ty_1NtNtCsiBaDUsXeAwp_4core5clone5Clone5cloneB8_
FNDA:0,_RNvXsj_NtCs9Frfijydzs9_12symcrypt_sys17symcrypt_bindingsNtB5_27__SYMCRYPT_HKDF_EXPANDED_KEYNtNtCsiBaDUsXeAwp_4core7default7Default7default
FNDA:0,_RNvXs2C_NtCs9Frfijydzs9_12symcrypt_sys17symcrypt_bindingsNtB6_17__SYMCRYPT_ECPOINTNtNtCsiBaDUsXeAwp_4core3fmt5Debug3fmtB8_
FNDA:0,_RNvXs12_NtCs9Frfijydzs9_12symcrypt_sys17symcrypt_bindingsNtB6_22__SYMCRYPT_SHA384_STATENtNtCsiBaDUsXeAwp_4core5clone5Clone5cloneB8_
FNDA:0,_RNvXsI_NtCs9Frfijydzs9_12symcrypt_sys17symcrypt_bindingsNtB5_28__SYMCRYPT_MD5_CHAINING_STATENtNtCsiBaDUsXeAwp_4core7default7Default7defaultB7_
FNDA:0,_RNvXsB_NtCs9Frfijydzs9_12symcrypt_sys17symcrypt_bindingsNtB5_15__SYMCRYPT_ECKEYNtNtCsiBaDUsXeAwp_4core7default7Default7default
FNDA:0,_RNvXsW_NtCs9Frfijydzs9_12symcrypt_sys17symcrypt_bindingsNtB5_31__SYMCRYPT_SHA512_CHAINING_STATENtNtCsiBaDUsXeAwp_4core3fmt5Debug3fmtB7_
FNDA:0,_RNvXs1n_NtCs9Frfijydzs9_12symcrypt_sys17symcrypt_bindingsNtB6_34__SYMCRYPT_HMAC_SHA384_EXPANDED_KEYNtNtCsiBaDUsXeAwp_4core7default7Default7defaultB8_
FNDA:0,_RNvXs1s_NtCs9Frfijydzs9_12symcrypt_sys17symcrypt_bindingsNtB6_27__SYMCRYPT_HMAC_SHA384_STATENtNtCsiBaDUsXeAwp_4core5clone5Clone5cloneB8_
FNDA:0,_RNvXs1t_NtCs9Frfijydzs9_12symcrypt_sys17symcrypt_bindingsNtB6_34__SYMCRYPT_HMAC_SHA512_EXPANDED_KEYNtNtCsiBaDUsXeAwp_4core3fmt5Debug3fmtB8_
FNDA:0,_RNvXsG_NtCs9Frfijydzs9_12symcrypt_sys17symcrypt_bindingsNtB5_7___m128iNtNtCsiBaDUsXeAwp_4core5clone5Clone5cloneB7_
FNDA:0,_RNvXs1T_NtCs9Frfijydzs9_12symcrypt_sys17symcrypt_bindingsNtB6_21__SYMCRYPT_BLOCKCIPHERNtNtCsiBaDUsXeAwp_4core7default7Default7defaultB8_
FNDA:0,_RNvXsZ_NtCs9Frfijydzs9_12symcrypt_sys17symcrypt_bindingsNtB5_31__SYMCRYPT_SHA512_CHAINING_STATENtNtCsiBaDUsXeAwp_4core5clone5Clone5cloneB7_
FNDA:0,_RNvXs1w_NtCs9Frfijydzs9_12symcrypt_sys17symcrypt_bindingsNtB6_34__SYMCRYPT_HMAC_SHA512_EXPANDED_KEYNtNtCsiBaDUsXeAwp_4core5clone5Clone5cloneB8_
FNDA:0,_RNvXsb_NtCs9Frfijydzs9_12symcrypt_sys17symcrypt_bindingsNtB5_40__SYMCRYPT_GCM_SUPPORTED_BLOCKCIPHER_KEYSNtNtCsiBaDUsXeAwp_4core7default7Default7default
FNDA:0,_RNvXsd_NtCs9Frfijydzs9_12symcrypt_sys17symcrypt_bindingsNtB5_28__SYMCRYPT_GHASH_EXPANDED_KEYNtNtCsiBaDUsXeAwp_4core7default7Default7default
FNDA:0,_RNvXs2b_NtCs9Frfijydzs9_12symcrypt_sys17symcrypt_bindingsNtB6_31__SYMCRYPT_DIVISOR__bindgen_ty_1NtNtCsiBaDUsXeAwp_4core5clone5Clone5cloneB8_
FNDA:0,_RNvXs2d_NtCs9Frfijydzs9_12symcrypt_sys17symcrypt_bindingsNtB6_45__SYMCRYPT_DIVISOR__bindgen_ty_1__bindgen_ty_1NtNtCsiBaDUsXeAwp_4core7default7Default7defaultB8_
FNDA:24,_RNvXs_NtCs9Frfijydzs9_12symcrypt_sys17symcrypt_bindingsNtB4_22__SYMCRYPT_SHA256_STATENtNtCsiBaDUsXeAwp_4core7default7Default7default
FNDA:36,_RNvXs0_NtCs9Frfijydzs9_12symcrypt_sys17symcrypt_bindingsNtB5_22__SYMCRYPT_SHA384_STATENtNtCsiBaDUsXeAwp_4core7default7Default7default
FNDA:0,_RNvXs2j_NtCs9Frfijydzs9_12symcrypt_sys17symcrypt_bindingsNtB6_31__SYMCRYPT_MODULUS__bindgen_ty_1NtNtCsiBaDUsXeAwp_4core5clone5Clone5cloneB8_
FNDA:0,_RNvXs1m_NtCs9Frfijydzs9_12symcrypt_sys17symcrypt_bindingsNtB6_34__SYMCRYPT_HMAC_SHA384_EXPANDED_KEYNtNtCsiBaDUsXeAwp_4core3fmt5Debug3fmtB8_
FNDA:0,_RNvXs1H_NtCs9Frfijydzs9_12symcrypt_sys17symcrypt_bindingsNtB6_13__SYMCRYPT_MACNtNtCsiBaDUsXeAwp_4core5clone5Clone5cloneB8_
FNDA:0,_RNvXs2x_NtCs9Frfijydzs9_12symcrypt_sys17symcrypt_bindingsNtB6_29__SYMCRYPT_ECURVE_INFO_PRECOMPNtNtCsiBaDUsXeAwp_4core5clone5Clone5cloneB8_
FNDA:0,_RNvXNtCs9Frfijydzs9_12symcrypt_sys17symcrypt_bindingsNtB2_7___m128iNtNtCsiBaDUsXeAwp_4core7default7Default7default
FNDA:0,_RNvXs2h_NtCs9Frfijydzs9_12symcrypt_sys17symcrypt_bindingsNtB6_17__SYMCRYPT_MODULUSNtNtCsiBaDUsXeAwp_4core5clone5Clone5cloneB8_
FNDA:0,_RNvXs1S_NtCs9Frfijydzs9_12symcrypt_sys17symcrypt_bindingsNtB6_21__SYMCRYPT_BLOCKCIPHERNtNtCsiBaDUsXeAwp_4core3fmt5Debug3fmtB8_
FNDA:0,_RNvXs2E_NtCs9Frfijydzs9_12symcrypt_sys17symcrypt_bindingsNtB6_17__SYMCRYPT_ECPOINTNtNtCsiBaDUsXeAwp_4core5clone5Clone5cloneB8_
FNDA:0,_RNvXss_NtCs9Frfijydzs9_12symcrypt_sys17symcrypt_bindingsNtB5_20__SYMCRYPT_MODELEMENTNtNtCsiBaDUsXeAwp_4core7default7Default7default
FNDA:0,_RNvXsx_NtCs9Frfijydzs9_12symcrypt_sys17symcrypt_bindingsNtB5_16__SYMCRYPT_ECURVENtNtCsiBaDUsXeAwp_4core7default7Default7default
FNDA:0,_RNvXsT_NtCs9Frfijydzs9_12symcrypt_sys17symcrypt_bindingsNtB5_22__SYMCRYPT_SHA256_STATENtNtCsiBaDUsXeAwp_4core3fmt5Debug3fmtB7_
FNDA:0,_RNvXst_NtCs9Frfijydzs9_12symcrypt_sys17symcrypt_bindingsNtB5_29__SYMCRYPT_ECURVE_INFO_PRECOMPNtNtCsiBaDUsXeAwp_4core7default7Default7default
FNDA:0,_RNvXs1R_NtCs9Frfijydzs9_12symcrypt_sys17symcrypt_bindingsNtB6_19__SYMCRYPT_GCM_STATENtNtCsiBaDUsXeAwp_4core5clone5Clone5cloneB8_
FNDA:0,_RNvXs1e_NtCs9Frfijydzs9_12symcrypt_sys17symcrypt_bindingsNtB6_32__SYMCRYPT_HMAC_SHA1_EXPANDED_KEYNtNtCsiBaDUsXeAwp_4core5clone5Clone5cloneB8_
FNDA:0,_RNvXs1f_NtCs9Frfijydzs9_12symcrypt_sys17symcrypt_bindingsNtB6_34__SYMCRYPT_HMAC_SHA256_EXPANDED_KEYNtNtCsiBaDUsXeAwp_4core3fmt5Debug3fmtB8_
FNDA:0,_RNvXsX_NtCs9Frfijydzs9_12symcrypt_sys17symcrypt_bindingsNtB5_31__SYMCRYPT_SHA512_CHAINING_STATENtNtCsiBaDUsXeAwp_4core7default7Default7defaultB7_
FNDA:0,_RNvXs2f_NtCs9Frfijydzs9_12symcrypt_sys17symcrypt_bindingsNtB6_45__SYMCRYPT_DIVISOR__bindgen_ty_1__bindgen_ty_1NtNtCsiBaDUsXeAwp_4core5clone5Clone5cloneB8_
FNDA:0,_RNvXs1C_NtCs9Frfijydzs9_12symcrypt_sys17symcrypt_bindingsNtB6_31__SYMCRYPT_AES_CMAC_EXPANDED_KEYNtNtCsiBaDUsXeAwp_4core5clone5Clone5cloneB8_
FNDA:0,_RNvXs1i_NtCs9Frfijydzs9_12symcrypt_sys17symcrypt_bindingsNtB6_34__SYMCRYPT_HMAC_SHA256_EXPANDED_KEYNtNtCsiBaDUsXeAwp_4core5clone5Clone5cloneB8_
FNDA:0,_RNvXs1j_NtCs9Frfijydzs9_12symcrypt_sys17symcrypt_bindingsNtB6_27__SYMCRYPT_HMAC_SHA256_STATENtNtCsiBaDUsXeAwp_4core3fmt5Debug3fmtB8_
FNDA:0,_RNvXs1E_NtCs9Frfijydzs9_12symcrypt_sys17symcrypt_bindingsNtB6_26__SYMCRYPT_MAC_EXPANDED_KEYNtNtCsiBaDUsXeAwp_4core5clone5Clone5cloneB8_
FNDA:0,_RNvXs1F_NtCs9Frfijydzs9_12symcrypt_sys17symcrypt_bindingsNtB6_13__SYMCRYPT_MACNtNtCsiBaDUsXeAwp_4core3fmt5Debug3fmtB8_
FNDA:0,_RNvXs24_NtCs9Frfijydzs9_12symcrypt_sys17symcrypt_bindingsNtB6_41__SYMCRYPT_INT__bindgen_ty_1__bindgen_ty_1NtNtCsiBaDUsXeAwp_4core3fmt5Debug3fmtB8_
FNDA:0,_RNvXs2v_NtCs9Frfijydzs9_12symcrypt_sys17symcrypt_bindingsNtB6_29__SYMCRYPT_ECURVE_INFO_PRECOMPNtNtCsiBaDUsXeAwp_4core3fmt5Debug3fmtB8_
FNDA:0,_RNvXsa_NtCs9Frfijydzs9_12symcrypt_sys17symcrypt_bindingsNtB5_13__SYMCRYPT_MACNtNtCsiBaDUsXeAwp_4core7default7Default7default
FNDA:0,_RNvXs2H_NtCs9Frfijydzs9_12symcrypt_sys17symcrypt_bindingsNtB6_15__SYMCRYPT_ECKEYNtNtCsiBaDUsXeAwp_4core5clone5Clone5cloneB8_
FNDA:114,_RNvXs1_NtCs9Frfijydzs9_12symcrypt_sys17symcrypt_bindingsNtB5_27__SYMCRYPT_HMAC_SHA256_STATENtNtCsiBaDUsXeAwp_4core7default7Default7default
FNDA:0,_RNvXs7_NtCs9Frfijydzs9_12symcrypt_sys17symcrypt_bindingsNtB5_26__SYMCRYPT_AES_EXPANDED_KEYNtNtCsiBaDUsXeAwp_4core7default7Default7default
FNDA:0,_RNvXs9_NtCs9Frfijydzs9_12symcrypt_sys17symcrypt_bindingsNtB5_26__SYMCRYPT_MAC_EXPANDED_KEYNtNtCsiBaDUsXeAwp_4core7default7Default7default
FNDA:0,_RNvXs27_NtCs9Frfijydzs9_12symcrypt_sys17symcrypt_bindingsNtB6_41__SYMCRYPT_INT__bindgen_ty_1__bindgen_ty_1NtNtCsiBaDUsXeAwp_4core5clone5Clone5cloneB8_
FNDA:0,_RNvXs29_NtCs9Frfijydzs9_12symcrypt_sys17symcrypt_bindingsNtB6_17__SYMCRYPT_DIVISORNtNtCsiBaDUsXeAwp_4core5clone5Clone5cloneB8_
FNDA:0,_RNvXsV_NtCs9Frfijydzs9_12symcrypt_sys17symcrypt_bindingsNtB5_22__SYMCRYPT_SHA256_STATENtNtCsiBaDUsXeAwp_4core5clone5Clone5cloneB7_
FNDA:0,_RNvXsk_NtCs9Frfijydzs9_12symcrypt_sys17symcrypt_bindingsNtB5_27__SYMCRYPT_INT__bindgen_ty_1NtNtCsiBaDUsXeAwp_4core7default7Default7default
FNDA:0,_RNvXsn_NtCs9Frfijydzs9_12symcrypt_sys17symcrypt_bindingsNtB5_17__SYMCRYPT_DIVISORNtNtCsiBaDUsXeAwp_4core7default7Default7default
FNDA:0,_RNvXsq_NtCs9Frfijydzs9_12symcrypt_sys17symcrypt_bindingsNtB5_17__SYMCRYPT_MODULUSNtNtCsiBaDUsXeAwp_4core7default7Default7default
FNDA:0,_RNvXs2u_NtCs9Frfijydzs9_12symcrypt_sys17symcrypt_bindingsNtB6_34__SYMCRYPT_MODELEMENT__bindgen_ty_1NtNtCsiBaDUsXeAwp_4core5clone5Clone5cloneB8_
FNDA:0,_RNvXsO_NtCs9Frfijydzs9_12symcrypt_sys17symcrypt_bindingsNtB5_29__SYMCRYPT_SHA1_CHAINING_STATENtNtCsiBaDUsXeAwp_4core5clone5Clone5cloneB7_
FNDA:0,_RNvXsP_NtCs9Frfijydzs9_12symcrypt_sys17symcrypt_bindingsNtB5_31__SYMCRYPT_SHA256_CHAINING_STATENtNtCsiBaDUsXeAwp_4core3fmt5Debug3fmtB7_
FNDA:0,_RNvXs1c_NtCs9Frfijydzs9_12symcrypt_sys17symcrypt_bindingsNtB6_32__SYMCRYPT_HMAC_SHA1_EXPANDED_KEYNtNtCsiBaDUsXeAwp_4core7default7Default7defaultB8_
FNDA:0,_RNvXs2I_NtCs9Frfijydzs9_12symcrypt_sys17symcrypt_bindingsNtB6_23__SYMCRYPT_ECURVE_PARAMSNtNtCsiBaDUsXeAwp_4core3fmt5Debug3fmtB8_
FNDA:0,_RNvXs16_NtCs9Frfijydzs9_12symcrypt_sys17symcrypt_bindingsNtB6_14__SYMCRYPT_HASHNtNtCsiBaDUsXeAwp_4core5clone5Clone5cloneB8_
FNDA:0,_RNvXs17_NtCs9Frfijydzs9_12symcrypt_sys17symcrypt_bindingsNtB6_31__SYMCRYPT_HMAC_MD5_EXPANDED_KEYNtNtCsiBaDUsXeAwp_4core3fmt5Debug3fmtB8_
FNDA:0,_RNvXs1A_NtCs9Frfijydzs9_12symcrypt_sys17symcrypt_bindingsNtB6_31__SYMCRYPT_AES_CMAC_EXPANDED_KEYNtNtCsiBaDUsXeAwp_4core3fmt5Debug3fmtB8_
FNDA:0,_RNvXsS_NtCs9Frfijydzs9_12symcrypt_sys17symcrypt_bindingsNtB5_31__SYMCRYPT_SHA256_CHAINING_STATENtNtCsiBaDUsXeAwp_4core5clone5Clone5cloneB7_
FNDA:0,_RNvXs1g_NtCs9Frfijydzs9_12symcrypt_sys17symcrypt_bindingsNtB6_34__SYMCRYPT_HMAC_SHA256_EXPANDED_KEYNtNtCsiBaDUsXeAwp_4core7default7Default7defaultB8_
FNDA:0,_RNvXs1l_NtCs9Frfijydzs9_12symcrypt_sys17symcrypt_bindingsNtB6_27__SYMCRYPT_HMAC_SHA256_STATENtNtCsiBaDUsXeAwp_4core5clone5Clone5cloneB8_
FNDA:162,_RNvXs4_NtCs9Frfijydzs9_12symcrypt_sys17symcrypt_bindingsNtB5_27__SYMCRYPT_HMAC_SHA384_STATENtNtCsiBaDUsXeAwp_4core7default7Default7default
FNDA:0,_RNvXs1P_NtCs9Frfijydzs9_12symcrypt_sys17symcrypt_bindingsNtB6_26__SYMCRYPT_GCM_EXPANDED_KEYNtNtCsiBaDUsXeAwp_4core5clone5Clone5cloneB8_
FNDA:0,_RNvXs1x_NtCs9Frfijydzs9_12symcrypt_sys17symcrypt_bindingsNtB6_26__SYMCRYPT_AES_EXPANDED_KEYNtNtCsiBaDUsXeAwp_4core3fmt5Debug3fmtB8_
FNDA:0,_RNvXs1a_NtCs9Frfijydzs9_12symcrypt_sys17symcrypt_bindingsNtB6_31__SYMCRYPT_HMAC_MD5_EXPANDED_KEYNtNtCsiBaDUsXeAwp_4core5clone5Clone5cloneB8_
FNDA:0,_RNvXs1b_NtCs9Frfijydzs9_12symcrypt_sys17symcrypt_bindingsNtB6_32__SYMCRYPT_HMAC_SHA1_EXPANDED_KEYNtNtCsiBaDUsXeAwp_4core3fmt5Debug3fmtB8_
FNDA:0,_RNvXs2m_NtCs9Frfijydzs9_12symcrypt_sys17symcrypt_bindingsNtB6_45__SYMCRYPT_MODULUS__bindgen_ty_1__bindgen_ty_1NtNtCsiBaDUsXeAwp_4core5clone5Clone5cloneB8_
FNDA:0,_RNvXsm_NtCs9Frfijydzs9_12symcrypt_sys17symcrypt_bindingsNtB5_31__SYMCRYPT_DIVISOR__bindgen_ty_1NtNtCsiBaDUsXeAwp_4core7default7Default7default
FNDA:0,_RNvXsp_NtCs9Frfijydzs9_12symcrypt_sys17symcrypt_bindingsNtB5_31__SYMCRYPT_MODULUS__bindgen_ty_1NtNtCsiBaDUsXeAwp_4core7default7Default7default
FNDA:0,_RNvXs21_NtCs9Frfijydzs9_12symcrypt_sys17symcrypt_bindingsNtB6_13__SYMCRYPT_INTNtNtCsiBaDUsXeAwp_4core5clone5Clone5cloneB8_
FNDA:0,_RNvXs1L_NtCs9Frfijydzs9_12symcrypt_sys17symcrypt_bindingsNtB6_23__SYMCRYPT_GF128_ELEMENTNtNtCsiBaDUsXeAwp_4core5clone5Clone5cloneB8_
FNDA:0,_RNvXs8_NtCs9Frfijydzs9_12symcrypt_sys17symcrypt_bindingsNtB5_31__SYMCRYPT_AES_CMAC_EXPANDED_KEYNtNtCsiBaDUsXeAwp_4core7default7Default7default
FNDA:0,_RNvXs1N_NtCs9Frfijydzs9_12symcrypt_sys17symcrypt_bindingsNtB6_28__SYMCRYPT_GHASH_EXPANDED_KEYNtNtCsiBaDUsXeAwp_4core5clone5Clone5cloneB8_
FNDA:0,_RNvXs25_NtCs9Frfijydzs9_12symcrypt_sys17symcrypt_bindingsNtB6_41__SYMCRYPT_INT__bindgen_ty_1__bindgen_ty_1NtNtCsiBaDUsXeAwp_4core7default7Default7defaultB8_
FNDA:0,_RNvXs2o_NtCs9Frfijydzs9_12symcrypt_sys17symcrypt_bindingsNtB6_45__SYMCRYPT_MODULUS__bindgen_ty_1__bindgen_ty_2NtNtCsiBaDUsXeAwp_4core7default7Default7defaultB8_
FNDA:0,_RNvXs2c_NtCs9Frfijydzs9_12symcrypt_sys17symcrypt_bindingsNtB6_45__SYMCRYPT_DIVISOR__bindgen_ty_1__bindgen_ty_1NtNtCsiBaDUsXeAwp_4core3fmt5Debug3fmtB8_
FNDA:0,_RNvXs2F_NtCs9Frfijydzs9_12symcrypt_sys17symcrypt_bindingsNtB6_15__SYMCRYPT_ECKEYNtNtCsiBaDUsXeAwp_4core3fmt5Debug3fmtB8_
FNDA:0,_RNvXs23_NtCs9Frfijydzs9_12symcrypt_sys17symcrypt_bindingsNtB6_27__SYMCRYPT_INT__bindgen_ty_1NtNtCsiBaDUsXeAwp_4core5clone5Clone5cloneB8_
FNDA:0,_RNvXsM_NtCs9Frfijydzs9_12symcrypt_sys17symcrypt_bindingsNtB5_29__SYMCRYPT_SHA1_CHAINING_STATENtNtCsiBaDUsXeAwp_4core7default7Default7defaultB7_
FNDA:0,_RNvXs2n_NtCs9Frfijydzs9_12symcrypt_sys17symcrypt_bindingsNtB6_45__SYMCRYPT_MODULUS__bindgen_ty_1__bindgen_ty_2NtNtCsiBaDUsXeAwp_4core3fmt5Debug3fmtB8_
FNDA:0,_RNvXsl_NtCs9Frfijydzs9_12symcrypt_sys17symcrypt_bindingsNtB5_13__SYMCRYPT_INTNtNtCsiBaDUsXeAwp_4core7default7Default7default
FNF:116
FNH:9
DA:50,0
DA:157,0
DA:158,0
DA:159,0
DA:160,0
DA:161,0
DA:162,0
DA:163,0
DA:169,0
DA:202,0
DA:235,72
DA:268,0
DA:354,24
DA:355,24
DA:356,24
DA:357,24
DA:358,24
DA:359,24
DA:360,24
DA:367,120
DA:400,0
DA:486,36
DA:487,36
DA:488,36
DA:489,36
DA:490,36
DA:491,36
DA:492,36
DA:511,0
DA:641,0
DA:696,0
DA:754,36
DA:814,0
DA:867,114
DA:868,114
DA:869,114
DA:870,114
DA:871,114
DA:872,114
DA:873,114
DA:889,60
DA:949,0
DA:1002,162
DA:1003,162
DA:1004,162
DA:1005,162
DA:1006,162
DA:1007,162
DA:1008,162
DA:1023,0
DA:1081,0
DA:1145,0
DA:1146,0
DA:1147,0
DA:1148,0
DA:1149,0
DA:1150,0
DA:1151,0
DA:1156,0
DA:1220,0
DA:1221,0
DA:1222,0
DA:1223,0
DA:1224,0
DA:1225,0
DA:1226,0
DA:1231,0
DA:1317,0
DA:1318,0
DA:1319,0
DA:1320,0
DA:1321,0
DA:1322,0
DA:1323,0
DA:1336,0
DA:1454,0
DA:1455,0
DA:1456,0
DA:1457,0
DA:1458,0
DA:1459,0
DA:1460,0
DA:1466,0
DA:1503,0
DA:1504,0
DA:1505,0
DA:1506,0
DA:1507,0
DA:1508,0
DA:1509,0
DA:1514,0
DA:1567,0
DA:1568,0
DA:1569,0
DA:1570,0
DA:1571,0
DA:1572,0
DA:1573,0
DA:1578,0
DA:1609,0
DA:1610,0
DA:1611,0
DA:1612,0
DA:1613,0
DA:1614,0
DA:1615,0
DA:1620,0
DA:1707,24
DA:1708,24
DA:1709,24
DA:1710,24
DA:1711,24
DA:1712,24
DA:1713,24
DA:1720,0
DA:1838,0
DA:1839,0
DA:1840,0
DA:1841,0
DA:1842,0
DA:1843,0
DA:1844,0
DA:1887,0
DA:2051,0
DA:2096,0
DA:2097,0
DA:2098,0
DA:2099,0
DA:2100,0
DA:2101,0
DA:2102,0
DA:2109,0
DA:2151,0
DA:2152,0
DA:2153,0
DA:2154,0
DA:2155,0
DA:2156,0
DA:2157,0
DA:2173,0
DA:2184,0
DA:2189,0
DA:2252,0
DA:2253,0
DA:2254,0
DA:2255,0
DA:2256,0
DA:2257,0
DA:2258,0
DA:2326,0
DA:2327,0
DA:2328,0
DA:2329,0
DA:2330,0
DA:2331,0
DA:2332,0
DA:2336,0
DA:2347,0
DA:2352,0
DA:2415,0
DA:2416,0
DA:2417,0
DA:2418,0
DA:2419,0
DA:2420,0
DA:2421,0
DA:2509,0
DA:2510,0
DA:2511,0
DA:2512,0
DA:2513,0
DA:2514,0
DA:2515,0
DA:2519,0
DA:2532,0
DA:2538,0
DA:2586,0
DA:2587,0
DA:2588,0
DA:2589,0
DA:2590,0
DA:2591,0
DA:2592,0
DA:2595,0
DA:2668,0
DA:2669,0
DA:2670,0
DA:2671,0
DA:2672,0
DA:2673,0
DA:2674,0
DA:2772,0
DA:2773,0
DA:2774,0
DA:2775,0
DA:2776,0
DA:2777,0
DA:2778,0
DA:2782,0
DA:2787,0
DA:2821,0
DA:2822,0
DA:2823,0
DA:2824,0
DA:2825,0
DA:2826,0
DA:2827,0
DA:2855,0
DA:2856,0
DA:2857,0
DA:2858,0
DA:2859,0
DA:2860,0
DA:2861,0
DA:2880,0
DA:2944,0
DA:2945,0
DA:2946,0
DA:2947,0
DA:2948,0
DA:2949,0
DA:2950,0
DA:2964,0
DA:2997,0
DA:3028,0
DA:3029,0
DA:3030,0
DA:3031,0
DA:3032,0
DA:3033,0
DA:3034,0
DA:3342,0
DA:3343,0
DA:3344,0
DA:3345,0
DA:3346,0
DA:3347,0
DA:3348,0
DA:3355,0
DA:3407,0
DA:3408,0
DA:3409,0
DA:3410,0
DA:3411,0
DA:3412,0
DA:3413,0
DA:3417,0
DA:3511,0
DA:3512,0
DA:3513,0
DA:3514,0
DA:3515,0
DA:3516,0
DA:3517,0
DA:3869,0
DA:3966,0
DA:3967,0
DA:3968,0
DA:3969,0
DA:3970,0
DA:3971,0
DA:3972,0
BRF:0
BRH:0
LF:302
LH:39
end_of_record
SF:C:\Code\rustls-symcrypt\rustls-symcrypt\src\cipher_suites.rs
FN:25,_RNvMNtCs6G3VJIBeoZf_15rustls_symcrypt13cipher_suitesNtB2_6AesGcm8key_size
FN:25,_RNvMNtCsjUkNKz8v5xV_15rustls_symcrypt13cipher_suitesNtB2_6AesGcm8key_size
FNDA:24,_RNvMNtCs6G3VJIBeoZf_15rustls_symcrypt13cipher_suitesNtB2_6AesGcm8key_size
FNDA:0,_RNvMNtCsjUkNKz8v5xV_15rustls_symcrypt13cipher_suitesNtB2_6AesGcm8key_size
FNF:1
FNH:1
DA:25,24
DA:26,24
DA:27,6
DA:28,18
DA:30,24
BRF:0
BRH:0
LF:5
LH:5
end_of_record
SF:C:\Code\rustls-symcrypt\rustls-symcrypt\src\ecdh.rs
FN:12,_RNvXs0_NtCs6G3VJIBeoZf_15rustls_symcrypt4ecdhNtB5_7KxGroupNtNtCsiBaDUsXeAwp_4core3fmt5Debug3fmtCslEgycWU7XBP_9full_test
FN:159,_RNvXs_NtCs6G3VJIBeoZf_15rustls_symcrypt4ecdhNtB4_11KeyExchangeNtNtCsesBmcNWMgiO_6rustls6crypto17ActiveKeyExchange5group
FN:12,_RNvXs0_NtCs6G3VJIBeoZf_15rustls_symcrypt4ecdhNtB5_7KxGroupNtNtCsiBaDUsXeAwp_4core3fmt5Debug3fmtB7_
FN:110,_RNvXs_NtCs6G3VJIBeoZf_15rustls_symcrypt4ecdhNtB4_11KeyExchangeNtNtCsesBmcNWMgiO_6rustls6crypto17ActiveKeyExchange8complete
FN:66,_RNvXNtCs6G3VJIBeoZf_15rustls_symcrypt4ecdhNtB2_7KxGroupNtNtCsesBmcNWMgiO_6rustls6crypto16SupportedKxGroup5start
FN:155,_RNvXs_NtCs6G3VJIBeoZf_15rustls_symcrypt4ecdhNtB4_11KeyExchangeNtNtCsesBmcNWMgiO_6rustls6crypto17ActiveKeyExchange7pub_key
FN:95,_RNvXNtCs6G3VJIBeoZf_15rustls_symcrypt4ecdhNtB2_7KxGroupNtNtCsesBmcNWMgiO_6rustls6crypto16SupportedKxGroup4name
FN:70,_RNCNvXNtCs6G3VJIBeoZf_15rustls_symcrypt4ecdhNtB4_7KxGroupNtNtCsesBmcNWMgiO_6rustls6crypto16SupportedKxGroup5starts_0B6_
FN:67,_RNCNvXNtCs6G3VJIBeoZf_15rustls_symcrypt4ecdhNtB4_7KxGroupNtNtCsesBmcNWMgiO_6rustls6crypto16SupportedKxGroup5start0B6_
FN:159,_RNvXs_NtCsjUkNKz8v5xV_15rustls_symcrypt4ecdhNtB4_11KeyExchangeNtNtCsesBmcNWMgiO_6rustls6crypto17ActiveKeyExchange5group
FN:110,_RNvXs_NtCsjUkNKz8v5xV_15rustls_symcrypt4ecdhNtB4_11KeyExchangeNtNtCsesBmcNWMgiO_6rustls6crypto17ActiveKeyExchange8complete
FN:66,_RNvXNtCsjUkNKz8v5xV_15rustls_symcrypt4ecdhNtB2_7KxGroupNtNtCsesBmcNWMgiO_6rustls6crypto16SupportedKxGroup5start
FN:155,_RNvXs_NtCsjUkNKz8v5xV_15rustls_symcrypt4ecdhNtB4_11KeyExchangeNtNtCsesBmcNWMgiO_6rustls6crypto17ActiveKeyExchange7pub_key
FN:12,_RNvXs0_NtCsjUkNKz8v5xV_15rustls_symcrypt4ecdhNtB5_7KxGroupNtNtCsiBaDUsXeAwp_4core3fmt5Debug3fmtB7_
FN:95,_RNvXNtCsjUkNKz8v5xV_15rustls_symcrypt4ecdhNtB2_7KxGroupNtNtCsesBmcNWMgiO_6rustls6crypto16SupportedKxGroup4name
FN:70,_RNCNvXNtCsjUkNKz8v5xV_15rustls_symcrypt4ecdhNtB4_7KxGroupNtNtCsesBmcNWMgiO_6rustls6crypto16SupportedKxGroup5starts_0B6_
FN:67,_RNCNvXNtCsjUkNKz8v5xV_15rustls_symcrypt4ecdhNtB4_7KxGroupNtNtCsesBmcNWMgiO_6rustls6crypto16SupportedKxGroup5start0B6_
FNDA:0,_RNvXs0_NtCs6G3VJIBeoZf_15rustls_symcrypt4ecdhNtB5_7KxGroupNtNtCsiBaDUsXeAwp_4core3fmt5Debug3fmtCslEgycWU7XBP_9full_test
FNDA:15,_RNvXs_NtCs6G3VJIBeoZf_15rustls_symcrypt4ecdhNtB4_11KeyExchangeNtNtCsesBmcNWMgiO_6rustls6crypto17ActiveKeyExchange5group
FNDA:0,_RNvXs0_NtCs6G3VJIBeoZf_15rustls_symcrypt4ecdhNtB5_7KxGroupNtNtCsiBaDUsXeAwp_4core3fmt5Debug3fmtB7_
FNDA:9,_RNvXs_NtCs6G3VJIBeoZf_15rustls_symcrypt4ecdhNtB4_11KeyExchangeNtNtCsesBmcNWMgiO_6rustls6crypto17ActiveKeyExchange8complete
FNDA:9,_RNvXNtCs6G3VJIBeoZf_15rustls_symcrypt4ecdhNtB2_7KxGroupNtNtCsesBmcNWMgiO_6rustls6crypto16SupportedKxGroup5start
FNDA:9,_RNvXs_NtCs6G3VJIBeoZf_15rustls_symcrypt4ecdhNtB4_11KeyExchangeNtNtCsesBmcNWMgiO_6rustls6crypto17ActiveKeyExchange7pub_key
FNDA:34,_RNvXNtCs6G3VJIBeoZf_15rustls_symcrypt4ecdhNtB2_7KxGroupNtNtCsesBmcNWMgiO_6rustls6crypto16SupportedKxGroup4name
FNDA:0,_RNCNvXNtCs6G3VJIBeoZf_15rustls_symcrypt4ecdhNtB4_7KxGroupNtNtCsesBmcNWMgiO_6rustls6crypto16SupportedKxGroup5starts_0B6_
FNDA:0,_RNCNvXNtCs6G3VJIBeoZf_15rustls_symcrypt4ecdhNtB4_7KxGroupNtNtCsesBmcNWMgiO_6rustls6crypto16SupportedKxGroup5start0B6_
FNDA:0,_RNvXs_NtCsjUkNKz8v5xV_15rustls_symcrypt4ecdhNtB4_11KeyExchangeNtNtCsesBmcNWMgiO_6rustls6crypto17ActiveKeyExchange5group
FNDA:0,_RNvXs_NtCsjUkNKz8v5xV_15rustls_symcrypt4ecdhNtB4_11KeyExchangeNtNtCsesBmcNWMgiO_6rustls6crypto17ActiveKeyExchange8complete
FNDA:0,_RNvXNtCsjUkNKz8v5xV_15rustls_symcrypt4ecdhNtB2_7KxGroupNtNtCsesBmcNWMgiO_6rustls6crypto16SupportedKxGroup5start
FNDA:0,_RNvXs_NtCsjUkNKz8v5xV_15rustls_symcrypt4ecdhNtB4_11KeyExchangeNtNtCsesBmcNWMgiO_6rustls6crypto17ActiveKeyExchange7pub_key
FNDA:0,_RNvXs0_NtCsjUkNKz8v5xV_15rustls_symcrypt4ecdhNtB5_7KxGroupNtNtCsiBaDUsXeAwp_4core3fmt5Debug3fmtB7_
FNDA:0,_RNvXNtCsjUkNKz8v5xV_15rustls_symcrypt4ecdhNtB2_7KxGroupNtNtCsesBmcNWMgiO_6rustls6crypto16SupportedKxGroup4name
FNDA:0,_RNCNvXNtCsjUkNKz8v5xV_15rustls_symcrypt4ecdhNtB4_7KxGroupNtNtCsesBmcNWMgiO_6rustls6crypto16SupportedKxGroup5starts_0B6_
FNDA:0,_RNCNvXNtCsjUkNKz8v5xV_15rustls_symcrypt4ecdhNtB4_7KxGroupNtNtCsesBmcNWMgiO_6rustls6crypto16SupportedKxGroup5start0B6_
FNF:8
FNH:5
DA:12,0
DA:66,9
DA:67,9
DA:68,9
DA:69,9
DA:70,9
DA:72,9
DA:73,4
DA:74,8
DA:75,8
DA:76,8
DA:77,8
DA:78,8
DA:79,8
DA:80,8
DA:81,8
DA:82,8
DA:83,8
DA:84,8
DA:85,8
DA:87,9
DA:88,9
DA:89,9
DA:90,9
DA:91,9
DA:92,9
DA:93,9
DA:95,34
DA:96,34
DA:97,34
DA:110,9
DA:111,9
DA:123,8
DA:127,1
DA:131,9
DA:132,9
DA:133,0
DA:134,0
DA:135,0
DA:136,0
DA:137,0
DA:138,0
DA:142,9
DA:143,9
DA:144,0
DA:145,0
DA:146,0
DA:147,0
DA:148,0
DA:149,0
DA:152,9
DA:153,9
DA:155,9
DA:156,9
DA:157,9
DA:159,15
DA:160,15
DA:161,15
BRF:0
BRH:0
LF:60
LH:45
end_of_record
SF:C:\Code\rustls-symcrypt\rustls-symcrypt\src\hash.rs
FN:47,_RNvXNtCs6G3VJIBeoZf_15rustls_symcrypt4hashNtB2_6Sha256NtNtNtCsesBmcNWMgiO_6rustls6crypto4hash4Hash9algorithm
FN:71,_RNvXs_NtCs6G3VJIBeoZf_15rustls_symcrypt4hashNtB4_13Sha256ContextNtNtNtCsesBmcNWMgiO_6rustls6crypto4hash7Context4fork
FN:94,_RNvXs0_NtCs6G3VJIBeoZf_15rustls_symcrypt4hashNtB5_6Sha384NtNtNtCsesBmcNWMgiO_6rustls6crypto4hash4Hash5start
FN:117,_RNvXs1_NtCs6G3VJIBeoZf_15rustls_symcrypt4hashNtB5_13Sha384ContextNtNtNtCsesBmcNWMgiO_6rustls6crypto4hash7Context6update
FN:55,_RNvXNtCs6G3VJIBeoZf_15rustls_symcrypt4hashNtB2_6Sha256NtNtNtCsesBmcNWMgiO_6rustls6crypto4hash4Hash5start
FN:79,_RNvXs_NtCs6G3VJIBeoZf_15rustls_symcrypt4hashNtB4_13Sha256ContextNtNtNtCsesBmcNWMgiO_6rustls6crypto4hash7Context6update
FN:104,_RNvXs1_NtCs6G3VJIBeoZf_15rustls_symcrypt4hashNtB5_13Sha384ContextNtNtNtCsesBmcNWMgiO_6rustls6crypto4hash7Context11fork_finish
FN:65,_RNvXs_NtCs6G3VJIBeoZf_15rustls_symcrypt4hashNtB4_13Sha256ContextNtNtNtCsesBmcNWMgiO_6rustls6crypto4hash7Context11fork_finish
FN:90,_RNvXs0_NtCs6G3VJIBeoZf_15rustls_symcrypt4hashNtB5_6Sha384NtNtNtCsesBmcNWMgiO_6rustls6crypto4hash4Hash10output_len
FN:113,_RNvXs1_NtCs6G3VJIBeoZf_15rustls_symcrypt4hashNtB5_13Sha384ContextNtNtNtCsesBmcNWMgiO_6rustls6crypto4hash7Context6finish
FN:51,_RNvXNtCs6G3VJIBeoZf_15rustls_symcrypt4hashNtB2_6Sha256NtNtNtCsesBmcNWMgiO_6rustls6crypto4hash4Hash10output_len
FN:75,_RNvXs_NtCs6G3VJIBeoZf_15rustls_symcrypt4hashNtB4_13Sha256ContextNtNtNtCsesBmcNWMgiO_6rustls6crypto4hash7Context6finish
FN:98,_RNvXs0_NtCs6G3VJIBeoZf_15rustls_symcrypt4hashNtB5_6Sha384NtNtNtCsesBmcNWMgiO_6rustls6crypto4hash4Hash4hash
FN:59,_RNvXNtCs6G3VJIBeoZf_15rustls_symcrypt4hashNtB2_6Sha256NtNtNtCsesBmcNWMgiO_6rustls6crypto4hash4Hash4hash
FN:86,_RNvXs0_NtCs6G3VJIBeoZf_15rustls_symcrypt4hashNtB5_6Sha384NtNtNtCsesBmcNWMgiO_6rustls6crypto4hash4Hash9algorithm
FN:109,_RNvXs1_NtCs6G3VJIBeoZf_15rustls_symcrypt4hashNtB5_13Sha384ContextNtNtNtCsesBmcNWMgiO_6rustls6crypto4hash7Context4fork
FN:47,_RNvXNtCsjUkNKz8v5xV_15rustls_symcrypt4hashNtB2_6Sha256NtNtNtCsesBmcNWMgiO_6rustls6crypto4hash4Hash9algorithm
FN:71,_RNvXs_NtCsjUkNKz8v5xV_15rustls_symcrypt4hashNtB4_13Sha256ContextNtNtNtCsesBmcNWMgiO_6rustls6crypto4hash7Context4fork
FN:94,_RNvXs0_NtCsjUkNKz8v5xV_15rustls_symcrypt4hashNtB5_6Sha384NtNtNtCsesBmcNWMgiO_6rustls6crypto4hash4Hash5start
FN:117,_RNvXs1_NtCsjUkNKz8v5xV_15rustls_symcrypt4hashNtB5_13Sha384ContextNtNtNtCsesBmcNWMgiO_6rustls6crypto4hash7Context6update
FN:55,_RNvXNtCsjUkNKz8v5xV_15rustls_symcrypt4hashNtB2_6Sha256NtNtNtCsesBmcNWMgiO_6rustls6crypto4hash4Hash5start
FN:79,_RNvXs_NtCsjUkNKz8v5xV_15rustls_symcrypt4hashNtB4_13Sha256ContextNtNtNtCsesBmcNWMgiO_6rustls6crypto4hash7Context6update
FN:104,_RNvXs1_NtCsjUkNKz8v5xV_15rustls_symcrypt4hashNtB5_13Sha384ContextNtNtNtCsesBmcNWMgiO_6rustls6crypto4hash7Context11fork_finish
FN:65,_RNvXs_NtCsjUkNKz8v5xV_15rustls_symcrypt4hashNtB4_13Sha256ContextNtNtNtCsesBmcNWMgiO_6rustls6crypto4hash7Context11fork_finish
FN:90,_RNvXs0_NtCsjUkNKz8v5xV_15rustls_symcrypt4hashNtB5_6Sha384NtNtNtCsesBmcNWMgiO_6rustls6crypto4hash4Hash10output_len
FN:113,_RNvXs1_NtCsjUkNKz8v5xV_15rustls_symcrypt4hashNtB5_13Sha384ContextNtNtNtCsesBmcNWMgiO_6rustls6crypto4hash7Context6finish
FN:51,_RNvXNtCsjUkNKz8v5xV_15rustls_symcrypt4hashNtB2_6Sha256NtNtNtCsesBmcNWMgiO_6rustls6crypto4hash4Hash10output_len
FN:75,_RNvXs_NtCsjUkNKz8v5xV_15rustls_symcrypt4hashNtB4_13Sha256ContextNtNtNtCsesBmcNWMgiO_6rustls6crypto4hash7Context6finish
FN:98,_RNvXs0_NtCsjUkNKz8v5xV_15rustls_symcrypt4hashNtB5_6Sha384NtNtNtCsesBmcNWMgiO_6rustls6crypto4hash4Hash4hash
FN:59,_RNvXNtCsjUkNKz8v5xV_15rustls_symcrypt4hashNtB2_6Sha256NtNtNtCsesBmcNWMgiO_6rustls6crypto4hash4Hash4hash
FN:86,_RNvXs0_NtCsjUkNKz8v5xV_15rustls_symcrypt4hashNtB5_6Sha384NtNtNtCsesBmcNWMgiO_6rustls6crypto4hash4Hash9algorithm
FN:109,_RNvXs1_NtCsjUkNKz8v5xV_15rustls_symcrypt4hashNtB5_13Sha384ContextNtNtNtCsesBmcNWMgiO_6rustls6crypto4hash7Context4fork
FNDA:0,_RNvXNtCs6G3VJIBeoZf_15rustls_symcrypt4hashNtB2_6Sha256NtNtNtCsesBmcNWMgiO_6rustls6crypto4hash4Hash9algorithm
FNDA:0,_RNvXs_NtCs6G3VJIBeoZf_15rustls_symcrypt4hashNtB4_13Sha256ContextNtNtNtCsesBmcNWMgiO_6rustls6crypto4hash7Context4fork
FNDA:13,_RNvXs0_NtCs6G3VJIBeoZf_15rustls_symcrypt4hashNtB5_6Sha384NtNtNtCsesBmcNWMgiO_6rustls6crypto4hash4Hash5start
FNDA:37,_RNvXs1_NtCs6G3VJIBeoZf_15rustls_symcrypt4hashNtB5_13Sha384ContextNtNtNtCsesBmcNWMgiO_6rustls6crypto4hash7Context6update
FNDA:8,_RNvXNtCs6G3VJIBeoZf_15rustls_symcrypt4hashNtB2_6Sha256NtNtNtCsesBmcNWMgiO_6rustls6crypto4hash4Hash5start
FNDA:32,_RNvXs_NtCs6G3VJIBeoZf_15rustls_symcrypt4hashNtB4_13Sha256ContextNtNtNtCsesBmcNWMgiO_6rustls6crypto4hash7Context6update
FNDA:23,_RNvXs1_NtCs6G3VJIBeoZf_15rustls_symcrypt4hashNtB5_13Sha384ContextNtNtNtCsesBmcNWMgiO_6rustls6crypto4hash7Context11fork_finish
FNDA:16,_RNvXs_NtCs6G3VJIBeoZf_15rustls_symcrypt4hashNtB4_13Sha256ContextNtNtNtCsesBmcNWMgiO_6rustls6crypto4hash7Context11fork_finish
FNDA:0,_RNvXs0_NtCs6G3VJIBeoZf_15rustls_symcrypt4hashNtB5_6Sha384NtNtNtCsesBmcNWMgiO_6rustls6crypto4hash4Hash10output_len
FNDA:8,_RNvXs1_NtCs6G3VJIBeoZf_15rustls_symcrypt4hashNtB5_13Sha384ContextNtNtNtCsesBmcNWMgiO_6rustls6crypto4hash7Context6finish
FNDA:0,_RNvXNtCs6G3VJIBeoZf_15rustls_symcrypt4hashNtB2_6Sha256NtNtNtCsesBmcNWMgiO_6rustls6crypto4hash4Hash10output_len
FNDA:4,_RNvXs_NtCs6G3VJIBeoZf_15rustls_symcrypt4hashNtB4_13Sha256ContextNtNtNtCsesBmcNWMgiO_6rustls6crypto4hash7Context6finish
FNDA:0,_RNvXs0_NtCs6G3VJIBeoZf_15rustls_symcrypt4hashNtB5_6Sha384NtNtNtCsesBmcNWMgiO_6rustls6crypto4hash4Hash4hash
FNDA:0,_RNvXNtCs6G3VJIBeoZf_15rustls_symcrypt4hashNtB2_6Sha256NtNtNtCsesBmcNWMgiO_6rustls6crypto4hash4Hash4hash
FNDA:0,_RNvXs0_NtCs6G3VJIBeoZf_15rustls_symcrypt4hashNtB5_6Sha384NtNtNtCsesBmcNWMgiO_6rustls6crypto4hash4Hash9algorithm
FNDA:0,_RNvXs1_NtCs6G3VJIBeoZf_15rustls_symcrypt4hashNtB5_13Sha384ContextNtNtNtCsesBmcNWMgiO_6rustls6crypto4hash7Context4fork
FNDA:0,_RNvXNtCsjUkNKz8v5xV_15rustls_symcrypt4hashNtB2_6Sha256NtNtNtCsesBmcNWMgiO_6rustls6crypto4hash4Hash9algorithm
FNDA:0,_RNvXs_NtCsjUkNKz8v5xV_15rustls_symcrypt4hashNtB4_13Sha256ContextNtNtNtCsesBmcNWMgiO_6rustls6crypto4hash7Context4fork
FNDA:0,_RNvXs0_NtCsjUkNKz8v5xV_15rustls_symcrypt4hashNtB5_6Sha384NtNtNtCsesBmcNWMgiO_6rustls6crypto4hash4Hash5start
FNDA:0,_RNvXs1_NtCsjUkNKz8v5xV_15rustls_symcrypt4hashNtB5_13Sha384ContextNtNtNtCsesBmcNWMgiO_6rustls6crypto4hash7Context6update
FNDA:0,_RNvXNtCsjUkNKz8v5xV_15rustls_symcrypt4hashNtB2_6Sha256NtNtNtCsesBmcNWMgiO_6rustls6crypto4hash4Hash5start
FNDA:0,_RNvXs_NtCsjUkNKz8v5xV_15rustls_symcrypt4hashNtB4_13Sha256ContextNtNtNtCsesBmcNWMgiO_6rustls6crypto4hash7Context6update
FNDA:0,_RNvXs1_NtCsjUkNKz8v5xV_15rustls_symcrypt4hashNtB5_13Sha384ContextNtNtNtCsesBmcNWMgiO_6rustls6crypto4hash7Context11fork_finish
FNDA:0,_RNvXs_NtCsjUkNKz8v5xV_15rustls_symcrypt4hashNtB4_13Sha256ContextNtNtNtCsesBmcNWMgiO_6rustls6crypto4hash7Context11fork_finish
FNDA:0,_RNvXs0_NtCsjUkNKz8v5xV_15rustls_symcrypt4hashNtB5_6Sha384NtNtNtCsesBmcNWMgiO_6rustls6crypto4hash4Hash10output_len
FNDA:0,_RNvXs1_NtCsjUkNKz8v5xV_15rustls_symcrypt4hashNtB5_13Sha384ContextNtNtNtCsesBmcNWMgiO_6rustls6crypto4hash7Context6finish
FNDA:0,_RNvXNtCsjUkNKz8v5xV_15rustls_symcrypt4hashNtB2_6Sha256NtNtNtCsesBmcNWMgiO_6rustls6crypto4hash4Hash10output_len
FNDA:0,_RNvXs_NtCsjUkNKz8v5xV_15rustls_symcrypt4hashNtB4_13Sha256ContextNtNtNtCsesBmcNWMgiO_6rustls6crypto4hash7Context6finish
FNDA:0,_RNvXs0_NtCsjUkNKz8v5xV_15rustls_symcrypt4hashNtB5_6Sha384NtNtNtCsesBmcNWMgiO_6rustls6crypto4hash4Hash4hash
FNDA:0,_RNvXNtCsjUkNKz8v5xV_15rustls_symcrypt4hashNtB2_6Sha256NtNtNtCsesBmcNWMgiO_6rustls6crypto4hash4Hash4hash
FNDA:0,_RNvXs0_NtCsjUkNKz8v5xV_15rustls_symcrypt4hashNtB5_6Sha384NtNtNtCsesBmcNWMgiO_6rustls6crypto4hash4Hash9algorithm
FNDA:0,_RNvXs1_NtCsjUkNKz8v5xV_15rustls_symcrypt4hashNtB5_13Sha384ContextNtNtNtCsesBmcNWMgiO_6rustls6crypto4hash7Context4fork
FNF:16
FNH:8
DA:47,0
DA:48,0
DA:49,0
DA:51,0
DA:52,0
DA:53,0
DA:55,8
DA:56,8
DA:57,8
DA:59,0
DA:60,0
DA:61,0
DA:65,16
DA:66,16
DA:67,16
DA:68,16
DA:69,16
DA:71,0
DA:72,0
DA:73,0
DA:75,4
DA:76,4
DA:77,4
DA:79,32
DA:80,32
DA:81,32
DA:86,0
DA:87,0
DA:88,0
DA:90,0
DA:91,0
DA:92,0
DA:94,13
DA:95,13
DA:96,13
DA:98,0
DA:99,0
DA:100,0
DA:104,23
DA:105,23
DA:106,23
DA:107,23
DA:109,0
DA:110,0
DA:111,0
DA:113,8
DA:114,8
DA:115,8
DA:117,37
DA:118,37
DA:119,37
BRF:0
BRH:0
LF:51
LH:27
end_of_record
SF:C:\Code\rustls-symcrypt\rustls-symcrypt\src\hmac.rs
FN:68,_RNvXs_NtCs6G3VJIBeoZf_15rustls_symcrypt4hmacNtB4_13HmacSha256KeyNtNtNtCsesBmcNWMgiO_6rustls6crypto4hmac3Key7tag_len
FN:41,_RNvXNtCs6G3VJIBeoZf_15rustls_symcrypt4hmacNtB2_10HmacSha256NtNtNtCsesBmcNWMgiO_6rustls6crypto4hmac4Hmac8with_key
FN:90,_RNvXs1_NtCs6G3VJIBeoZf_15rustls_symcrypt4hmacNtB5_13HmacSha384KeyNtNtNtCsesBmcNWMgiO_6rustls6crypto4hmac3Key11sign_concat
FN:46,_RNvXNtCs6G3VJIBeoZf_15rustls_symcrypt4hmacNtB2_10HmacSha256NtNtNtCsesBmcNWMgiO_6rustls6crypto4hmac4Hmac15hash_output_len
FN:75,_RNvXs0_NtCs6G3VJIBeoZf_15rustls_symcrypt4hmacNtB5_10HmacSha384NtNtNtCsesBmcNWMgiO_6rustls6crypto4hmac4Hmac8with_key
FN:102,_RNvXs1_NtCs6G3VJIBeoZf_15rustls_symcrypt4hmacNtB5_13HmacSha384KeyNtNtNtCsesBmcNWMgiO_6rustls6crypto4hmac3Key7tag_len
FN:80,_RNvXs0_NtCs6G3VJIBeoZf_15rustls_symcrypt4hmacNtB5_10HmacSha384NtNtNtCsesBmcNWMgiO_6rustls6crypto4hmac4Hmac15hash_output_len
FN:52,_RNvXs_NtCs6G3VJIBeoZf_15rustls_symcrypt4hmacNtB4_13HmacSha256KeyNtNtNtCsesBmcNWMgiO_6rustls6crypto4hmac3Key4sign
FN:56,_RNvXs_NtCs6G3VJIBeoZf_15rustls_symcrypt4hmacNtB4_13HmacSha256KeyNtNtNtCsesBmcNWMgiO_6rustls6crypto4hmac3Key11sign_concat
FN:86,_RNvXs1_NtCs6G3VJIBeoZf_15rustls_symcrypt4hmacNtB5_13HmacSha384KeyNtNtNtCsesBmcNWMgiO_6rustls6crypto4hmac3Key4sign
FN:68,_RNvXs_NtCsjUkNKz8v5xV_15rustls_symcrypt4hmacNtB4_13HmacSha256KeyNtNtNtCsesBmcNWMgiO_6rustls6crypto4hmac3Key7tag_len
FN:41,_RNvXNtCsjUkNKz8v5xV_15rustls_symcrypt4hmacNtB2_10HmacSha256NtNtNtCsesBmcNWMgiO_6rustls6crypto4hmac4Hmac8with_key
FN:90,_RNvXs1_NtCsjUkNKz8v5xV_15rustls_symcrypt4hmacNtB5_13HmacSha384KeyNtNtNtCsesBmcNWMgiO_6rustls6crypto4hmac3Key11sign_concat
FN:46,_RNvXNtCsjUkNKz8v5xV_15rustls_symcrypt4hmacNtB2_10HmacSha256NtNtNtCsesBmcNWMgiO_6rustls6crypto4hmac4Hmac15hash_output_len
FN:75,_RNvXs0_NtCsjUkNKz8v5xV_15rustls_symcrypt4hmacNtB5_10HmacSha384NtNtNtCsesBmcNWMgiO_6rustls6crypto4hmac4Hmac8with_key
FN:102,_RNvXs1_NtCsjUkNKz8v5xV_15rustls_symcrypt4hmacNtB5_13HmacSha384KeyNtNtNtCsesBmcNWMgiO_6rustls6crypto4hmac3Key7tag_len
FN:80,_RNvXs0_NtCsjUkNKz8v5xV_15rustls_symcrypt4hmacNtB5_10HmacSha384NtNtNtCsesBmcNWMgiO_6rustls6crypto4hmac4Hmac15hash_output_len
FN:52,_RNvXs_NtCsjUkNKz8v5xV_15rustls_symcrypt4hmacNtB4_13HmacSha256KeyNtNtNtCsesBmcNWMgiO_6rustls6crypto4hmac3Key4sign
FN:56,_RNvXs_NtCsjUkNKz8v5xV_15rustls_symcrypt4hmacNtB4_13HmacSha256KeyNtNtNtCsesBmcNWMgiO_6rustls6crypto4hmac3Key11sign_concat
FN:86,_RNvXs1_NtCsjUkNKz8v5xV_15rustls_symcrypt4hmacNtB5_13HmacSha384KeyNtNtNtCsesBmcNWMgiO_6rustls6crypto4hmac3Key4sign
FNDA:94,_RNvXs_NtCs6G3VJIBeoZf_15rustls_symcrypt4hmacNtB4_13HmacSha256KeyNtNtNtCsesBmcNWMgiO_6rustls6crypto4hmac3Key7tag_len
FNDA:36,_RNvXNtCs6G3VJIBeoZf_15rustls_symcrypt4hmacNtB2_10HmacSha256NtNtNtCsesBmcNWMgiO_6rustls6crypto4hmac4Hmac8with_key
FNDA:102,_RNvXs1_NtCs6G3VJIBeoZf_15rustls_symcrypt4hmacNtB5_13HmacSha384KeyNtNtNtCsesBmcNWMgiO_6rustls6crypto4hmac3Key11sign_concat
FNDA:6,_RNvXNtCs6G3VJIBeoZf_15rustls_symcrypt4hmacNtB2_10HmacSha256NtNtNtCsesBmcNWMgiO_6rustls6crypto4hmac4Hmac15hash_output_len
FNDA:60,_RNvXs0_NtCs6G3VJIBeoZf_15rustls_symcrypt4hmacNtB5_10HmacSha384NtNtNtCsesBmcNWMgiO_6rustls6crypto4hmac4Hmac8with_key
FNDA:176,_RNvXs1_NtCs6G3VJIBeoZf_15rustls_symcrypt4hmacNtB5_13HmacSha384KeyNtNtNtCsesBmcNWMgiO_6rustls6crypto4hmac3Key7tag_len
FNDA:12,_RNvXs0_NtCs6G3VJIBeoZf_15rustls_symcrypt4hmacNtB5_10HmacSha384NtNtNtCsesBmcNWMgiO_6rustls6crypto4hmac4Hmac15hash_output_len
FNDA:44,_RNvXs_NtCs6G3VJIBeoZf_15rustls_symcrypt4hmacNtB4_13HmacSha256KeyNtNtNtCsesBmcNWMgiO_6rustls6crypto4hmac3Key4sign
FNDA:78,_RNvXs_NtCs6G3VJIBeoZf_15rustls_symcrypt4hmacNtB4_13HmacSha256KeyNtNtNtCsesBmcNWMgiO_6rustls6crypto4hmac3Key11sign_concat
FNDA:34,_RNvXs1_NtCs6G3VJIBeoZf_15rustls_symcrypt4hmacNtB5_13HmacSha384KeyNtNtNtCsesBmcNWMgiO_6rustls6crypto4hmac3Key4sign
FNDA:0,_RNvXs_NtCsjUkNKz8v5xV_15rustls_symcrypt4hmacNtB4_13HmacSha256KeyNtNtNtCsesBmcNWMgiO_6rustls6crypto4hmac3Key7tag_len
FNDA:0,_RNvXNtCsjUkNKz8v5xV_15rustls_symcrypt4hmacNtB2_10HmacSha256NtNtNtCsesBmcNWMgiO_6rustls6crypto4hmac4Hmac8with_key
FNDA:0,_RNvXs1_NtCsjUkNKz8v5xV_15rustls_symcrypt4hmacNtB5_13HmacSha384KeyNtNtNtCsesBmcNWMgiO_6rustls6crypto4hmac3Key11sign_concat
FNDA:0,_RNvXNtCsjUkNKz8v5xV_15rustls_symcrypt4hmacNtB2_10HmacSha256NtNtNtCsesBmcNWMgiO_6rustls6crypto4hmac4Hmac15hash_output_len
FNDA:0,_RNvXs0_NtCsjUkNKz8v5xV_15rustls_symcrypt4hmacNtB5_10HmacSha384NtNtNtCsesBmcNWMgiO_6rustls6crypto4hmac4Hmac8with_key
FNDA:0,_RNvXs1_NtCsjUkNKz8v5xV_15rustls_symcrypt4hmacNtB5_13HmacSha384KeyNtNtNtCsesBmcNWMgiO_6rustls6crypto4hmac3Key7tag_len
FNDA:0,_RNvXs0_NtCsjUkNKz8v5xV_15rustls_symcrypt4hmacNtB5_10HmacSha384NtNtNtCsesBmcNWMgiO_6rustls6crypto4hmac4Hmac15hash_output_len
FNDA:0,_RNvXs_NtCsjUkNKz8v5xV_15rustls_symcrypt4hmacNtB4_13HmacSha256KeyNtNtNtCsesBmcNWMgiO_6rustls6crypto4hmac3Key4sign
FNDA:0,_RNvXs_NtCsjUkNKz8v5xV_15rustls_symcrypt4hmacNtB4_13HmacSha256KeyNtNtNtCsesBmcNWMgiO_6rustls6crypto4hmac3Key11sign_concat
FNDA:0,_RNvXs1_NtCsjUkNKz8v5xV_15rustls_symcrypt4hmacNtB5_13HmacSha384KeyNtNtNtCsesBmcNWMgiO_6rustls6crypto4hmac3Key4sign
FNF:10
FNH:10
DA:41,36
DA:42,36
DA:43,36
DA:44,36
DA:46,6
DA:47,6
DA:48,6
DA:52,44
DA:53,44
DA:54,44
DA:56,78
DA:57,78
DA:58,78
DA:59,360
DA:60,282
DA:61,282
DA:62,78
DA:63,78
DA:64,78
DA:65,78
DA:66,78
DA:68,94
DA:69,94
DA:70,94
DA:75,60
DA:76,60
DA:77,60
DA:78,60
DA:80,12
DA:81,12
DA:82,12
DA:86,34
DA:87,34
DA:88,34
DA:90,102
DA:91,102
DA:92,102
DA:93,558
DA:94,456
DA:95,456
DA:96,102
DA:97,102
DA:98,102
DA:99,102
DA:100,102
DA:102,176
DA:103,176
DA:104,176
BRF:0
BRH:0
LF:48
LH:48
end_of_record
SF:C:\Code\rustls-symcrypt\rustls-symcrypt\src\lib.rs
FN:173,_RNvCs6G3VJIBeoZf_15rustls_symcrypt25default_symcrypt_provider
FN:304,_RNvXCs6G3VJIBeoZf_15rustls_symcryptNtB2_8SymCryptNtNtCsesBmcNWMgiO_6rustls6crypto12SecureRandom4fill
FN:197,_RNvCs6G3VJIBeoZf_15rustls_symcrypt24custom_symcrypt_provider
FN:300,_RNvXs_Cs6G3VJIBeoZf_15rustls_symcryptNtB4_8SymCryptNtNtCsiBaDUsXeAwp_4core3fmt5Debug3fmtB4_
FN:314,_RNCNvNtCsjUkNKz8v5xV_15rustls_symcrypt4test18test_secure_random0B5_
FN:315,_RNvNtCsjUkNKz8v5xV_15rustls_symcrypt4tests_18test_secure_random
FN:300,_RNvXs_CsjUkNKz8v5xV_15rustls_symcryptNtB4_8SymCryptNtNtCsiBaDUsXeAwp_4core3fmt5Debug3fmtB4_
FN:173,_RNvCsjUkNKz8v5xV_15rustls_symcrypt25default_symcrypt_provider
FN:197,_RNvCsjUkNKz8v5xV_15rustls_symcrypt24custom_symcrypt_provider
FN:304,_RNvXCsjUkNKz8v5xV_15rustls_symcryptNtB2_8SymCryptNtNtCsesBmcNWMgiO_6rustls6crypto12SecureRandom4fill
FNDA:1,_RNvCs6G3VJIBeoZf_15rustls_symcrypt25default_symcrypt_provider
FNDA:24,_RNvXCs6G3VJIBeoZf_15rustls_symcryptNtB2_8SymCryptNtNtCsesBmcNWMgiO_6rustls6crypto12SecureRandom4fill
FNDA:8,_RNvCs6G3VJIBeoZf_15rustls_symcrypt24custom_symcrypt_provider
FNDA:0,_RNvXs_Cs6G3VJIBeoZf_15rustls_symcryptNtB4_8SymCryptNtNtCsiBaDUsXeAwp_4core3fmt5Debug3fmtB4_
FNDA:1,_RNCNvNtCsjUkNKz8v5xV_15rustls_symcrypt4test18test_secure_random0B5_
FNDA:1,_RNvNtCsjUkNKz8v5xV_15rustls_symcrypt4tests_18test_secure_random
FNDA:0,_RNvXs_CsjUkNKz8v5xV_15rustls_symcryptNtB4_8SymCryptNtNtCsiBaDUsXeAwp_4core3fmt5Debug3fmtB4_
FNDA:0,_RNvCsjUkNKz8v5xV_15rustls_symcrypt25default_symcrypt_provider
FNDA:0,_RNvCsjUkNKz8v5xV_15rustls_symcrypt24custom_symcrypt_provider
FNDA:2,_RNvXCsjUkNKz8v5xV_15rustls_symcryptNtB2_8SymCryptNtNtCsesBmcNWMgiO_6rustls6crypto12SecureRandom4fill
FNF:6
FNH:5
DA:173,1
DA:174,1
DA:175,1
DA:176,1
DA:177,1
DA:178,1
DA:179,1
DA:180,1
DA:181,1
DA:197,8
DA:198,8
DA:199,8
DA:200,8
DA:201,8
DA:202,8
DA:203,0
DA:206,8
DA:207,8
DA:208,0
DA:211,8
DA:212,8
DA:213,8
DA:214,8
DA:215,8
DA:216,8
DA:217,8
DA:218,8
DA:300,0
DA:304,26
DA:305,26
DA:306,26
DA:307,26
DA:314,1
DA:315,1
DA:316,1
DA:317,1
DA:318,1
DA:319,1
DA:320,1
DA:321,1
DA:322,1
DA:323,1
DA:324,1
BRF:0
BRH:0
LF:43
LH:40
end_of_record
SF:C:\Code\rustls-symcrypt\rustls-symcrypt\src\signer.rs
FN:16,_RNvXNtCs6G3VJIBeoZf_15rustls_symcrypt6signerNtB2_4RingNtNtCsesBmcNWMgiO_6rustls6crypto11KeyProvider16load_private_key
FN:9,_RNvXs_NtCs6G3VJIBeoZf_15rustls_symcrypt6signerNtB4_4RingNtNtCsiBaDUsXeAwp_4core3fmt5Debug3fmtB6_
FN:16,_RNvXNtCsjUkNKz8v5xV_15rustls_symcrypt6signerNtB2_4RingNtNtCsesBmcNWMgiO_6rustls6crypto11KeyProvider16load_private_key
FN:9,_RNvXs_NtCsjUkNKz8v5xV_15rustls_symcrypt6signerNtB4_4RingNtNtCsiBaDUsXeAwp_4core3fmt5Debug3fmtB6_
FNDA:0,_RNvXNtCs6G3VJIBeoZf_15rustls_symcrypt6signerNtB2_4RingNtNtCsesBmcNWMgiO_6rustls6crypto11KeyProvider16load_private_key
FNDA:0,_RNvXs_NtCs6G3VJIBeoZf_15rustls_symcrypt6signerNtB4_4RingNtNtCsiBaDUsXeAwp_4core3fmt5Debug3fmtB6_
FNDA:0,_RNvXNtCsjUkNKz8v5xV_15rustls_symcrypt6signerNtB2_4RingNtNtCsesBmcNWMgiO_6rustls6crypto11KeyProvider16load_private_key
FNDA:0,_RNvXs_NtCsjUkNKz8v5xV_15rustls_symcrypt6signerNtB4_4RingNtNtCsiBaDUsXeAwp_4core3fmt5Debug3fmtB6_
FNF:2
FNH:0
DA:9,0
DA:16,0
DA:17,0
DA:18,0
DA:19,0
DA:20,0
DA:21,0
BRF:0
BRH:0
LF:7
LH:0
end_of_record
SF:C:\Code\rustls-symcrypt\rustls-symcrypt\src\tls12.rs
FN:242,_RNvXs1_NtCs6G3VJIBeoZf_15rustls_symcrypt5tls12NtB5_8Tls12GcmNtNtNtCsesBmcNWMgiO_6rustls6crypto6cipher18Tls12AeadAlgorithm15key_block_shape
FN:216,_RNvXs1_NtCs6G3VJIBeoZf_15rustls_symcrypt5tls12NtB5_8Tls12GcmNtNtNtCsesBmcNWMgiO_6rustls6crypto6cipher18Tls12AeadAlgorithm9encrypter
FN:135,_RNvXs_NtCs6G3VJIBeoZf_15rustls_symcrypt5tls12NtB4_21Tls12ChaCha20Poly1305NtNtNtCsesBmcNWMgiO_6rustls6crypto6cipher16MessageEncrypter21encrypted_payload_len
FN:67,_RNvXNtCs6G3VJIBeoZf_15rustls_symcrypt5tls12NtB2_11Tls12ChaChaNtNtNtCsesBmcNWMgiO_6rustls6crypto6cipher18Tls12AeadAlgorithm15key_block_shape
FN:250,_RNvXs1_NtCs6G3VJIBeoZf_15rustls_symcrypt5tls12NtB5_8Tls12GcmNtNtNtCsesBmcNWMgiO_6rustls6crypto6cipher18Tls12AeadAlgorithm12extract_keys
FN:281,_RNvXs2_NtCs6G3VJIBeoZf_15rustls_symcrypt5tls12NtB5_12Gcm12EncryptNtNtNtCsesBmcNWMgiO_6rustls6crypto6cipher16MessageEncrypter7encrypt
FN:310,_RNvXs2_NtCs6G3VJIBeoZf_15rustls_symcrypt5tls12NtB5_12Gcm12EncryptNtNtNtCsesBmcNWMgiO_6rustls6crypto6cipher16MessageEncrypter21encrypted_payload_len
FN:322,_RNvXs3_NtCs6G3VJIBeoZf_15rustls_symcrypt5tls12NtB5_12Gcm12DecryptNtNtNtCsesBmcNWMgiO_6rustls6crypto6cipher16MessageDecrypter7decrypt
FN:75,_RNvXNtCs6G3VJIBeoZf_15rustls_symcrypt5tls12NtB2_11Tls12ChaChaNtNtNtCsesBmcNWMgiO_6rustls6crypto6cipher18Tls12AeadAlgorithm12extract_keys
FN:148,_RNvXs0_NtCs6G3VJIBeoZf_15rustls_symcrypt5tls12NtB5_21Tls12ChaCha20Poly1305NtNtNtCsesBmcNWMgiO_6rustls6crypto6cipher16MessageDecrypter7decrypt
FN:43,_RNvXNtCs6G3VJIBeoZf_15rustls_symcrypt5tls12NtB2_11Tls12ChaChaNtNtNtCsesBmcNWMgiO_6rustls6crypto6cipher18Tls12AeadAlgorithm9encrypter
FN:230,_RNvXs1_NtCs6G3VJIBeoZf_15rustls_symcrypt5tls12NtB5_8Tls12GcmNtNtNtCsesBmcNWMgiO_6rustls6crypto6cipher18Tls12AeadAlgorithm9decrypter
FN:97,_RNvXs_NtCs6G3VJIBeoZf_15rustls_symcrypt5tls12NtB4_21Tls12ChaCha20Poly1305NtNtNtCsesBmcNWMgiO_6rustls6crypto6cipher16MessageEncrypter7encrypt
FN:55,_RNvXNtCs6G3VJIBeoZf_15rustls_symcrypt5tls12NtB2_11Tls12ChaChaNtNtNtCsesBmcNWMgiO_6rustls6crypto6cipher18Tls12AeadAlgorithm9decrypter
FN:242,_RNvXs1_NtCsjUkNKz8v5xV_15rustls_symcrypt5tls12NtB5_8Tls12GcmNtNtNtCsesBmcNWMgiO_6rustls6crypto6cipher18Tls12AeadAlgorithm15key_block_shape
FN:216,_RNvXs1_NtCsjUkNKz8v5xV_15rustls_symcrypt5tls12NtB5_8Tls12GcmNtNtNtCsesBmcNWMgiO_6rustls6crypto6cipher18Tls12AeadAlgorithm9encrypter
FN:135,_RNvXs_NtCsjUkNKz8v5xV_15rustls_symcrypt5tls12NtB4_21Tls12ChaCha20Poly1305NtNtNtCsesBmcNWMgiO_6rustls6crypto6cipher16MessageEncrypter21encrypted_payload_len
FN:67,_RNvXNtCsjUkNKz8v5xV_15rustls_symcrypt5tls12NtB2_11Tls12ChaChaNtNtNtCsesBmcNWMgiO_6rustls6crypto6cipher18Tls12AeadAlgorithm15key_block_shape
FN:250,_RNvXs1_NtCsjUkNKz8v5xV_15rustls_symcrypt5tls12NtB5_8Tls12GcmNtNtNtCsesBmcNWMgiO_6rustls6crypto6cipher18Tls12AeadAlgorithm12extract_keys
FN:281,_RNvXs2_NtCsjUkNKz8v5xV_15rustls_symcrypt5tls12NtB5_12Gcm12EncryptNtNtNtCsesBmcNWMgiO_6rustls6crypto6cipher16MessageEncrypter7encrypt
FN:310,_RNvXs2_NtCsjUkNKz8v5xV_15rustls_symcrypt5tls12NtB5_12Gcm12EncryptNtNtNtCsesBmcNWMgiO_6rustls6crypto6cipher16MessageEncrypter21encrypted_payload_len
FN:322,_RNvXs3_NtCsjUkNKz8v5xV_15rustls_symcrypt5tls12NtB5_12Gcm12DecryptNtNtNtCsesBmcNWMgiO_6rustls6crypto6cipher16MessageDecrypter7decrypt
FN:75,_RNvXNtCsjUkNKz8v5xV_15rustls_symcrypt5tls12NtB2_11Tls12ChaChaNtNtNtCsesBmcNWMgiO_6rustls6crypto6cipher18Tls12AeadAlgorithm12extract_keys
FN:148,_RNvXs0_NtCsjUkNKz8v5xV_15rustls_symcrypt5tls12NtB5_21Tls12ChaCha20Poly1305NtNtNtCsesBmcNWMgiO_6rustls6crypto6cipher16MessageDecrypter7decrypt
FN:43,_RNvXNtCsjUkNKz8v5xV_15rustls_symcrypt5tls12NtB2_11Tls12ChaChaNtNtNtCsesBmcNWMgiO_6rustls6crypto6cipher18Tls12AeadAlgorithm9encrypter
FN:230,_RNvXs1_NtCsjUkNKz8v5xV_15rustls_symcrypt5tls12NtB5_8Tls12GcmNtNtNtCsesBmcNWMgiO_6rustls6crypto6cipher18Tls12AeadAlgorithm9decrypter
FN:97,_RNvXs_NtCsjUkNKz8v5xV_15rustls_symcrypt5tls12NtB4_21Tls12ChaCha20Poly1305NtNtNtCsesBmcNWMgiO_6rustls6crypto6cipher16MessageEncrypter7encrypt
FN:55,_RNvXNtCsjUkNKz8v5xV_15rustls_symcrypt5tls12NtB2_11Tls12ChaChaNtNtNtCsesBmcNWMgiO_6rustls6crypto6cipher18Tls12AeadAlgorithm9decrypter
FNDA:4,_RNvXs1_NtCs6G3VJIBeoZf_15rustls_symcrypt5tls12NtB5_8Tls12GcmNtNtNtCsesBmcNWMgiO_6rustls6crypto6cipher18Tls12AeadAlgorithm15key_block_shape
FNDA:2,_RNvXs1_NtCs6G3VJIBeoZf_15rustls_symcrypt5tls12NtB5_8Tls12GcmNtNtNtCsesBmcNWMgiO_6rustls6crypto6cipher18Tls12AeadAlgorithm9encrypter
FNDA:3,_RNvXs_NtCs6G3VJIBeoZf_15rustls_symcrypt5tls12NtB4_21Tls12ChaCha20Poly1305NtNtNtCsesBmcNWMgiO_6rustls6crypto6cipher16MessageEncrypter21encrypted_payload_len
FNDA:2,_RNvXNtCs6G3VJIBeoZf_15rustls_symcrypt5tls12NtB2_11Tls12ChaChaNtNtNtCsesBmcNWMgiO_6rustls6crypto6cipher18Tls12AeadAlgorithm15key_block_shape
FNDA:0,_RNvXs1_NtCs6G3VJIBeoZf_15rustls_symcrypt5tls12NtB5_8Tls12GcmNtNtNtCsesBmcNWMgiO_6rustls6crypto6cipher18Tls12AeadAlgorithm12extract_keys
FNDA:6,_RNvXs2_NtCs6G3VJIBeoZf_15rustls_symcrypt5tls12NtB5_12Gcm12EncryptNtNtNtCsesBmcNWMgiO_6rustls6crypto6cipher16MessageEncrypter7encrypt
FNDA:6,_RNvXs2_NtCs6G3VJIBeoZf_15rustls_symcrypt5tls12NtB5_12Gcm12EncryptNtNtNtCsesBmcNWMgiO_6rustls6crypto6cipher16MessageEncrypter21encrypted_payload_len
FNDA:2,_RNvXs3_NtCs6G3VJIBeoZf_15rustls_symcrypt5tls12NtB5_12Gcm12DecryptNtNtNtCsesBmcNWMgiO_6rustls6crypto6cipher16MessageDecrypter7decrypt
FNDA:0,_RNvXNtCs6G3VJIBeoZf_15rustls_symcrypt5tls12NtB2_11Tls12ChaChaNtNtNtCsesBmcNWMgiO_6rustls6crypto6cipher18Tls12AeadAlgorithm12extract_keys
FNDA:1,_RNvXs0_NtCs6G3VJIBeoZf_15rustls_symcrypt5tls12NtB5_21Tls12ChaCha20Poly1305NtNtNtCsesBmcNWMgiO_6rustls6crypto6cipher16MessageDecrypter7decrypt
FNDA:1,_RNvXNtCs6G3VJIBeoZf_15rustls_symcrypt5tls12NtB2_11Tls12ChaChaNtNtNtCsesBmcNWMgiO_6rustls6crypto6cipher18Tls12AeadAlgorithm9encrypter
FNDA:2,_RNvXs1_NtCs6G3VJIBeoZf_15rustls_symcrypt5tls12NtB5_8Tls12GcmNtNtNtCsesBmcNWMgiO_6rustls6crypto6cipher18Tls12AeadAlgorithm9decrypter
FNDA:3,_RNvXs_NtCs6G3VJIBeoZf_15rustls_symcrypt5tls12NtB4_21Tls12ChaCha20Poly1305NtNtNtCsesBmcNWMgiO_6rustls6crypto6cipher16MessageEncrypter7encrypt
FNDA:1,_RNvXNtCs6G3VJIBeoZf_15rustls_symcrypt5tls12NtB2_11Tls12ChaChaNtNtNtCsesBmcNWMgiO_6rustls6crypto6cipher18Tls12AeadAlgorithm9decrypter
FNDA:0,_RNvXs1_NtCsjUkNKz8v5xV_15rustls_symcrypt5tls12NtB5_8Tls12GcmNtNtNtCsesBmcNWMgiO_6rustls6crypto6cipher18Tls12AeadAlgorithm15key_block_shape
FNDA:0,_RNvXs1_NtCsjUkNKz8v5xV_15rustls_symcrypt5tls12NtB5_8Tls12GcmNtNtNtCsesBmcNWMgiO_6rustls6crypto6cipher18Tls12AeadAlgorithm9encrypter
FNDA:0,_RNvXs_NtCsjUkNKz8v5xV_15rustls_symcrypt5tls12NtB4_21Tls12ChaCha20Poly1305NtNtNtCsesBmcNWMgiO_6rustls6crypto6cipher16MessageEncrypter21encrypted_payload_len
FNDA:0,_RNvXNtCsjUkNKz8v5xV_15rustls_symcrypt5tls12NtB2_11Tls12ChaChaNtNtNtCsesBmcNWMgiO_6rustls6crypto6cipher18Tls12AeadAlgorithm15key_block_shape
FNDA:0,_RNvXs1_NtCsjUkNKz8v5xV_15rustls_symcrypt5tls12NtB5_8Tls12GcmNtNtNtCsesBmcNWMgiO_6rustls6crypto6cipher18Tls12AeadAlgorithm12extract_keys
FNDA:0,_RNvXs2_NtCsjUkNKz8v5xV_15rustls_symcrypt5tls12NtB5_12Gcm12EncryptNtNtNtCsesBmcNWMgiO_6rustls6crypto6cipher16MessageEncrypter7encrypt
FNDA:0,_RNvXs2_NtCsjUkNKz8v5xV_15rustls_symcrypt5tls12NtB5_12Gcm12EncryptNtNtNtCsesBmcNWMgiO_6rustls6crypto6cipher16MessageEncrypter21encrypted_payload_len
FNDA:0,_RNvXs3_NtCsjUkNKz8v5xV_15rustls_symcrypt5tls12NtB5_12Gcm12DecryptNtNtNtCsesBmcNWMgiO_6rustls6crypto6cipher16MessageDecrypter7decrypt
FNDA:0,_RNvXNtCsjUkNKz8v5xV_15rustls_symcrypt5tls12NtB2_11Tls12ChaChaNtNtNtCsesBmcNWMgiO_6rustls6crypto6cipher18Tls12AeadAlgorithm12extract_keys
FNDA:0,_RNvXs0_NtCsjUkNKz8v5xV_15rustls_symcrypt5tls12NtB5_21Tls12ChaCha20Poly1305NtNtNtCsesBmcNWMgiO_6rustls6crypto6cipher16MessageDecrypter7decrypt
FNDA:0,_RNvXNtCsjUkNKz8v5xV_15rustls_symcrypt5tls12NtB2_11Tls12ChaChaNtNtNtCsesBmcNWMgiO_6rustls6crypto6cipher18Tls12AeadAlgorithm9encrypter
FNDA:0,_RNvXs1_NtCsjUkNKz8v5xV_15rustls_symcrypt5tls12NtB5_8Tls12GcmNtNtNtCsesBmcNWMgiO_6rustls6crypto6cipher18Tls12AeadAlgorithm9decrypter
FNDA:0,_RNvXs_NtCsjUkNKz8v5xV_15rustls_symcrypt5tls12NtB4_21Tls12ChaCha20Poly1305NtNtNtCsesBmcNWMgiO_6rustls6crypto6cipher16MessageEncrypter7encrypt
FNDA:0,_RNvXNtCsjUkNKz8v5xV_15rustls_symcrypt5tls12NtB2_11Tls12ChaChaNtNtNtCsesBmcNWMgiO_6rustls6crypto6cipher18Tls12AeadAlgorithm9decrypter
FNF:14
FNH:12
DA:43,1
DA:44,1
DA:46,1
DA:47,1
DA:48,1
DA:49,1
DA:50,1
DA:51,1
DA:52,1
DA:53,1
DA:55,1
DA:56,1
DA:58,1
DA:59,1
DA:60,1
DA:61,1
DA:62,1
DA:63,1
DA:64,1
DA:65,1
DA:67,2
DA:68,2
DA:69,2
DA:70,2
DA:71,2
DA:72,2
DA:73,2
DA:75,0
DA:76,0
DA:77,0
DA:78,0
DA:79,0
DA:80,0
DA:81,0
DA:82,0
DA:83,0
DA:84,0
DA:85,0
DA:86,0
DA:97,3
DA:98,3
DA:99,3
DA:100,3
DA:101,3
DA:102,3
DA:103,3
DA:104,3
DA:105,3
DA:106,3
DA:107,3
DA:108,3
DA:109,3
DA:110,3
DA:111,3
DA:112,3
DA:113,3
DA:114,3
DA:115,3
DA:116,3
DA:117,3
DA:118,3
DA:119,3
DA:120,3
DA:122,3
DA:123,3
DA:125,0
DA:126,0
DA:127,0
DA:128,0
DA:129,0
DA:130,0
DA:133,3
DA:135,3
DA:136,3
DA:137,3
DA:148,1
DA:149,1
DA:150,1
DA:151,1
DA:152,1
DA:153,1
DA:154,1
DA:155,1
DA:156,0
DA:157,1
DA:158,1
DA:159,1
DA:160,1
DA:161,1
DA:162,1
DA:163,1
DA:164,1
DA:165,1
DA:166,1
DA:167,1
DA:168,1
DA:169,1
DA:170,1
DA:171,1
DA:172,1
DA:173,1
DA:175,1
DA:176,1
DA:178,0
DA:179,0
DA:180,0
DA:181,0
DA:182,0
DA:183,0
DA:186,1
DA:216,2
DA:217,2
DA:218,2
DA:219,2
DA:220,2
DA:221,2
DA:222,2
DA:223,2
DA:224,2
DA:225,2
DA:226,2
DA:227,2
DA:228,2
DA:230,2
DA:231,2
DA:232,2
DA:233,2
DA:234,2
DA:235,2
DA:236,2
DA:237,2
DA:238,2
DA:239,2
DA:240,2
DA:242,4
DA:243,4
DA:244,4
DA:245,4
DA:246,4
DA:247,4
DA:248,4
DA:250,0
DA:251,0
DA:252,0
DA:253,0
DA:254,0
DA:255,0
DA:256,0
DA:257,0
DA:258,0
DA:259,0
DA:260,0
DA:261,0
DA:262,0
DA:263,0
DA:264,0
DA:265,0
DA:266,0
DA:267,0
DA:268,0
DA:269,0
DA:271,0
DA:281,6
DA:282,6
DA:283,6
DA:284,6
DA:285,6
DA:286,6
DA:287,6
DA:288,6
DA:289,6
DA:290,6
DA:291,6
DA:292,6
DA:293,6
DA:294,6
DA:295,6
DA:296,6
DA:297,6
DA:298,6
DA:299,6
DA:300,6
DA:301,6
DA:302,6
DA:303,6
DA:304,6
DA:305,6
DA:306,6
DA:307,6
DA:308,6
DA:310,6
DA:311,6
DA:312,6
DA:322,2
DA:323,2
DA:324,2
DA:325,2
DA:326,2
DA:327,2
DA:328,2
DA:329,2
DA:330,0
DA:331,2
DA:332,2
DA:333,2
DA:334,2
DA:335,2
DA:336,2
DA:337,2
DA:338,2
DA:339,2
DA:340,2
DA:341,2
DA:342,2
DA:343,2
DA:344,2
DA:345,2
DA:346,2
DA:347,2
DA:348,2
DA:349,2
DA:350,2
DA:351,2
DA:352,2
DA:353,2
DA:354,2
DA:355,2
DA:359,2
DA:360,2
DA:361,2
DA:362,2
DA:363,2
DA:364,2
DA:365,2
DA:366,2
DA:368,0
DA:369,0
DA:370,0
DA:371,0
DA:372,0
DA:373,0
DA:376,2
BRF:0
BRH:0
LF:242
LH:189
end_of_record
SF:C:\Code\rustls-symcrypt\rustls-symcrypt\src\tls13.rs
FN:214,_RNvXs1_NtCs6G3VJIBeoZf_15rustls_symcrypt5tls13NtB5_8Tls13GcmNtNtNtCsesBmcNWMgiO_6rustls6crypto6cipher18Tls13AeadAlgorithm9decrypter
FN:222,_RNvXs1_NtCs6G3VJIBeoZf_15rustls_symcrypt5tls13NtB5_8Tls13GcmNtNtNtCsesBmcNWMgiO_6rustls6crypto6cipher18Tls13AeadAlgorithm7key_len
FN:286,_RNvXs2_NtCs6G3VJIBeoZf_15rustls_symcrypt5tls13NtB5_13Tls13GcmStateNtNtNtCsesBmcNWMgiO_6rustls6crypto6cipher16MessageEncrypter21encrypted_payload_len
FN:226,_RNvXs1_NtCs6G3VJIBeoZf_15rustls_symcrypt5tls13NtB5_8Tls13GcmNtNtNtCsesBmcNWMgiO_6rustls6crypto6cipher18Tls13AeadAlgorithm12extract_keys
FN:81,_RNvXs_NtCs6G3VJIBeoZf_15rustls_symcrypt5tls13NtB4_21Tls13ChaCha20Poly1305NtNtNtCsesBmcNWMgiO_6rustls6crypto6cipher16MessageEncrypter7encrypt
FN:49,_RNvXNtCs6G3VJIBeoZf_15rustls_symcrypt5tls13NtB2_11Tls13ChaChaNtNtNtCsesBmcNWMgiO_6rustls6crypto6cipher18Tls13AeadAlgorithm9decrypter
FN:298,_RNvXs3_NtCs6G3VJIBeoZf_15rustls_symcrypt5tls13NtB5_13Tls13GcmStateNtNtNtCsesBmcNWMgiO_6rustls6crypto6cipher16MessageDecrypter7decrypt
FN:246,_RNvXs2_NtCs6G3VJIBeoZf_15rustls_symcrypt5tls13NtB5_13Tls13GcmStateNtNtNtCsesBmcNWMgiO_6rustls6crypto6cipher16MessageEncrypter7encrypt
FN:131,_RNvXs_NtCs6G3VJIBeoZf_15rustls_symcrypt5tls13NtB4_21Tls13ChaCha20Poly1305NtNtNtCsesBmcNWMgiO_6rustls6crypto6cipher16MessageEncrypter21encrypted_payload_len
FN:60,_RNvXNtCs6G3VJIBeoZf_15rustls_symcrypt5tls13NtB2_11Tls13ChaChaNtNtNtCsesBmcNWMgiO_6rustls6crypto6cipher18Tls13AeadAlgorithm7key_len
FN:206,_RNvXs1_NtCs6G3VJIBeoZf_15rustls_symcrypt5tls13NtB5_8Tls13GcmNtNtNtCsesBmcNWMgiO_6rustls6crypto6cipher18Tls13AeadAlgorithm9encrypter
FN:64,_RNvXNtCs6G3VJIBeoZf_15rustls_symcrypt5tls13NtB2_11Tls13ChaChaNtNtNtCsesBmcNWMgiO_6rustls6crypto6cipher18Tls13AeadAlgorithm12extract_keys
FN:144,_RNvXs0_NtCs6G3VJIBeoZf_15rustls_symcrypt5tls13NtB5_21Tls13ChaCha20Poly1305NtNtNtCsesBmcNWMgiO_6rustls6crypto6cipher16MessageDecrypter7decrypt
FN:38,_RNvXNtCs6G3VJIBeoZf_15rustls_symcrypt5tls13NtB2_11Tls13ChaChaNtNtNtCsesBmcNWMgiO_6rustls6crypto6cipher18Tls13AeadAlgorithm9encrypter
FN:214,_RNvXs1_NtCsjUkNKz8v5xV_15rustls_symcrypt5tls13NtB5_8Tls13GcmNtNtNtCsesBmcNWMgiO_6rustls6crypto6cipher18Tls13AeadAlgorithm9decrypter
FN:222,_RNvXs1_NtCsjUkNKz8v5xV_15rustls_symcrypt5tls13NtB5_8Tls13GcmNtNtNtCsesBmcNWMgiO_6rustls6crypto6cipher18Tls13AeadAlgorithm7key_len
FN:286,_RNvXs2_NtCsjUkNKz8v5xV_15rustls_symcrypt5tls13NtB5_13Tls13GcmStateNtNtNtCsesBmcNWMgiO_6rustls6crypto6cipher16MessageEncrypter21encrypted_payload_len
FN:226,_RNvXs1_NtCsjUkNKz8v5xV_15rustls_symcrypt5tls13NtB5_8Tls13GcmNtNtNtCsesBmcNWMgiO_6rustls6crypto6cipher18Tls13AeadAlgorithm12extract_keys
FN:81,_RNvXs_NtCsjUkNKz8v5xV_15rustls_symcrypt5tls13NtB4_21Tls13ChaCha20Poly1305NtNtNtCsesBmcNWMgiO_6rustls6crypto6cipher16MessageEncrypter7encrypt
FN:49,_RNvXNtCsjUkNKz8v5xV_15rustls_symcrypt5tls13NtB2_11Tls13ChaChaNtNtNtCsesBmcNWMgiO_6rustls6crypto6cipher18Tls13AeadAlgorithm9decrypter
FN:298,_RNvXs3_NtCsjUkNKz8v5xV_15rustls_symcrypt5tls13NtB5_13Tls13GcmStateNtNtNtCsesBmcNWMgiO_6rustls6crypto6cipher16MessageDecrypter7decrypt
FN:246,_RNvXs2_NtCsjUkNKz8v5xV_15rustls_symcrypt5tls13NtB5_13Tls13GcmStateNtNtNtCsesBmcNWMgiO_6rustls6crypto6cipher16MessageEncrypter7encrypt
FN:131,_RNvXs_NtCsjUkNKz8v5xV_15rustls_symcrypt5tls13NtB4_21Tls13ChaCha20Poly1305NtNtNtCsesBmcNWMgiO_6rustls6crypto6cipher16MessageEncrypter21encrypted_payload_len
FN:60,_RNvXNtCsjUkNKz8v5xV_15rustls_symcrypt5tls13NtB2_11Tls13ChaChaNtNtNtCsesBmcNWMgiO_6rustls6crypto6cipher18Tls13AeadAlgorithm7key_len
FN:206,_RNvXs1_NtCsjUkNKz8v5xV_15rustls_symcrypt5tls13NtB5_8Tls13GcmNtNtNtCsesBmcNWMgiO_6rustls6crypto6cipher18Tls13AeadAlgorithm9encrypter
FN:64,_RNvXNtCsjUkNKz8v5xV_15rustls_symcrypt5tls13NtB2_11Tls13ChaChaNtNtNtCsesBmcNWMgiO_6rustls6crypto6cipher18Tls13AeadAlgorithm12extract_keys
FN:144,_RNvXs0_NtCsjUkNKz8v5xV_15rustls_symcrypt5tls13NtB5_21Tls13ChaCha20Poly1305NtNtNtCsesBmcNWMgiO_6rustls6crypto6cipher16MessageDecrypter7decrypt
FN:38,_RNvXNtCsjUkNKz8v5xV_15rustls_symcrypt5tls13NtB2_11Tls13ChaChaNtNtNtCsesBmcNWMgiO_6rustls6crypto6cipher18Tls13AeadAlgorithm9encrypter
FNDA:10,_RNvXs1_NtCs6G3VJIBeoZf_15rustls_symcrypt5tls13NtB5_8Tls13GcmNtNtNtCsesBmcNWMgiO_6rustls6crypto6cipher18Tls13AeadAlgorithm9decrypter
FNDA:20,_RNvXs1_NtCs6G3VJIBeoZf_15rustls_symcrypt5tls13NtB5_8Tls13GcmNtNtNtCsesBmcNWMgiO_6rustls6crypto6cipher18Tls13AeadAlgorithm7key_len
FNDA:15,_RNvXs2_NtCs6G3VJIBeoZf_15rustls_symcrypt5tls13NtB5_13Tls13GcmStateNtNtNtCsesBmcNWMgiO_6rustls6crypto6cipher16MessageEncrypter21encrypted_payload_len
FNDA:0,_RNvXs1_NtCs6G3VJIBeoZf_15rustls_symcrypt5tls13NtB5_8Tls13GcmNtNtNtCsesBmcNWMgiO_6rustls6crypto6cipher18Tls13AeadAlgorithm12extract_keys
FNDA:3,_RNvXs_NtCs6G3VJIBeoZf_15rustls_symcrypt5tls13NtB4_21Tls13ChaCha20Poly1305NtNtNtCsesBmcNWMgiO_6rustls6crypto6cipher16MessageEncrypter7encrypt
FNDA:2,_RNvXNtCs6G3VJIBeoZf_15rustls_symcrypt5tls13NtB2_11Tls13ChaChaNtNtNtCsesBmcNWMgiO_6rustls6crypto6cipher18Tls13AeadAlgorithm9decrypter
FNDA:20,_RNvXs3_NtCs6G3VJIBeoZf_15rustls_symcrypt5tls13NtB5_13Tls13GcmStateNtNtNtCsesBmcNWMgiO_6rustls6crypto6cipher16MessageDecrypter7decrypt
FNDA:15,_RNvXs2_NtCs6G3VJIBeoZf_15rustls_symcrypt5tls13NtB5_13Tls13GcmStateNtNtNtCsesBmcNWMgiO_6rustls6crypto6cipher16MessageEncrypter7encrypt
FNDA:3,_RNvXs_NtCs6G3VJIBeoZf_15rustls_symcrypt5tls13NtB4_21Tls13ChaCha20Poly1305NtNtNtCsesBmcNWMgiO_6rustls6crypto6cipher16MessageEncrypter21encrypted_payload_len
FNDA:4,_RNvXNtCs6G3VJIBeoZf_15rustls_symcrypt5tls13NtB2_11Tls13ChaChaNtNtNtCsesBmcNWMgiO_6rustls6crypto6cipher18Tls13AeadAlgorithm7key_len
FNDA:10,_RNvXs1_NtCs6G3VJIBeoZf_15rustls_symcrypt5tls13NtB5_8Tls13GcmNtNtNtCsesBmcNWMgiO_6rustls6crypto6cipher18Tls13AeadAlgorithm9encrypter
FNDA:0,_RNvXNtCs6G3VJIBeoZf_15rustls_symcrypt5tls13NtB2_11Tls13ChaChaNtNtNtCsesBmcNWMgiO_6rustls6crypto6cipher18Tls13AeadAlgorithm12extract_keys
FNDA:4,_RNvXs0_NtCs6G3VJIBeoZf_15rustls_symcrypt5tls13NtB5_21Tls13ChaCha20Poly1305NtNtNtCsesBmcNWMgiO_6rustls6crypto6cipher16MessageDecrypter7decrypt
FNDA:2,_RNvXNtCs6G3VJIBeoZf_15rustls_symcrypt5tls13NtB2_11Tls13ChaChaNtNtNtCsesBmcNWMgiO_6rustls6crypto6cipher18Tls13AeadAlgorithm9encrypter
FNDA:0,_RNvXs1_NtCsjUkNKz8v5xV_15rustls_symcrypt5tls13NtB5_8Tls13GcmNtNtNtCsesBmcNWMgiO_6rustls6crypto6cipher18Tls13AeadAlgorithm9decrypter
FNDA:0,_RNvXs1_NtCsjUkNKz8v5xV_15rustls_symcrypt5tls13NtB5_8Tls13GcmNtNtNtCsesBmcNWMgiO_6rustls6crypto6cipher18Tls13AeadAlgorithm7key_len
FNDA:0,_RNvXs2_NtCsjUkNKz8v5xV_15rustls_symcrypt5tls13NtB5_13Tls13GcmStateNtNtNtCsesBmcNWMgiO_6rustls6crypto6cipher16MessageEncrypter21encrypted_payload_len
FNDA:0,_RNvXs1_NtCsjUkNKz8v5xV_15rustls_symcrypt5tls13NtB5_8Tls13GcmNtNtNtCsesBmcNWMgiO_6rustls6crypto6cipher18Tls13AeadAlgorithm12extract_keys
FNDA:0,_RNvXs_NtCsjUkNKz8v5xV_15rustls_symcrypt5tls13NtB4_21Tls13ChaCha20Poly1305NtNtNtCsesBmcNWMgiO_6rustls6crypto6cipher16MessageEncrypter7encrypt
FNDA:0,_RNvXNtCsjUkNKz8v5xV_15rustls_symcrypt5tls13NtB2_11Tls13ChaChaNtNtNtCsesBmcNWMgiO_6rustls6crypto6cipher18Tls13AeadAlgorithm9decrypter
FNDA:0,_RNvXs3_NtCsjUkNKz8v5xV_15rustls_symcrypt5tls13NtB5_13Tls13GcmStateNtNtNtCsesBmcNWMgiO_6rustls6crypto6cipher16MessageDecrypter7decrypt
FNDA:0,_RNvXs2_NtCsjUkNKz8v5xV_15rustls_symcrypt5tls13NtB5_13Tls13GcmStateNtNtNtCsesBmcNWMgiO_6rustls6crypto6cipher16MessageEncrypter7encrypt
FNDA:0,_RNvXs_NtCsjUkNKz8v5xV_15rustls_symcrypt5tls13NtB4_21Tls13ChaCha20Poly1305NtNtNtCsesBmcNWMgiO_6rustls6crypto6cipher16MessageEncrypter21encrypted_payload_len
FNDA:0,_RNvXNtCsjUkNKz8v5xV_15rustls_symcrypt5tls13NtB2_11Tls13ChaChaNtNtNtCsesBmcNWMgiO_6rustls6crypto6cipher18Tls13AeadAlgorithm7key_len
FNDA:0,_RNvXs1_NtCsjUkNKz8v5xV_15rustls_symcrypt5tls13NtB5_8Tls13GcmNtNtNtCsesBmcNWMgiO_6rustls6crypto6cipher18Tls13AeadAlgorithm9encrypter
FNDA:0,_RNvXNtCsjUkNKz8v5xV_15rustls_symcrypt5tls13NtB2_11Tls13ChaChaNtNtNtCsesBmcNWMgiO_6rustls6crypto6cipher18Tls13AeadAlgorithm12extract_keys
FNDA:0,_RNvXs0_NtCsjUkNKz8v5xV_15rustls_symcrypt5tls13NtB5_21Tls13ChaCha20Poly1305NtNtNtCsesBmcNWMgiO_6rustls6crypto6cipher16MessageDecrypter7decrypt
FNDA:0,_RNvXNtCsjUkNKz8v5xV_15rustls_symcrypt5tls13NtB2_11Tls13ChaChaNtNtNtCsesBmcNWMgiO_6rustls6crypto6cipher18Tls13AeadAlgorithm9encrypter
FNF:14
FNH:12
DA:38,2
DA:39,2
DA:40,2
DA:41,2
DA:42,2
DA:43,2
DA:44,2
DA:45,2
DA:46,2
DA:47,2
DA:49,2
DA:50,2
DA:51,2
DA:52,2
DA:53,2
DA:54,2
DA:55,2
DA:56,2
DA:57,2
DA:58,2
DA:60,4
DA:61,4
DA:62,4
DA:64,0
DA:65,0
DA:66,0
DA:67,0
DA:68,0
DA:69,0
DA:70,0
DA:81,3
DA:82,3
DA:83,3
DA:84,3
DA:85,3
DA:86,3
DA:87,3
DA:88,3
DA:89,3
DA:90,3
DA:91,3
DA:92,3
DA:93,3
DA:94,3
DA:95,3
DA:96,3
DA:97,3
DA:98,3
DA:99,3
DA:100,3
DA:101,3
DA:102,3
DA:103,3
DA:104,3
DA:105,3
DA:106,3
DA:107,3
DA:108,3
DA:109,3
DA:110,3
DA:112,3
DA:113,3
DA:114,3
DA:115,3
DA:116,3
DA:117,3
DA:118,3
DA:119,3
DA:121,0
DA:122,0
DA:123,0
DA:124,0
DA:125,0
DA:126,0
DA:129,3
DA:131,3
DA:132,3
DA:133,3
DA:144,4
DA:145,4
DA:146,4
DA:147,4
DA:148,4
DA:149,4
DA:150,4
DA:151,4
DA:152,4
DA:153,4
DA:154,0
DA:155,4
DA:156,4
DA:157,4
DA:158,4
DA:159,4
DA:160,4
DA:161,4
DA:162,4
DA:163,4
DA:164,4
DA:165,4
DA:166,4
DA:167,4
DA:168,4
DA:169,4
DA:170,4
DA:171,4
DA:173,4
DA:174,4
DA:176,0
DA:177,0
DA:178,0
DA:179,0
DA:180,0
DA:181,0
DA:184,4
DA:206,10
DA:207,10
DA:208,10
DA:209,10
DA:210,10
DA:211,10
DA:212,10
DA:214,10
DA:215,10
DA:216,10
DA:217,10
DA:218,10
DA:219,10
DA:220,10
DA:222,20
DA:223,20
DA:224,20
DA:226,0
DA:227,0
DA:228,0
DA:229,0
DA:230,0
DA:231,0
DA:232,0
DA:233,0
DA:234,0
DA:236,0
DA:246,15
DA:247,15
DA:248,15
DA:249,15
DA:250,15
DA:251,15
DA:252,15
DA:253,15
DA:254,15
DA:255,15
DA:256,15
DA:257,15
DA:258,15
DA:259,15
DA:260,15
DA:261,15
DA:262,15
DA:263,15
DA:264,15
DA:265,15
DA:266,15
DA:267,15
DA:268,15
DA:269,15
DA:270,15
DA:271,15
DA:272,15
DA:273,15
DA:274,15
DA:275,15
DA:276,15
DA:277,15
DA:278,15
DA:279,15
DA:280,15
DA:281,15
DA:282,15
DA:283,15
DA:284,15
DA:286,15
DA:287,15
DA:288,15
DA:298,20
DA:299,20
DA:300,20
DA:301,20
DA:302,20
DA:303,20
DA:304,20
DA:305,20
DA:306,0
DA:307,20
DA:308,20
DA:309,20
DA:310,20
DA:311,20
DA:312,20
DA:313,20
DA:314,20
DA:315,20
DA:316,20
DA:317,20
DA:318,20
DA:319,20
DA:322,20
DA:323,20
DA:325,0
DA:326,0
DA:327,0
DA:328,0
DA:329,0
DA:330,0
DA:333,20
BRF:0
BRH:0
LF:215
LH:178
end_of_record